---------------------------------------------------------------
[ 2019-09-15T19:19:41+08:00 ] 127.0.0.1 GET tpblog.cn/
[运行时间：0.419076s] [吞吐率：2.39req/s] [内存消耗：1,366.39kb] [文件加载：37]
[ info ] [ LANG ] D:\phpStudy\WWW\tpblog\thinkphp\lang\zh-cn.php
[ info ] [ ROUTE ] array (
  'type' => 'module',
  'module' => 
  array (
    0 => '',
    1 => NULL,
    2 => NULL,
  ),
)
[ info ] [ HEADER ] array (
  'host' => 'tpblog.cn',
  'connection' => 'keep-alive',
  'upgrade-insecure-requests' => '1',
  'user-agent' => 'Mozilla/5.0 (Windows NT 10.0; WOW64) AppleWebKit/537.36 (KHTML, like Gecko) Chrome/78.0.3887.7 Safari/537.36',
  'accept' => 'text/html,application/xhtml+xml,application/xml;q=0.9,image/webp,image/apng,*/*;q=0.8,application/signed-exchange;v=b3',
  'accept-encoding' => 'gzip, deflate',
  'accept-language' => 'zh-CN,zh;q=0.9',
  'cookie' => 'breadcrumbs-fixed=false; page-header-fixed=false; navbar-fixed-top=false; sidebar-fixed=false; pgv_pvi=2276014080; current-skin=/static/admin/css/skins/blue.min.css',
)
[ info ] [ PARAM ] array (
)
[ info ] [ RUN ] app\index\controller\Index->index[ D:\phpStudy\WWW\tpblog\application\index\controller\Index.php ]
[ info ] [ LOG ] INIT File
---------------------------------------------------------------
[ 2019-09-15T19:19:54+08:00 ] 127.0.0.1 GET tpblog.cn/admin
[运行时间：0.250585s] [吞吐率：3.99req/s] [内存消耗：1,737.12kb] [文件加载：46]
[ info ] [ LANG ] D:\phpStudy\WWW\tpblog\thinkphp\lang\zh-cn.php
[ info ] [ ROUTE ] array (
  'type' => 'module',
  'module' => 
  array (
    0 => 'admin',
    1 => 'index',
    2 => 'login',
  ),
  'convert' => false,
)
[ info ] [ HEADER ] array (
  'host' => 'tpblog.cn',
  'connection' => 'keep-alive',
  'upgrade-insecure-requests' => '1',
  'user-agent' => 'Mozilla/5.0 (Windows NT 10.0; WOW64) AppleWebKit/537.36 (KHTML, like Gecko) Chrome/78.0.3887.7 Safari/537.36',
  'accept' => 'text/html,application/xhtml+xml,application/xml;q=0.9,image/webp,image/apng,*/*;q=0.8,application/signed-exchange;v=b3',
  'purpose' => 'prefetch',
  'accept-encoding' => 'gzip, deflate',
  'accept-language' => 'zh-CN,zh;q=0.9',
  'cookie' => 'breadcrumbs-fixed=false; page-header-fixed=false; navbar-fixed-top=false; sidebar-fixed=false; pgv_pvi=2276014080; current-skin=/static/admin/css/skins/blue.min.css',
)
[ info ] [ PARAM ] array (
)
[ info ] [ SESSION ] INIT array (
  'id' => '',
  'var_session_id' => '',
  'prefix' => 'think',
  'type' => '',
  'auto_start' => true,
)
[ info ] [ RUN ] app\admin\controller\Index->login[ D:\phpStudy\WWW\tpblog\application\admin\controller\Index.php ]
[ info ] [ VIEW ] D:\phpStudy\WWW\tpblog\public/../application/admin\view\index\login.html [ array (
) ]
[ info ] [ LOG ] INIT File
---------------------------------------------------------------
[ 2019-09-15T19:19:55+08:00 ] 127.0.0.1 GET tpblog.cn/admin
[运行时间：0.049979s] [吞吐率：20.01req/s] [内存消耗：1,736.94kb] [文件加载：46]
[ info ] [ LANG ] D:\phpStudy\WWW\tpblog\thinkphp\lang\zh-cn.php
[ info ] [ ROUTE ] array (
  'type' => 'module',
  'module' => 
  array (
    0 => 'admin',
    1 => 'index',
    2 => 'login',
  ),
  'convert' => false,
)
[ info ] [ HEADER ] array (
  'host' => 'tpblog.cn',
  'connection' => 'keep-alive',
  'upgrade-insecure-requests' => '1',
  'user-agent' => 'Mozilla/5.0 (Windows NT 10.0; WOW64) AppleWebKit/537.36 (KHTML, like Gecko) Chrome/78.0.3887.7 Safari/537.36',
  'accept' => 'text/html,application/xhtml+xml,application/xml;q=0.9,image/webp,image/apng,*/*;q=0.8,application/signed-exchange;v=b3',
  'accept-encoding' => 'gzip, deflate',
  'accept-language' => 'zh-CN,zh;q=0.9',
  'cookie' => 'breadcrumbs-fixed=false; page-header-fixed=false; navbar-fixed-top=false; sidebar-fixed=false; pgv_pvi=2276014080; current-skin=/static/admin/css/skins/blue.min.css; PHPSESSID=dkv9sd009h6cp871ckqod5a6k4',
)
[ info ] [ PARAM ] array (
)
[ info ] [ SESSION ] INIT array (
  'id' => '',
  'var_session_id' => '',
  'prefix' => 'think',
  'type' => '',
  'auto_start' => true,
)
[ info ] [ RUN ] app\admin\controller\Index->login[ D:\phpStudy\WWW\tpblog\application\admin\controller\Index.php ]
[ info ] [ VIEW ] D:\phpStudy\WWW\tpblog\public/../application/admin\view\index\login.html [ array (
) ]
[ info ] [ LOG ] INIT File
---------------------------------------------------------------
[ 2019-09-15T19:19:55+08:00 ] 127.0.0.1 GET tpblog.cn/logo.jpg
[运行时间：0.078790s] [吞吐率：12.69req/s] [内存消耗：1,401.30kb] [文件加载：39]
[ info ] [ LANG ] D:\phpStudy\WWW\tpblog\thinkphp\lang\zh-cn.php
[ info ] [ ROUTE ] array (
  'type' => 'module',
  'module' => 
  array (
    0 => 'logo.jpg',
    1 => NULL,
    2 => NULL,
  ),
)
[ info ] [ HEADER ] array (
  'host' => 'tpblog.cn',
  'connection' => 'keep-alive',
  'user-agent' => 'Mozilla/5.0 (Windows NT 10.0; WOW64) AppleWebKit/537.36 (KHTML, like Gecko) Chrome/78.0.3887.7 Safari/537.36',
  'accept' => 'image/webp,image/apng,image/*,*/*;q=0.8',
  'referer' => 'http://tpblog.cn/admin',
  'accept-encoding' => 'gzip, deflate',
  'accept-language' => 'zh-CN,zh;q=0.9',
  'cookie' => 'breadcrumbs-fixed=false; page-header-fixed=false; navbar-fixed-top=false; sidebar-fixed=false; pgv_pvi=2276014080; current-skin=/static/admin/css/skins/blue.min.css; PHPSESSID=dkv9sd009h6cp871ckqod5a6k4',
)
[ info ] [ PARAM ] array (
)
[ info ] [ LOG ] INIT File
---------------------------------------------------------------
[ 2019-09-15T19:20:06+08:00 ] 127.0.0.1 GET tpblog.cn/admin/register.html
[运行时间：0.158388s] [吞吐率：6.31req/s] [内存消耗：1,737.34kb] [文件加载：46]
[ info ] [ LANG ] D:\phpStudy\WWW\tpblog\thinkphp\lang\zh-cn.php
[ info ] [ ROUTE ] array (
  'type' => 'module',
  'module' => 
  array (
    0 => 'admin',
    1 => 'index',
    2 => 'register',
  ),
  'convert' => false,
)
[ info ] [ HEADER ] array (
  'host' => 'tpblog.cn',
  'connection' => 'keep-alive',
  'upgrade-insecure-requests' => '1',
  'user-agent' => 'Mozilla/5.0 (Windows NT 10.0; WOW64) AppleWebKit/537.36 (KHTML, like Gecko) Chrome/78.0.3887.7 Safari/537.36',
  'accept' => 'text/html,application/xhtml+xml,application/xml;q=0.9,image/webp,image/apng,*/*;q=0.8,application/signed-exchange;v=b3',
  'referer' => 'http://tpblog.cn/admin',
  'accept-encoding' => 'gzip, deflate',
  'accept-language' => 'zh-CN,zh;q=0.9',
  'cookie' => 'breadcrumbs-fixed=false; page-header-fixed=false; navbar-fixed-top=false; sidebar-fixed=false; pgv_pvi=2276014080; current-skin=/static/admin/css/skins/blue.min.css; PHPSESSID=dkv9sd009h6cp871ckqod5a6k4',
)
[ info ] [ PARAM ] array (
)
[ info ] [ SESSION ] INIT array (
  'id' => '',
  'var_session_id' => '',
  'prefix' => 'think',
  'type' => '',
  'auto_start' => true,
)
[ info ] [ RUN ] app\admin\controller\Index->register[ D:\phpStudy\WWW\tpblog\application\admin\controller\Index.php ]
[ info ] [ VIEW ] D:\phpStudy\WWW\tpblog\public/../application/admin\view\index\register.html [ array (
) ]
[ info ] [ LOG ] INIT File
---------------------------------------------------------------
[ 2019-09-15T19:20:07+08:00 ] 127.0.0.1 GET tpblog.cn/admin.html
[运行时间：0.026600s] [吞吐率：37.59req/s] [内存消耗：1,737.25kb] [文件加载：46]
[ info ] [ LANG ] D:\phpStudy\WWW\tpblog\thinkphp\lang\zh-cn.php
[ info ] [ ROUTE ] array (
  'type' => 'module',
  'module' => 
  array (
    0 => 'admin',
    1 => 'index',
    2 => 'login',
  ),
  'convert' => false,
)
[ info ] [ HEADER ] array (
  'host' => 'tpblog.cn',
  'connection' => 'keep-alive',
  'upgrade-insecure-requests' => '1',
  'user-agent' => 'Mozilla/5.0 (Windows NT 10.0; WOW64) AppleWebKit/537.36 (KHTML, like Gecko) Chrome/78.0.3887.7 Safari/537.36',
  'accept' => 'text/html,application/xhtml+xml,application/xml;q=0.9,image/webp,image/apng,*/*;q=0.8,application/signed-exchange;v=b3',
  'referer' => 'http://tpblog.cn/admin/register.html',
  'accept-encoding' => 'gzip, deflate',
  'accept-language' => 'zh-CN,zh;q=0.9',
  'cookie' => 'breadcrumbs-fixed=false; page-header-fixed=false; navbar-fixed-top=false; sidebar-fixed=false; pgv_pvi=2276014080; current-skin=/static/admin/css/skins/blue.min.css; PHPSESSID=dkv9sd009h6cp871ckqod5a6k4',
)
[ info ] [ PARAM ] array (
)
[ info ] [ SESSION ] INIT array (
  'id' => '',
  'var_session_id' => '',
  'prefix' => 'think',
  'type' => '',
  'auto_start' => true,
)
[ info ] [ RUN ] app\admin\controller\Index->login[ D:\phpStudy\WWW\tpblog\application\admin\controller\Index.php ]
[ info ] [ VIEW ] D:\phpStudy\WWW\tpblog\public/../application/admin\view\index\login.html [ array (
) ]
[ info ] [ LOG ] INIT File
---------------------------------------------------------------
[ 2019-09-15T19:20:09+08:00 ] 127.0.0.1 GET tpblog.cn/admin/forget.html
[运行时间：0.064093s] [吞吐率：15.60req/s] [内存消耗：1,737.37kb] [文件加载：46]
[ info ] [ LANG ] D:\phpStudy\WWW\tpblog\thinkphp\lang\zh-cn.php
[ info ] [ ROUTE ] array (
  'type' => 'module',
  'module' => 
  array (
    0 => 'admin',
    1 => 'index',
    2 => 'forget',
  ),
  'convert' => false,
)
[ info ] [ HEADER ] array (
  'host' => 'tpblog.cn',
  'connection' => 'keep-alive',
  'upgrade-insecure-requests' => '1',
  'user-agent' => 'Mozilla/5.0 (Windows NT 10.0; WOW64) AppleWebKit/537.36 (KHTML, like Gecko) Chrome/78.0.3887.7 Safari/537.36',
  'accept' => 'text/html,application/xhtml+xml,application/xml;q=0.9,image/webp,image/apng,*/*;q=0.8,application/signed-exchange;v=b3',
  'referer' => 'http://tpblog.cn/admin.html',
  'accept-encoding' => 'gzip, deflate',
  'accept-language' => 'zh-CN,zh;q=0.9',
  'cookie' => 'breadcrumbs-fixed=false; page-header-fixed=false; navbar-fixed-top=false; sidebar-fixed=false; pgv_pvi=2276014080; current-skin=/static/admin/css/skins/blue.min.css; PHPSESSID=dkv9sd009h6cp871ckqod5a6k4',
)
[ info ] [ PARAM ] array (
)
[ info ] [ SESSION ] INIT array (
  'id' => '',
  'var_session_id' => '',
  'prefix' => 'think',
  'type' => '',
  'auto_start' => true,
)
[ info ] [ RUN ] app\admin\controller\Index->forget[ D:\phpStudy\WWW\tpblog\application\admin\controller\Index.php ]
[ info ] [ VIEW ] D:\phpStudy\WWW\tpblog\public/../application/admin\view\index\forget.html [ array (
) ]
[ info ] [ LOG ] INIT File
---------------------------------------------------------------
[ 2019-09-15T19:20:11+08:00 ] 127.0.0.1 GET tpblog.cn/admin.html
[运行时间：0.027760s] [吞吐率：36.02req/s] [内存消耗：1,737.25kb] [文件加载：46]
[ info ] [ LANG ] D:\phpStudy\WWW\tpblog\thinkphp\lang\zh-cn.php
[ info ] [ ROUTE ] array (
  'type' => 'module',
  'module' => 
  array (
    0 => 'admin',
    1 => 'index',
    2 => 'login',
  ),
  'convert' => false,
)
[ info ] [ HEADER ] array (
  'host' => 'tpblog.cn',
  'connection' => 'keep-alive',
  'upgrade-insecure-requests' => '1',
  'user-agent' => 'Mozilla/5.0 (Windows NT 10.0; WOW64) AppleWebKit/537.36 (KHTML, like Gecko) Chrome/78.0.3887.7 Safari/537.36',
  'accept' => 'text/html,application/xhtml+xml,application/xml;q=0.9,image/webp,image/apng,*/*;q=0.8,application/signed-exchange;v=b3',
  'referer' => 'http://tpblog.cn/admin/forget.html',
  'accept-encoding' => 'gzip, deflate',
  'accept-language' => 'zh-CN,zh;q=0.9',
  'cookie' => 'breadcrumbs-fixed=false; page-header-fixed=false; navbar-fixed-top=false; sidebar-fixed=false; pgv_pvi=2276014080; current-skin=/static/admin/css/skins/blue.min.css; PHPSESSID=dkv9sd009h6cp871ckqod5a6k4',
)
[ info ] [ PARAM ] array (
)
[ info ] [ SESSION ] INIT array (
  'id' => '',
  'var_session_id' => '',
  'prefix' => 'think',
  'type' => '',
  'auto_start' => true,
)
[ info ] [ RUN ] app\admin\controller\Index->login[ D:\phpStudy\WWW\tpblog\application\admin\controller\Index.php ]
[ info ] [ VIEW ] D:\phpStudy\WWW\tpblog\public/../application/admin\view\index\login.html [ array (
) ]
[ info ] [ LOG ] INIT File
---------------------------------------------------------------
[ 2019-09-15T19:20:12+08:00 ] 127.0.0.1 GET tpblog.cn/admin/register.html
[运行时间：0.025635s] [吞吐率：39.01req/s] [内存消耗：1,737.36kb] [文件加载：46]
[ info ] [ LANG ] D:\phpStudy\WWW\tpblog\thinkphp\lang\zh-cn.php
[ info ] [ ROUTE ] array (
  'type' => 'module',
  'module' => 
  array (
    0 => 'admin',
    1 => 'index',
    2 => 'register',
  ),
  'convert' => false,
)
[ info ] [ HEADER ] array (
  'host' => 'tpblog.cn',
  'connection' => 'keep-alive',
  'upgrade-insecure-requests' => '1',
  'user-agent' => 'Mozilla/5.0 (Windows NT 10.0; WOW64) AppleWebKit/537.36 (KHTML, like Gecko) Chrome/78.0.3887.7 Safari/537.36',
  'accept' => 'text/html,application/xhtml+xml,application/xml;q=0.9,image/webp,image/apng,*/*;q=0.8,application/signed-exchange;v=b3',
  'referer' => 'http://tpblog.cn/admin.html',
  'accept-encoding' => 'gzip, deflate',
  'accept-language' => 'zh-CN,zh;q=0.9',
  'cookie' => 'breadcrumbs-fixed=false; page-header-fixed=false; navbar-fixed-top=false; sidebar-fixed=false; pgv_pvi=2276014080; current-skin=/static/admin/css/skins/blue.min.css; PHPSESSID=dkv9sd009h6cp871ckqod5a6k4',
)
[ info ] [ PARAM ] array (
)
[ info ] [ SESSION ] INIT array (
  'id' => '',
  'var_session_id' => '',
  'prefix' => 'think',
  'type' => '',
  'auto_start' => true,
)
[ info ] [ RUN ] app\admin\controller\Index->register[ D:\phpStudy\WWW\tpblog\application\admin\controller\Index.php ]
[ info ] [ VIEW ] D:\phpStudy\WWW\tpblog\public/../application/admin\view\index\register.html [ array (
) ]
[ info ] [ LOG ] INIT File
---------------------------------------------------------------
[ 2019-09-15T19:20:13+08:00 ] 127.0.0.1 GET tpblog.cn/admin.html
[运行时间：0.026537s] [吞吐率：37.68req/s] [内存消耗：1,737.25kb] [文件加载：46]
[ info ] [ LANG ] D:\phpStudy\WWW\tpblog\thinkphp\lang\zh-cn.php
[ info ] [ ROUTE ] array (
  'type' => 'module',
  'module' => 
  array (
    0 => 'admin',
    1 => 'index',
    2 => 'login',
  ),
  'convert' => false,
)
[ info ] [ HEADER ] array (
  'host' => 'tpblog.cn',
  'connection' => 'keep-alive',
  'upgrade-insecure-requests' => '1',
  'user-agent' => 'Mozilla/5.0 (Windows NT 10.0; WOW64) AppleWebKit/537.36 (KHTML, like Gecko) Chrome/78.0.3887.7 Safari/537.36',
  'accept' => 'text/html,application/xhtml+xml,application/xml;q=0.9,image/webp,image/apng,*/*;q=0.8,application/signed-exchange;v=b3',
  'referer' => 'http://tpblog.cn/admin/register.html',
  'accept-encoding' => 'gzip, deflate',
  'accept-language' => 'zh-CN,zh;q=0.9',
  'cookie' => 'breadcrumbs-fixed=false; page-header-fixed=false; navbar-fixed-top=false; sidebar-fixed=false; pgv_pvi=2276014080; current-skin=/static/admin/css/skins/blue.min.css; PHPSESSID=dkv9sd009h6cp871ckqod5a6k4',
)
[ info ] [ PARAM ] array (
)
[ info ] [ SESSION ] INIT array (
  'id' => '',
  'var_session_id' => '',
  'prefix' => 'think',
  'type' => '',
  'auto_start' => true,
)
[ info ] [ RUN ] app\admin\controller\Index->login[ D:\phpStudy\WWW\tpblog\application\admin\controller\Index.php ]
[ info ] [ VIEW ] D:\phpStudy\WWW\tpblog\public/../application/admin\view\index\login.html [ array (
) ]
[ info ] [ LOG ] INIT File
---------------------------------------------------------------
[ 2019-09-15T19:20:14+08:00 ] 127.0.0.1 GET tpblog.cn/admin/register.html
[运行时间：0.027307s] [吞吐率：36.62req/s] [内存消耗：1,737.36kb] [文件加载：46]
[ info ] [ LANG ] D:\phpStudy\WWW\tpblog\thinkphp\lang\zh-cn.php
[ info ] [ ROUTE ] array (
  'type' => 'module',
  'module' => 
  array (
    0 => 'admin',
    1 => 'index',
    2 => 'register',
  ),
  'convert' => false,
)
[ info ] [ HEADER ] array (
  'host' => 'tpblog.cn',
  'connection' => 'keep-alive',
  'upgrade-insecure-requests' => '1',
  'user-agent' => 'Mozilla/5.0 (Windows NT 10.0; WOW64) AppleWebKit/537.36 (KHTML, like Gecko) Chrome/78.0.3887.7 Safari/537.36',
  'accept' => 'text/html,application/xhtml+xml,application/xml;q=0.9,image/webp,image/apng,*/*;q=0.8,application/signed-exchange;v=b3',
  'referer' => 'http://tpblog.cn/admin.html',
  'accept-encoding' => 'gzip, deflate',
  'accept-language' => 'zh-CN,zh;q=0.9',
  'cookie' => 'breadcrumbs-fixed=false; page-header-fixed=false; navbar-fixed-top=false; sidebar-fixed=false; pgv_pvi=2276014080; current-skin=/static/admin/css/skins/blue.min.css; PHPSESSID=dkv9sd009h6cp871ckqod5a6k4',
)
[ info ] [ PARAM ] array (
)
[ info ] [ SESSION ] INIT array (
  'id' => '',
  'var_session_id' => '',
  'prefix' => 'think',
  'type' => '',
  'auto_start' => true,
)
[ info ] [ RUN ] app\admin\controller\Index->register[ D:\phpStudy\WWW\tpblog\application\admin\controller\Index.php ]
[ info ] [ VIEW ] D:\phpStudy\WWW\tpblog\public/../application/admin\view\index\register.html [ array (
) ]
[ info ] [ LOG ] INIT File
---------------------------------------------------------------
[ 2019-09-15T19:20:15+08:00 ] 127.0.0.1 GET tpblog.cn/admin/forget.html
[运行时间：0.031298s] [吞吐率：31.95req/s] [内存消耗：1,737.36kb] [文件加载：46]
[ info ] [ LANG ] D:\phpStudy\WWW\tpblog\thinkphp\lang\zh-cn.php
[ info ] [ ROUTE ] array (
  'type' => 'module',
  'module' => 
  array (
    0 => 'admin',
    1 => 'index',
    2 => 'forget',
  ),
  'convert' => false,
)
[ info ] [ HEADER ] array (
  'host' => 'tpblog.cn',
  'connection' => 'keep-alive',
  'upgrade-insecure-requests' => '1',
  'user-agent' => 'Mozilla/5.0 (Windows NT 10.0; WOW64) AppleWebKit/537.36 (KHTML, like Gecko) Chrome/78.0.3887.7 Safari/537.36',
  'accept' => 'text/html,application/xhtml+xml,application/xml;q=0.9,image/webp,image/apng,*/*;q=0.8,application/signed-exchange;v=b3',
  'referer' => 'http://tpblog.cn/admin/register.html',
  'accept-encoding' => 'gzip, deflate',
  'accept-language' => 'zh-CN,zh;q=0.9',
  'cookie' => 'breadcrumbs-fixed=false; page-header-fixed=false; navbar-fixed-top=false; sidebar-fixed=false; pgv_pvi=2276014080; current-skin=/static/admin/css/skins/blue.min.css; PHPSESSID=dkv9sd009h6cp871ckqod5a6k4',
)
[ info ] [ PARAM ] array (
)
[ info ] [ SESSION ] INIT array (
  'id' => '',
  'var_session_id' => '',
  'prefix' => 'think',
  'type' => '',
  'auto_start' => true,
)
[ info ] [ RUN ] app\admin\controller\Index->forget[ D:\phpStudy\WWW\tpblog\application\admin\controller\Index.php ]
[ info ] [ VIEW ] D:\phpStudy\WWW\tpblog\public/../application/admin\view\index\forget.html [ array (
) ]
[ info ] [ LOG ] INIT File
---------------------------------------------------------------
[ 2019-09-15T19:20:16+08:00 ] 127.0.0.1 GET tpblog.cn/admin.html
[运行时间：0.029828s] [吞吐率：33.53req/s] [内存消耗：1,737.25kb] [文件加载：46]
[ info ] [ LANG ] D:\phpStudy\WWW\tpblog\thinkphp\lang\zh-cn.php
[ info ] [ ROUTE ] array (
  'type' => 'module',
  'module' => 
  array (
    0 => 'admin',
    1 => 'index',
    2 => 'login',
  ),
  'convert' => false,
)
[ info ] [ HEADER ] array (
  'host' => 'tpblog.cn',
  'connection' => 'keep-alive',
  'upgrade-insecure-requests' => '1',
  'user-agent' => 'Mozilla/5.0 (Windows NT 10.0; WOW64) AppleWebKit/537.36 (KHTML, like Gecko) Chrome/78.0.3887.7 Safari/537.36',
  'accept' => 'text/html,application/xhtml+xml,application/xml;q=0.9,image/webp,image/apng,*/*;q=0.8,application/signed-exchange;v=b3',
  'referer' => 'http://tpblog.cn/admin/forget.html',
  'accept-encoding' => 'gzip, deflate',
  'accept-language' => 'zh-CN,zh;q=0.9',
  'cookie' => 'breadcrumbs-fixed=false; page-header-fixed=false; navbar-fixed-top=false; sidebar-fixed=false; pgv_pvi=2276014080; current-skin=/static/admin/css/skins/blue.min.css; PHPSESSID=dkv9sd009h6cp871ckqod5a6k4',
)
[ info ] [ PARAM ] array (
)
[ info ] [ SESSION ] INIT array (
  'id' => '',
  'var_session_id' => '',
  'prefix' => 'think',
  'type' => '',
  'auto_start' => true,
)
[ info ] [ RUN ] app\admin\controller\Index->login[ D:\phpStudy\WWW\tpblog\application\admin\controller\Index.php ]
[ info ] [ VIEW ] D:\phpStudy\WWW\tpblog\public/../application/admin\view\index\login.html [ array (
) ]
[ info ] [ LOG ] INIT File
---------------------------------------------------------------
[ 2019-09-15T19:20:24+08:00 ] 127.0.0.1 POST tpblog.cn/admin.html
[运行时间：0.633618s] [吞吐率：1.58req/s] [内存消耗：2,888.49kb] [文件加载：56]
[ info ] [ LANG ] D:\phpStudy\WWW\tpblog\thinkphp\lang\zh-cn.php
[ info ] [ ROUTE ] array (
  'type' => 'module',
  'module' => 
  array (
    0 => 'admin',
    1 => 'index',
    2 => 'login',
  ),
  'convert' => false,
)
[ info ] [ HEADER ] array (
  'host' => 'tpblog.cn',
  'connection' => 'keep-alive',
  'content-length' => '33',
  'accept' => 'application/json, text/javascript, */*; q=0.01',
  'x-requested-with' => 'XMLHttpRequest',
  'user-agent' => 'Mozilla/5.0 (Windows NT 10.0; WOW64) AppleWebKit/537.36 (KHTML, like Gecko) Chrome/78.0.3887.7 Safari/537.36',
  'content-type' => 'application/x-www-form-urlencoded; charset=UTF-8',
  'origin' => 'http://tpblog.cn',
  'referer' => 'http://tpblog.cn/admin.html',
  'accept-encoding' => 'gzip, deflate',
  'accept-language' => 'zh-CN,zh;q=0.9',
  'cookie' => 'breadcrumbs-fixed=false; page-header-fixed=false; navbar-fixed-top=false; sidebar-fixed=false; pgv_pvi=2276014080; current-skin=/static/admin/css/skins/blue.min.css; PHPSESSID=dkv9sd009h6cp871ckqod5a6k4',
)
[ info ] [ PARAM ] array (
  'username' => 'admin01',
  'password' => 'admin01',
)
[ info ] [ SESSION ] INIT array (
  'id' => '',
  'var_session_id' => '',
  'prefix' => 'think',
  'type' => '',
  'auto_start' => true,
)
[ info ] [ RUN ] app\admin\controller\Index->login[ D:\phpStudy\WWW\tpblog\application\admin\controller\Index.php ]
[ info ] [ DB ] INIT mysql
[ info ] [ LOG ] INIT File
---------------------------------------------------------------
[ 2019-09-15T19:20:26+08:00 ] 127.0.0.1 GET tpblog.cn/admin/index.html
[运行时间：0.069054s] [吞吐率：14.48req/s] [内存消耗：1,733.31kb] [文件加载：47]
[ info ] [ LANG ] D:\phpStudy\WWW\tpblog\thinkphp\lang\zh-cn.php
[ info ] [ ROUTE ] array (
  'type' => 'module',
  'module' => 
  array (
    0 => 'admin',
    1 => 'home',
    2 => 'index',
  ),
  'convert' => false,
)
[ info ] [ HEADER ] array (
  'host' => 'tpblog.cn',
  'connection' => 'keep-alive',
  'upgrade-insecure-requests' => '1',
  'user-agent' => 'Mozilla/5.0 (Windows NT 10.0; WOW64) AppleWebKit/537.36 (KHTML, like Gecko) Chrome/78.0.3887.7 Safari/537.36',
  'accept' => 'text/html,application/xhtml+xml,application/xml;q=0.9,image/webp,image/apng,*/*;q=0.8,application/signed-exchange;v=b3',
  'referer' => 'http://tpblog.cn/admin.html',
  'accept-encoding' => 'gzip, deflate',
  'accept-language' => 'zh-CN,zh;q=0.9',
  'cookie' => 'breadcrumbs-fixed=false; page-header-fixed=false; navbar-fixed-top=false; sidebar-fixed=false; pgv_pvi=2276014080; current-skin=/static/admin/css/skins/blue.min.css; PHPSESSID=dkv9sd009h6cp871ckqod5a6k4',
)
[ info ] [ PARAM ] array (
)
[ info ] [ SESSION ] INIT array (
  'id' => '',
  'var_session_id' => '',
  'prefix' => 'think',
  'type' => '',
  'auto_start' => true,
)
[ info ] [ RUN ] app\admin\controller\Home->index[ D:\phpStudy\WWW\tpblog\application\admin\controller\Home.php ]
[ info ] [ VIEW ] D:\phpStudy\WWW\tpblog\public/../application/admin\view\home\index.html [ array (
) ]
[ info ] [ LOG ] INIT File
---------------------------------------------------------------
[ 2019-09-15T19:20:34+08:00 ] 127.0.0.1 GET tpblog.cn/admin/catelists.html
[运行时间：0.256047s] [吞吐率：3.91req/s] [内存消耗：3,000.84kb] [文件加载：60]
[ info ] [ LANG ] D:\phpStudy\WWW\tpblog\thinkphp\lang\zh-cn.php
[ info ] [ ROUTE ] array (
  'type' => 'module',
  'module' => 
  array (
    0 => 'admin',
    1 => 'cate',
    2 => 'lists',
  ),
  'convert' => false,
)
[ info ] [ HEADER ] array (
  'host' => 'tpblog.cn',
  'connection' => 'keep-alive',
  'upgrade-insecure-requests' => '1',
  'user-agent' => 'Mozilla/5.0 (Windows NT 10.0; WOW64) AppleWebKit/537.36 (KHTML, like Gecko) Chrome/78.0.3887.7 Safari/537.36',
  'accept' => 'text/html,application/xhtml+xml,application/xml;q=0.9,image/webp,image/apng,*/*;q=0.8,application/signed-exchange;v=b3',
  'referer' => 'http://tpblog.cn/admin/index.html',
  'accept-encoding' => 'gzip, deflate',
  'accept-language' => 'zh-CN,zh;q=0.9',
  'cookie' => 'breadcrumbs-fixed=false; page-header-fixed=false; navbar-fixed-top=false; sidebar-fixed=false; pgv_pvi=2276014080; current-skin=/static/admin/css/skins/blue.min.css; PHPSESSID=dkv9sd009h6cp871ckqod5a6k4',
)
[ info ] [ PARAM ] array (
)
[ info ] [ SESSION ] INIT array (
  'id' => '',
  'var_session_id' => '',
  'prefix' => 'think',
  'type' => '',
  'auto_start' => true,
)
[ info ] [ RUN ] app\admin\controller\Cate->lists[ D:\phpStudy\WWW\tpblog\application\admin\controller\Cate.php ]
[ info ] [ DB ] INIT mysql
[ info ] [ VIEW ] D:\phpStudy\WWW\tpblog\public/../application/admin\view\cate\lists.html [ array (
  0 => 'cates',
) ]
[ info ] [ LOG ] INIT File
---------------------------------------------------------------
[ 2019-09-15T19:20:51+08:00 ] 127.0.0.1 GET tpblog.cn/admin/cateadd.html
[运行时间：0.144857s] [吞吐率：6.90req/s] [内存消耗：1,751.05kb] [文件加载：47]
[ info ] [ LANG ] D:\phpStudy\WWW\tpblog\thinkphp\lang\zh-cn.php
[ info ] [ ROUTE ] array (
  'type' => 'module',
  'module' => 
  array (
    0 => 'admin',
    1 => 'cate',
    2 => 'add',
  ),
  'convert' => false,
)
[ info ] [ HEADER ] array (
  'host' => 'tpblog.cn',
  'connection' => 'keep-alive',
  'upgrade-insecure-requests' => '1',
  'user-agent' => 'Mozilla/5.0 (Windows NT 10.0; WOW64) AppleWebKit/537.36 (KHTML, like Gecko) Chrome/78.0.3887.7 Safari/537.36',
  'accept' => 'text/html,application/xhtml+xml,application/xml;q=0.9,image/webp,image/apng,*/*;q=0.8,application/signed-exchange;v=b3',
  'referer' => 'http://tpblog.cn/admin/catelists.html',
  'accept-encoding' => 'gzip, deflate',
  'accept-language' => 'zh-CN,zh;q=0.9',
  'cookie' => 'breadcrumbs-fixed=false; page-header-fixed=false; navbar-fixed-top=false; sidebar-fixed=false; pgv_pvi=2276014080; current-skin=/static/admin/css/skins/blue.min.css; PHPSESSID=dkv9sd009h6cp871ckqod5a6k4',
)
[ info ] [ PARAM ] array (
)
[ info ] [ SESSION ] INIT array (
  'id' => '',
  'var_session_id' => '',
  'prefix' => 'think',
  'type' => '',
  'auto_start' => true,
)
[ info ] [ RUN ] app\admin\controller\Cate->add[ D:\phpStudy\WWW\tpblog\application\admin\controller\Cate.php ]
[ info ] [ VIEW ] D:\phpStudy\WWW\tpblog\public/../application/admin\view\cate\add.html [ array (
) ]
[ info ] [ LOG ] INIT File
---------------------------------------------------------------
[ 2019-09-15T19:36:47+08:00 ] 127.0.0.1 GET tpblog.cn/admin/cateadd.html
[运行时间：0.073312s] [吞吐率：13.64req/s] [内存消耗：1,750.78kb] [文件加载：47]
[ info ] [ LANG ] D:\phpStudy\WWW\tpblog\thinkphp\lang\zh-cn.php
[ info ] [ ROUTE ] array (
  'type' => 'module',
  'module' => 
  array (
    0 => 'admin',
    1 => 'cate',
    2 => 'add',
  ),
  'convert' => false,
)
[ info ] [ HEADER ] array (
  'host' => 'tpblog.cn',
  'connection' => 'keep-alive',
  'upgrade-insecure-requests' => '1',
  'user-agent' => 'Mozilla/5.0 (Windows NT 10.0; WOW64) AppleWebKit/537.36 (KHTML, like Gecko) Chrome/78.0.3887.7 Safari/537.36',
  'accept' => 'text/html,application/xhtml+xml,application/xml;q=0.9,image/webp,image/apng,*/*;q=0.8,application/signed-exchange;v=b3',
  'accept-encoding' => 'gzip, deflate',
  'accept-language' => 'zh-CN,zh;q=0.9',
  'cookie' => 'breadcrumbs-fixed=false; page-header-fixed=false; navbar-fixed-top=false; sidebar-fixed=false; pgv_pvi=2276014080; current-skin=/static/admin/css/skins/blue.min.css; PHPSESSID=dkv9sd009h6cp871ckqod5a6k4',
)
[ info ] [ PARAM ] array (
)
[ info ] [ SESSION ] INIT array (
  'id' => '',
  'var_session_id' => '',
  'prefix' => 'think',
  'type' => '',
  'auto_start' => true,
)
[ info ] [ RUN ] app\admin\controller\Cate->add[ D:\phpStudy\WWW\tpblog\application\admin\controller\Cate.php ]
[ info ] [ VIEW ] D:\phpStudy\WWW\tpblog\public/../application/admin\view\cate\add.html [ array (
) ]
[ info ] [ LOG ] INIT File
---------------------------------------------------------------
[ 2019-09-15T22:37:45+08:00 ] 127.0.0.1 GET tpblog.cn/
[运行时间：0.067086s] [吞吐率：14.91req/s] [内存消耗：1,366.48kb] [文件加载：37]
[ info ] [ LANG ] D:\phpStudy\WWW\tpblog\thinkphp\lang\zh-cn.php
[ info ] [ ROUTE ] array (
  'type' => 'module',
  'module' => 
  array (
    0 => '',
    1 => NULL,
    2 => NULL,
  ),
)
[ info ] [ HEADER ] array (
  'host' => 'tpblog.cn',
  'connection' => 'keep-alive',
  'upgrade-insecure-requests' => '1',
  'user-agent' => 'Mozilla/5.0 (Windows NT 10.0; WOW64) AppleWebKit/537.36 (KHTML, like Gecko) Chrome/78.0.3887.7 Safari/537.36',
  'accept' => 'text/html,application/xhtml+xml,application/xml;q=0.9,image/webp,image/apng,*/*;q=0.8,application/signed-exchange;v=b3',
  'accept-encoding' => 'gzip, deflate',
  'accept-language' => 'zh-CN,zh;q=0.9',
  'cookie' => 'breadcrumbs-fixed=false; page-header-fixed=false; navbar-fixed-top=false; sidebar-fixed=false; pgv_pvi=2276014080; current-skin=/static/admin/css/skins/blue.min.css; PHPSESSID=dkv9sd009h6cp871ckqod5a6k4',
)
[ info ] [ PARAM ] array (
)
[ info ] [ RUN ] app\index\controller\Index->index[ D:\phpStudy\WWW\tpblog\application\index\controller\Index.php ]
[ info ] [ LOG ] INIT File
---------------------------------------------------------------
[ 2019-09-15T22:37:48+08:00 ] 127.0.0.1 GET tpblog.cn/admin
[运行时间：0.226276s] [吞吐率：4.42req/s] [内存消耗：1,741.87kb] [文件加载：46]
[ info ] [ LANG ] D:\phpStudy\WWW\tpblog\thinkphp\lang\zh-cn.php
[ info ] [ ROUTE ] array (
  'type' => 'module',
  'module' => 
  array (
    0 => 'admin',
    1 => 'index',
    2 => 'login',
  ),
  'convert' => false,
)
[ info ] [ HEADER ] array (
  'host' => 'tpblog.cn',
  'connection' => 'keep-alive',
  'upgrade-insecure-requests' => '1',
  'user-agent' => 'Mozilla/5.0 (Windows NT 10.0; WOW64) AppleWebKit/537.36 (KHTML, like Gecko) Chrome/78.0.3887.7 Safari/537.36',
  'accept' => 'text/html,application/xhtml+xml,application/xml;q=0.9,image/webp,image/apng,*/*;q=0.8,application/signed-exchange;v=b3',
  'purpose' => 'prefetch',
  'accept-encoding' => 'gzip, deflate',
  'accept-language' => 'zh-CN,zh;q=0.9',
  'cookie' => 'breadcrumbs-fixed=false; page-header-fixed=false; navbar-fixed-top=false; sidebar-fixed=false; pgv_pvi=2276014080; current-skin=/static/admin/css/skins/blue.min.css; PHPSESSID=dkv9sd009h6cp871ckqod5a6k4',
)
[ info ] [ PARAM ] array (
)
[ info ] [ SESSION ] INIT array (
  'id' => '',
  'var_session_id' => '',
  'prefix' => 'think',
  'type' => '',
  'auto_start' => true,
)
[ info ] [ LOG ] INIT File
---------------------------------------------------------------
[ 2019-09-15T22:37:49+08:00 ] 127.0.0.1 GET tpblog.cn/admin/index.html
[运行时间：0.142604s] [吞吐率：7.01req/s] [内存消耗：1,733.20kb] [文件加载：47]
[ info ] [ LANG ] D:\phpStudy\WWW\tpblog\thinkphp\lang\zh-cn.php
[ info ] [ ROUTE ] array (
  'type' => 'module',
  'module' => 
  array (
    0 => 'admin',
    1 => 'home',
    2 => 'index',
  ),
  'convert' => false,
)
[ info ] [ HEADER ] array (
  'host' => 'tpblog.cn',
  'connection' => 'keep-alive',
  'upgrade-insecure-requests' => '1',
  'user-agent' => 'Mozilla/5.0 (Windows NT 10.0; WOW64) AppleWebKit/537.36 (KHTML, like Gecko) Chrome/78.0.3887.7 Safari/537.36',
  'accept' => 'text/html,application/xhtml+xml,application/xml;q=0.9,image/webp,image/apng,*/*;q=0.8,application/signed-exchange;v=b3',
  'purpose' => 'prefetch',
  'accept-encoding' => 'gzip, deflate',
  'accept-language' => 'zh-CN,zh;q=0.9',
  'cookie' => 'breadcrumbs-fixed=false; page-header-fixed=false; navbar-fixed-top=false; sidebar-fixed=false; pgv_pvi=2276014080; current-skin=/static/admin/css/skins/blue.min.css; PHPSESSID=dkv9sd009h6cp871ckqod5a6k4',
)
[ info ] [ PARAM ] array (
)
[ info ] [ SESSION ] INIT array (
  'id' => '',
  'var_session_id' => '',
  'prefix' => 'think',
  'type' => '',
  'auto_start' => true,
)
[ info ] [ RUN ] app\admin\controller\Home->index[ D:\phpStudy\WWW\tpblog\application\admin\controller\Home.php ]
[ info ] [ VIEW ] D:\phpStudy\WWW\tpblog\public/../application/admin\view\home\index.html [ array (
) ]
[ info ] [ LOG ] INIT File
---------------------------------------------------------------
[ 2019-09-15T22:37:49+08:00 ] 127.0.0.1 GET tpblog.cn/admin/index.html
[运行时间：0.079910s] [吞吐率：12.51req/s] [内存消耗：1,733.08kb] [文件加载：47]
[ info ] [ LANG ] D:\phpStudy\WWW\tpblog\thinkphp\lang\zh-cn.php
[ info ] [ ROUTE ] array (
  'type' => 'module',
  'module' => 
  array (
    0 => 'admin',
    1 => 'home',
    2 => 'index',
  ),
  'convert' => false,
)
[ info ] [ HEADER ] array (
  'host' => 'tpblog.cn',
  'connection' => 'keep-alive',
  'upgrade-insecure-requests' => '1',
  'user-agent' => 'Mozilla/5.0 (Windows NT 10.0; WOW64) AppleWebKit/537.36 (KHTML, like Gecko) Chrome/78.0.3887.7 Safari/537.36',
  'accept' => 'text/html,application/xhtml+xml,application/xml;q=0.9,image/webp,image/apng,*/*;q=0.8,application/signed-exchange;v=b3',
  'accept-encoding' => 'gzip, deflate',
  'accept-language' => 'zh-CN,zh;q=0.9',
  'cookie' => 'breadcrumbs-fixed=false; page-header-fixed=false; navbar-fixed-top=false; sidebar-fixed=false; pgv_pvi=2276014080; current-skin=/static/admin/css/skins/blue.min.css; PHPSESSID=dkv9sd009h6cp871ckqod5a6k4',
)
[ info ] [ PARAM ] array (
)
[ info ] [ SESSION ] INIT array (
  'id' => '',
  'var_session_id' => '',
  'prefix' => 'think',
  'type' => '',
  'auto_start' => true,
)
[ info ] [ RUN ] app\admin\controller\Home->index[ D:\phpStudy\WWW\tpblog\application\admin\controller\Home.php ]
[ info ] [ VIEW ] D:\phpStudy\WWW\tpblog\public/../application/admin\view\home\index.html [ array (
) ]
[ info ] [ LOG ] INIT File
---------------------------------------------------------------
[ 2019-09-15T22:37:59+08:00 ] 127.0.0.1 POST tpblog.cn/admin/loginout.html
[运行时间：0.076868s] [吞吐率：13.01req/s] [内存消耗：1,730.07kb] [文件加载：47]
[ info ] [ LANG ] D:\phpStudy\WWW\tpblog\thinkphp\lang\zh-cn.php
[ info ] [ ROUTE ] array (
  'type' => 'module',
  'module' => 
  array (
    0 => 'admin',
    1 => 'home',
    2 => 'loginout',
  ),
  'convert' => false,
)
[ info ] [ HEADER ] array (
  'host' => 'tpblog.cn',
  'connection' => 'keep-alive',
  'content-length' => '0',
  'accept' => 'application/json, text/javascript, */*; q=0.01',
  'x-requested-with' => 'XMLHttpRequest',
  'user-agent' => 'Mozilla/5.0 (Windows NT 10.0; WOW64) AppleWebKit/537.36 (KHTML, like Gecko) Chrome/78.0.3887.7 Safari/537.36',
  'origin' => 'http://tpblog.cn',
  'referer' => 'http://tpblog.cn/admin/index.html',
  'accept-encoding' => 'gzip, deflate',
  'accept-language' => 'zh-CN,zh;q=0.9',
  'cookie' => 'breadcrumbs-fixed=false; page-header-fixed=false; navbar-fixed-top=false; sidebar-fixed=false; pgv_pvi=2276014080; current-skin=/static/admin/css/skins/blue.min.css; PHPSESSID=dkv9sd009h6cp871ckqod5a6k4',
)
[ info ] [ PARAM ] array (
)
[ info ] [ SESSION ] INIT array (
  'id' => '',
  'var_session_id' => '',
  'prefix' => 'think',
  'type' => '',
  'auto_start' => true,
)
[ info ] [ RUN ] app\admin\controller\Home->loginout[ D:\phpStudy\WWW\tpblog\application\admin\controller\Home.php ]
[ info ] [ LOG ] INIT File
---------------------------------------------------------------
[ 2019-09-15T22:38:01+08:00 ] 127.0.0.1 GET tpblog.cn/admin.html
[运行时间：0.144093s] [吞吐率：6.94req/s] [内存消耗：1,737.22kb] [文件加载：46]
[ info ] [ LANG ] D:\phpStudy\WWW\tpblog\thinkphp\lang\zh-cn.php
[ info ] [ ROUTE ] array (
  'type' => 'module',
  'module' => 
  array (
    0 => 'admin',
    1 => 'index',
    2 => 'login',
  ),
  'convert' => false,
)
[ info ] [ HEADER ] array (
  'host' => 'tpblog.cn',
  'connection' => 'keep-alive',
  'upgrade-insecure-requests' => '1',
  'user-agent' => 'Mozilla/5.0 (Windows NT 10.0; WOW64) AppleWebKit/537.36 (KHTML, like Gecko) Chrome/78.0.3887.7 Safari/537.36',
  'accept' => 'text/html,application/xhtml+xml,application/xml;q=0.9,image/webp,image/apng,*/*;q=0.8,application/signed-exchange;v=b3',
  'referer' => 'http://tpblog.cn/admin/index.html',
  'accept-encoding' => 'gzip, deflate',
  'accept-language' => 'zh-CN,zh;q=0.9',
  'cookie' => 'breadcrumbs-fixed=false; page-header-fixed=false; navbar-fixed-top=false; sidebar-fixed=false; pgv_pvi=2276014080; current-skin=/static/admin/css/skins/blue.min.css; PHPSESSID=dkv9sd009h6cp871ckqod5a6k4',
)
[ info ] [ PARAM ] array (
)
[ info ] [ SESSION ] INIT array (
  'id' => '',
  'var_session_id' => '',
  'prefix' => 'think',
  'type' => '',
  'auto_start' => true,
)
[ info ] [ RUN ] app\admin\controller\Index->login[ D:\phpStudy\WWW\tpblog\application\admin\controller\Index.php ]
[ info ] [ VIEW ] D:\phpStudy\WWW\tpblog\public/../application/admin\view\index\login.html [ array (
) ]
[ info ] [ LOG ] INIT File
---------------------------------------------------------------
[ 2019-09-15T22:38:02+08:00 ] 127.0.0.1 GET tpblog.cn/logo.jpg
[运行时间：0.077434s] [吞吐率：12.91req/s] [内存消耗：1,401.41kb] [文件加载：39]
[ info ] [ LANG ] D:\phpStudy\WWW\tpblog\thinkphp\lang\zh-cn.php
[ info ] [ ROUTE ] array (
  'type' => 'module',
  'module' => 
  array (
    0 => 'logo.jpg',
    1 => NULL,
    2 => NULL,
  ),
)
[ info ] [ HEADER ] array (
  'host' => 'tpblog.cn',
  'connection' => 'keep-alive',
  'user-agent' => 'Mozilla/5.0 (Windows NT 10.0; WOW64) AppleWebKit/537.36 (KHTML, like Gecko) Chrome/78.0.3887.7 Safari/537.36',
  'accept' => 'image/webp,image/apng,image/*,*/*;q=0.8',
  'referer' => 'http://tpblog.cn/admin.html',
  'accept-encoding' => 'gzip, deflate',
  'accept-language' => 'zh-CN,zh;q=0.9',
  'cookie' => 'breadcrumbs-fixed=false; page-header-fixed=false; navbar-fixed-top=false; sidebar-fixed=false; pgv_pvi=2276014080; current-skin=/static/admin/css/skins/blue.min.css; PHPSESSID=dkv9sd009h6cp871ckqod5a6k4',
)
[ info ] [ PARAM ] array (
)
[ info ] [ LOG ] INIT File
---------------------------------------------------------------
[ 2019-09-15T22:38:03+08:00 ] 127.0.0.1 GET tpblog.cn/admin/register.html
[运行时间：0.073517s] [吞吐率：13.60req/s] [内存消耗：1,737.36kb] [文件加载：46]
[ info ] [ LANG ] D:\phpStudy\WWW\tpblog\thinkphp\lang\zh-cn.php
[ info ] [ ROUTE ] array (
  'type' => 'module',
  'module' => 
  array (
    0 => 'admin',
    1 => 'index',
    2 => 'register',
  ),
  'convert' => false,
)
[ info ] [ HEADER ] array (
  'host' => 'tpblog.cn',
  'connection' => 'keep-alive',
  'upgrade-insecure-requests' => '1',
  'user-agent' => 'Mozilla/5.0 (Windows NT 10.0; WOW64) AppleWebKit/537.36 (KHTML, like Gecko) Chrome/78.0.3887.7 Safari/537.36',
  'accept' => 'text/html,application/xhtml+xml,application/xml;q=0.9,image/webp,image/apng,*/*;q=0.8,application/signed-exchange;v=b3',
  'referer' => 'http://tpblog.cn/admin.html',
  'accept-encoding' => 'gzip, deflate',
  'accept-language' => 'zh-CN,zh;q=0.9',
  'cookie' => 'breadcrumbs-fixed=false; page-header-fixed=false; navbar-fixed-top=false; sidebar-fixed=false; pgv_pvi=2276014080; current-skin=/static/admin/css/skins/blue.min.css; PHPSESSID=dkv9sd009h6cp871ckqod5a6k4',
)
[ info ] [ PARAM ] array (
)
[ info ] [ SESSION ] INIT array (
  'id' => '',
  'var_session_id' => '',
  'prefix' => 'think',
  'type' => '',
  'auto_start' => true,
)
[ info ] [ RUN ] app\admin\controller\Index->register[ D:\phpStudy\WWW\tpblog\application\admin\controller\Index.php ]
[ info ] [ VIEW ] D:\phpStudy\WWW\tpblog\public/../application/admin\view\index\register.html [ array (
) ]
[ info ] [ LOG ] INIT File
