---------------------------------------------------------------
[ 2019-09-27T12:25:33+08:00 ] 127.0.0.1 GET tpblog.cn/
[运行时间：0.374006s] [吞吐率：2.67req/s] [内存消耗：1,392.14kb] [文件加载：37]
[ info ] [ LANG ] D:\phpStudy\WWW\tpblog\thinkphp\lang\zh-cn.php
[ info ] [ ROUTE ] array (
  'type' => 'module',
  'module' => 
  array (
    0 => '',
    1 => NULL,
    2 => NULL,
  ),
)
[ info ] [ HEADER ] array (
  'host' => 'tpblog.cn',
  'connection' => 'keep-alive',
  'upgrade-insecure-requests' => '1',
  'user-agent' => 'Mozilla/5.0 (Windows NT 10.0; WOW64) AppleWebKit/537.36 (KHTML, like Gecko) Chrome/78.0.3887.7 Safari/537.36',
  'accept' => 'text/html,application/xhtml+xml,application/xml;q=0.9,image/webp,image/apng,*/*;q=0.8,application/signed-exchange;v=b3',
  'accept-encoding' => 'gzip, deflate',
  'accept-language' => 'zh-CN,zh;q=0.9',
  'cookie' => 'breadcrumbs-fixed=false; page-header-fixed=false; navbar-fixed-top=false; sidebar-fixed=false; pgv_pvi=2276014080; current-skin=/static/admin/css/skins/blue.min.css',
)
[ info ] [ PARAM ] array (
)
[ info ] [ RUN ] app\index\controller\Index->index[ D:\phpStudy\WWW\tpblog\application\index\controller\Index.php ]
[ info ] [ LOG ] INIT File
---------------------------------------------------------------
[ 2019-09-27T12:25:36+08:00 ] 127.0.0.1 GET tpblog.cn/admin
[运行时间：0.415519s] [吞吐率：2.41req/s] [内存消耗：1,762.51kb] [文件加载：46]
[ info ] [ LANG ] D:\phpStudy\WWW\tpblog\thinkphp\lang\zh-cn.php
[ info ] [ ROUTE ] array (
  'type' => 'module',
  'module' => 
  array (
    0 => 'admin',
    1 => 'index',
    2 => 'login',
  ),
  'convert' => false,
)
[ info ] [ HEADER ] array (
  'host' => 'tpblog.cn',
  'connection' => 'keep-alive',
  'upgrade-insecure-requests' => '1',
  'user-agent' => 'Mozilla/5.0 (Windows NT 10.0; WOW64) AppleWebKit/537.36 (KHTML, like Gecko) Chrome/78.0.3887.7 Safari/537.36',
  'accept' => 'text/html,application/xhtml+xml,application/xml;q=0.9,image/webp,image/apng,*/*;q=0.8,application/signed-exchange;v=b3',
  'purpose' => 'prefetch',
  'accept-encoding' => 'gzip, deflate',
  'accept-language' => 'zh-CN,zh;q=0.9',
  'cookie' => 'breadcrumbs-fixed=false; page-header-fixed=false; navbar-fixed-top=false; sidebar-fixed=false; pgv_pvi=2276014080; current-skin=/static/admin/css/skins/blue.min.css; pgv_si=s6825380864',
)
[ info ] [ PARAM ] array (
)
[ info ] [ SESSION ] INIT array (
  'id' => '',
  'var_session_id' => '',
  'prefix' => 'think',
  'type' => '',
  'auto_start' => true,
)
[ info ] [ RUN ] app\admin\controller\Index->login[ D:\phpStudy\WWW\tpblog\application\admin\controller\Index.php ]
[ info ] [ VIEW ] D:\phpStudy\WWW\tpblog\public/../application/admin\view\index\login.html [ array (
) ]
[ info ] [ LOG ] INIT File
---------------------------------------------------------------
[ 2019-09-27T12:25:37+08:00 ] 127.0.0.1 GET tpblog.cn/admin
[运行时间：0.046580s] [吞吐率：21.47req/s] [内存消耗：1,762.27kb] [文件加载：46]
[ info ] [ LANG ] D:\phpStudy\WWW\tpblog\thinkphp\lang\zh-cn.php
[ info ] [ ROUTE ] array (
  'type' => 'module',
  'module' => 
  array (
    0 => 'admin',
    1 => 'index',
    2 => 'login',
  ),
  'convert' => false,
)
[ info ] [ HEADER ] array (
  'host' => 'tpblog.cn',
  'connection' => 'keep-alive',
  'upgrade-insecure-requests' => '1',
  'user-agent' => 'Mozilla/5.0 (Windows NT 10.0; WOW64) AppleWebKit/537.36 (KHTML, like Gecko) Chrome/78.0.3887.7 Safari/537.36',
  'accept' => 'text/html,application/xhtml+xml,application/xml;q=0.9,image/webp,image/apng,*/*;q=0.8,application/signed-exchange;v=b3',
  'accept-encoding' => 'gzip, deflate',
  'accept-language' => 'zh-CN,zh;q=0.9',
  'cookie' => 'breadcrumbs-fixed=false; page-header-fixed=false; navbar-fixed-top=false; sidebar-fixed=false; pgv_pvi=2276014080; current-skin=/static/admin/css/skins/blue.min.css; pgv_si=s6825380864; PHPSESSID=t1ev0u84859me54cpe6rqg7ct6',
)
[ info ] [ PARAM ] array (
)
[ info ] [ SESSION ] INIT array (
  'id' => '',
  'var_session_id' => '',
  'prefix' => 'think',
  'type' => '',
  'auto_start' => true,
)
[ info ] [ RUN ] app\admin\controller\Index->login[ D:\phpStudy\WWW\tpblog\application\admin\controller\Index.php ]
[ info ] [ VIEW ] D:\phpStudy\WWW\tpblog\public/../application/admin\view\index\login.html [ array (
) ]
[ info ] [ LOG ] INIT File
---------------------------------------------------------------
[ 2019-09-27T12:25:37+08:00 ] 127.0.0.1 GET tpblog.cn/logo.jpg
[运行时间：0.051470s] [吞吐率：19.43req/s] [内存消耗：1,427.23kb] [文件加载：39]
[ info ] [ LANG ] D:\phpStudy\WWW\tpblog\thinkphp\lang\zh-cn.php
[ info ] [ ROUTE ] array (
  'type' => 'module',
  'module' => 
  array (
    0 => 'logo.jpg',
    1 => NULL,
    2 => NULL,
  ),
)
[ info ] [ HEADER ] array (
  'host' => 'tpblog.cn',
  'connection' => 'keep-alive',
  'user-agent' => 'Mozilla/5.0 (Windows NT 10.0; WOW64) AppleWebKit/537.36 (KHTML, like Gecko) Chrome/78.0.3887.7 Safari/537.36',
  'accept' => 'image/webp,image/apng,image/*,*/*;q=0.8',
  'referer' => 'http://tpblog.cn/admin',
  'accept-encoding' => 'gzip, deflate',
  'accept-language' => 'zh-CN,zh;q=0.9',
  'cookie' => 'breadcrumbs-fixed=false; page-header-fixed=false; navbar-fixed-top=false; sidebar-fixed=false; pgv_pvi=2276014080; current-skin=/static/admin/css/skins/blue.min.css; pgv_si=s6825380864; PHPSESSID=t1ev0u84859me54cpe6rqg7ct6',
)
[ info ] [ PARAM ] array (
)
[ info ] [ LOG ] INIT File
---------------------------------------------------------------
[ 2019-09-27T12:25:43+08:00 ] 127.0.0.1 POST tpblog.cn/admin.html
[运行时间：0.200399s] [吞吐率：4.99req/s] [内存消耗：2,914.91kb] [文件加载：56]
[ info ] [ LANG ] D:\phpStudy\WWW\tpblog\thinkphp\lang\zh-cn.php
[ info ] [ ROUTE ] array (
  'type' => 'module',
  'module' => 
  array (
    0 => 'admin',
    1 => 'index',
    2 => 'login',
  ),
  'convert' => false,
)
[ info ] [ HEADER ] array (
  'host' => 'tpblog.cn',
  'connection' => 'keep-alive',
  'content-length' => '23',
  'accept' => 'application/json, text/javascript, */*; q=0.01',
  'origin' => 'http://tpblog.cn',
  'x-requested-with' => 'XMLHttpRequest',
  'user-agent' => 'Mozilla/5.0 (Windows NT 10.0; WOW64) AppleWebKit/537.36 (KHTML, like Gecko) Chrome/78.0.3887.7 Safari/537.36',
  'content-type' => 'application/x-www-form-urlencoded; charset=UTF-8',
  'referer' => 'http://tpblog.cn/admin',
  'accept-encoding' => 'gzip, deflate',
  'accept-language' => 'zh-CN,zh;q=0.9',
  'cookie' => 'breadcrumbs-fixed=false; page-header-fixed=false; navbar-fixed-top=false; sidebar-fixed=false; pgv_pvi=2276014080; current-skin=/static/admin/css/skins/blue.min.css; pgv_si=s6825380864; PHPSESSID=t1ev0u84859me54cpe6rqg7ct6',
)
[ info ] [ PARAM ] array (
  'username' => '12',
  'password' => '12',
)
[ info ] [ SESSION ] INIT array (
  'id' => '',
  'var_session_id' => '',
  'prefix' => 'think',
  'type' => '',
  'auto_start' => true,
)
[ info ] [ RUN ] app\admin\controller\Index->login[ D:\phpStudy\WWW\tpblog\application\admin\controller\Index.php ]
[ info ] [ DB ] INIT mysql
[ info ] [ LOG ] INIT File
---------------------------------------------------------------
[ 2019-09-27T12:25:46+08:00 ] 127.0.0.1 GET tpblog.cn/admin/index.html
[运行时间：0.073574s] [吞吐率：13.59req/s] [内存消耗：1,758.68kb] [文件加载：47]
[ info ] [ LANG ] D:\phpStudy\WWW\tpblog\thinkphp\lang\zh-cn.php
[ info ] [ ROUTE ] array (
  'type' => 'module',
  'module' => 
  array (
    0 => 'admin',
    1 => 'home',
    2 => 'index',
  ),
  'convert' => false,
)
[ info ] [ HEADER ] array (
  'host' => 'tpblog.cn',
  'connection' => 'keep-alive',
  'upgrade-insecure-requests' => '1',
  'user-agent' => 'Mozilla/5.0 (Windows NT 10.0; WOW64) AppleWebKit/537.36 (KHTML, like Gecko) Chrome/78.0.3887.7 Safari/537.36',
  'accept' => 'text/html,application/xhtml+xml,application/xml;q=0.9,image/webp,image/apng,*/*;q=0.8,application/signed-exchange;v=b3',
  'referer' => 'http://tpblog.cn/admin',
  'accept-encoding' => 'gzip, deflate',
  'accept-language' => 'zh-CN,zh;q=0.9',
  'cookie' => 'breadcrumbs-fixed=false; page-header-fixed=false; navbar-fixed-top=false; sidebar-fixed=false; pgv_pvi=2276014080; current-skin=/static/admin/css/skins/blue.min.css; pgv_si=s6825380864; PHPSESSID=t1ev0u84859me54cpe6rqg7ct6',
)
[ info ] [ PARAM ] array (
)
[ info ] [ SESSION ] INIT array (
  'id' => '',
  'var_session_id' => '',
  'prefix' => 'think',
  'type' => '',
  'auto_start' => true,
)
[ info ] [ RUN ] app\admin\controller\Home->index[ D:\phpStudy\WWW\tpblog\application\admin\controller\Home.php ]
[ info ] [ VIEW ] D:\phpStudy\WWW\tpblog\public/../application/admin\view\home\index.html [ array (
) ]
[ info ] [ LOG ] INIT File
---------------------------------------------------------------
[ 2019-09-27T12:25:54+08:00 ] 127.0.0.1 GET tpblog.cn/admin/memberlists.html
[运行时间：0.178515s] [吞吐率：5.60req/s] [内存消耗：3,039.90kb] [文件加载：60]
[ info ] [ LANG ] D:\phpStudy\WWW\tpblog\thinkphp\lang\zh-cn.php
[ info ] [ ROUTE ] array (
  'type' => 'module',
  'module' => 
  array (
    0 => 'admin',
    1 => 'member',
    2 => 'lists',
  ),
  'convert' => false,
)
[ info ] [ HEADER ] array (
  'host' => 'tpblog.cn',
  'connection' => 'keep-alive',
  'upgrade-insecure-requests' => '1',
  'user-agent' => 'Mozilla/5.0 (Windows NT 10.0; WOW64) AppleWebKit/537.36 (KHTML, like Gecko) Chrome/78.0.3887.7 Safari/537.36',
  'accept' => 'text/html,application/xhtml+xml,application/xml;q=0.9,image/webp,image/apng,*/*;q=0.8,application/signed-exchange;v=b3',
  'referer' => 'http://tpblog.cn/admin/index.html',
  'accept-encoding' => 'gzip, deflate',
  'accept-language' => 'zh-CN,zh;q=0.9',
  'cookie' => 'breadcrumbs-fixed=false; page-header-fixed=false; navbar-fixed-top=false; sidebar-fixed=false; pgv_pvi=2276014080; current-skin=/static/admin/css/skins/blue.min.css; pgv_si=s6825380864; PHPSESSID=t1ev0u84859me54cpe6rqg7ct6',
)
[ info ] [ PARAM ] array (
)
[ info ] [ SESSION ] INIT array (
  'id' => '',
  'var_session_id' => '',
  'prefix' => 'think',
  'type' => '',
  'auto_start' => true,
)
[ info ] [ RUN ] app\admin\controller\Member->lists[ D:\phpStudy\WWW\tpblog\application\admin\controller\Member.php ]
[ info ] [ DB ] INIT mysql
[ info ] [ VIEW ] D:\phpStudy\WWW\tpblog\public/../application/admin\view\member\lists.html [ array (
  0 => 'members',
) ]
[ info ] [ LOG ] INIT File
---------------------------------------------------------------
[ 2019-09-27T12:25:56+08:00 ] 127.0.0.1 GET tpblog.cn/admin/memberedit/2.html
[运行时间：0.078853s] [吞吐率：12.68req/s] [内存消耗：2,913.91kb] [文件加载：56]
[ info ] [ LANG ] D:\phpStudy\WWW\tpblog\thinkphp\lang\zh-cn.php
[ info ] [ ROUTE ] array (
  'type' => 'module',
  'module' => 
  array (
    0 => 'admin',
    1 => 'member',
    2 => 'edit',
  ),
  'convert' => false,
)
[ info ] [ HEADER ] array (
  'host' => 'tpblog.cn',
  'connection' => 'keep-alive',
  'upgrade-insecure-requests' => '1',
  'user-agent' => 'Mozilla/5.0 (Windows NT 10.0; WOW64) AppleWebKit/537.36 (KHTML, like Gecko) Chrome/78.0.3887.7 Safari/537.36',
  'accept' => 'text/html,application/xhtml+xml,application/xml;q=0.9,image/webp,image/apng,*/*;q=0.8,application/signed-exchange;v=b3',
  'referer' => 'http://tpblog.cn/admin/memberlists.html',
  'accept-encoding' => 'gzip, deflate',
  'accept-language' => 'zh-CN,zh;q=0.9',
  'cookie' => 'breadcrumbs-fixed=false; page-header-fixed=false; navbar-fixed-top=false; sidebar-fixed=false; pgv_pvi=2276014080; current-skin=/static/admin/css/skins/blue.min.css; pgv_si=s6825380864; PHPSESSID=t1ev0u84859me54cpe6rqg7ct6',
)
[ info ] [ PARAM ] array (
  'id' => '2',
)
[ info ] [ SESSION ] INIT array (
  'id' => '',
  'var_session_id' => '',
  'prefix' => 'think',
  'type' => '',
  'auto_start' => true,
)
[ info ] [ RUN ] app\admin\controller\Member->edit[ D:\phpStudy\WWW\tpblog\application\admin\controller\Member.php ]
[ info ] [ DB ] INIT mysql
[ info ] [ VIEW ] D:\phpStudy\WWW\tpblog\public/../application/admin\view\member\edit.html [ array (
  0 => 'memberInfo',
) ]
[ info ] [ LOG ] INIT File
---------------------------------------------------------------
[ 2019-09-27T12:26:30+08:00 ] 127.0.0.1 POST tpblog.cn/admin/memberedit.html
[运行时间：0.063942s] [吞吐率：15.64req/s] [内存消耗：2,850.30kb] [文件加载：56]
[ info ] [ LANG ] D:\phpStudy\WWW\tpblog\thinkphp\lang\zh-cn.php
[ info ] [ ROUTE ] array (
  'type' => 'module',
  'module' => 
  array (
    0 => 'admin',
    1 => 'member',
    2 => 'edit',
  ),
  'convert' => false,
)
[ info ] [ HEADER ] array (
  'host' => 'tpblog.cn',
  'connection' => 'keep-alive',
  'content-length' => '68',
  'accept' => 'application/json, text/javascript, */*; q=0.01',
  'origin' => 'http://tpblog.cn',
  'x-requested-with' => 'XMLHttpRequest',
  'user-agent' => 'Mozilla/5.0 (Windows NT 10.0; WOW64) AppleWebKit/537.36 (KHTML, like Gecko) Chrome/78.0.3887.7 Safari/537.36',
  'content-type' => 'application/x-www-form-urlencoded; charset=UTF-8',
  'referer' => 'http://tpblog.cn/admin/memberedit/2.html',
  'accept-encoding' => 'gzip, deflate',
  'accept-language' => 'zh-CN,zh;q=0.9',
  'cookie' => 'breadcrumbs-fixed=false; page-header-fixed=false; navbar-fixed-top=false; sidebar-fixed=false; pgv_pvi=2276014080; current-skin=/static/admin/css/skins/blue.min.css; pgv_si=s6825380864; PHPSESSID=t1ev0u84859me54cpe6rqg7ct6',
)
[ info ] [ PARAM ] array (
  'id' => NULL,
  'oldpass' => '2452',
  'newpass' => '456',
  'nickname' => '梦中醉01',
)
[ info ] [ SESSION ] INIT array (
  'id' => '',
  'var_session_id' => '',
  'prefix' => 'think',
  'type' => '',
  'auto_start' => true,
)
[ info ] [ RUN ] app\admin\controller\Member->edit[ D:\phpStudy\WWW\tpblog\application\admin\controller\Member.php ]
[ info ] [ DB ] INIT mysql
[ info ] [ LOG ] INIT File
---------------------------------------------------------------
[ 2019-09-27T12:26:36+08:00 ] 127.0.0.1 POST tpblog.cn/admin/memberedit.html
[运行时间：0.130398s] [吞吐率：7.67req/s] [内存消耗：2,998.14kb] [文件加载：60]
[ info ] [ LANG ] D:\phpStudy\WWW\tpblog\thinkphp\lang\zh-cn.php
[ info ] [ ROUTE ] array (
  'type' => 'module',
  'module' => 
  array (
    0 => 'admin',
    1 => 'member',
    2 => 'edit',
  ),
  'convert' => false,
)
[ info ] [ HEADER ] array (
  'host' => 'tpblog.cn',
  'connection' => 'keep-alive',
  'content-length' => '67',
  'accept' => 'application/json, text/javascript, */*; q=0.01',
  'origin' => 'http://tpblog.cn',
  'x-requested-with' => 'XMLHttpRequest',
  'user-agent' => 'Mozilla/5.0 (Windows NT 10.0; WOW64) AppleWebKit/537.36 (KHTML, like Gecko) Chrome/78.0.3887.7 Safari/537.36',
  'content-type' => 'application/x-www-form-urlencoded; charset=UTF-8',
  'referer' => 'http://tpblog.cn/admin/memberedit/2.html',
  'accept-encoding' => 'gzip, deflate',
  'accept-language' => 'zh-CN,zh;q=0.9',
  'cookie' => 'breadcrumbs-fixed=false; page-header-fixed=false; navbar-fixed-top=false; sidebar-fixed=false; pgv_pvi=2276014080; current-skin=/static/admin/css/skins/blue.min.css; pgv_si=s6825380864; PHPSESSID=t1ev0u84859me54cpe6rqg7ct6',
)
[ info ] [ PARAM ] array (
  'id' => NULL,
  'oldpass' => '123',
  'newpass' => '111',
  'nickname' => '梦中醉01',
)
[ info ] [ SESSION ] INIT array (
  'id' => '',
  'var_session_id' => '',
  'prefix' => 'think',
  'type' => '',
  'auto_start' => true,
)
[ info ] [ RUN ] app\admin\controller\Member->edit[ D:\phpStudy\WWW\tpblog\application\admin\controller\Member.php ]
[ info ] [ DB ] INIT mysql
[ info ] [ CACHE ] INIT File
[ info ] [ LOG ] INIT File
---------------------------------------------------------------
[ 2019-09-27T12:27:46+08:00 ] 127.0.0.1 POST tpblog.cn/admin/memberedit.html
[运行时间：0.069244s] [吞吐率：14.44req/s] [内存消耗：2,850.20kb] [文件加载：56]
[ info ] [ LANG ] D:\phpStudy\WWW\tpblog\thinkphp\lang\zh-cn.php
[ info ] [ ROUTE ] array (
  'type' => 'module',
  'module' => 
  array (
    0 => 'admin',
    1 => 'member',
    2 => 'edit',
  ),
  'convert' => false,
)
[ info ] [ HEADER ] array (
  'host' => 'tpblog.cn',
  'connection' => 'keep-alive',
  'content-length' => '67',
  'accept' => 'application/json, text/javascript, */*; q=0.01',
  'origin' => 'http://tpblog.cn',
  'x-requested-with' => 'XMLHttpRequest',
  'user-agent' => 'Mozilla/5.0 (Windows NT 10.0; WOW64) AppleWebKit/537.36 (KHTML, like Gecko) Chrome/78.0.3887.7 Safari/537.36',
  'content-type' => 'application/x-www-form-urlencoded; charset=UTF-8',
  'referer' => 'http://tpblog.cn/admin/memberedit/2.html',
  'accept-encoding' => 'gzip, deflate',
  'accept-language' => 'zh-CN,zh;q=0.9',
  'cookie' => 'breadcrumbs-fixed=false; page-header-fixed=false; navbar-fixed-top=false; sidebar-fixed=false; pgv_pvi=2276014080; current-skin=/static/admin/css/skins/blue.min.css; pgv_si=s6825380864; PHPSESSID=t1ev0u84859me54cpe6rqg7ct6',
)
[ info ] [ PARAM ] array (
  'id' => NULL,
  'oldpass' => '123',
  'newpass' => '111',
  'nickname' => '梦中醉01',
)
[ info ] [ SESSION ] INIT array (
  'id' => '',
  'var_session_id' => '',
  'prefix' => 'think',
  'type' => '',
  'auto_start' => true,
)
[ info ] [ RUN ] app\admin\controller\Member->edit[ D:\phpStudy\WWW\tpblog\application\admin\controller\Member.php ]
[ info ] [ DB ] INIT mysql
[ info ] [ LOG ] INIT File
---------------------------------------------------------------
[ 2019-09-27T12:31:43+08:00 ] 127.0.0.1 GET tpblog.cn/admin/memberedit/2.html
[运行时间：0.605612s] [吞吐率：1.65req/s] [内存消耗：3,075.14kb] [文件加载：58]
[ info ] [ LANG ] D:\phpStudy\WWW\tpblog\thinkphp\lang\zh-cn.php
[ info ] [ ROUTE ] array (
  'type' => 'module',
  'module' => 
  array (
    0 => 'admin',
    1 => 'member',
    2 => 'edit',
  ),
  'convert' => false,
)
[ info ] [ HEADER ] array (
  'host' => 'tpblog.cn',
  'connection' => 'keep-alive',
  'cache-control' => 'max-age=0',
  'upgrade-insecure-requests' => '1',
  'user-agent' => 'Mozilla/5.0 (Windows NT 10.0; WOW64) AppleWebKit/537.36 (KHTML, like Gecko) Chrome/78.0.3887.7 Safari/537.36',
  'accept' => 'text/html,application/xhtml+xml,application/xml;q=0.9,image/webp,image/apng,*/*;q=0.8,application/signed-exchange;v=b3',
  'referer' => 'http://tpblog.cn/admin/memberlists.html',
  'accept-encoding' => 'gzip, deflate',
  'accept-language' => 'zh-CN,zh;q=0.9',
  'cookie' => 'breadcrumbs-fixed=false; page-header-fixed=false; navbar-fixed-top=false; sidebar-fixed=false; pgv_pvi=2276014080; current-skin=/static/admin/css/skins/blue.min.css; pgv_si=s6825380864; PHPSESSID=t1ev0u84859me54cpe6rqg7ct6',
)
[ info ] [ PARAM ] array (
  'id' => '2',
)
[ info ] [ SESSION ] INIT array (
  'id' => '',
  'var_session_id' => '',
  'prefix' => 'think',
  'type' => '',
  'auto_start' => true,
)
[ info ] [ RUN ] app\admin\controller\Member->edit[ D:\phpStudy\WWW\tpblog\application\admin\controller\Member.php ]
[ info ] [ DB ] INIT mysql
[ info ] [ VIEW ] D:\phpStudy\WWW\tpblog\public/../application/admin\view\member\edit.html [ array (
  0 => 'memberInfo',
) ]
[ info ] [ LOG ] INIT File
---------------------------------------------------------------
[ 2019-09-27T12:31:50+08:00 ] 127.0.0.1 POST tpblog.cn/admin/memberedit.html
[运行时间：0.370502s] [吞吐率：2.70req/s] [内存消耗：2,998.14kb] [文件加载：60]
[ info ] [ LANG ] D:\phpStudy\WWW\tpblog\thinkphp\lang\zh-cn.php
[ info ] [ ROUTE ] array (
  'type' => 'module',
  'module' => 
  array (
    0 => 'admin',
    1 => 'member',
    2 => 'edit',
  ),
  'convert' => false,
)
[ info ] [ HEADER ] array (
  'host' => 'tpblog.cn',
  'connection' => 'keep-alive',
  'content-length' => '67',
  'accept' => 'application/json, text/javascript, */*; q=0.01',
  'origin' => 'http://tpblog.cn',
  'x-requested-with' => 'XMLHttpRequest',
  'user-agent' => 'Mozilla/5.0 (Windows NT 10.0; WOW64) AppleWebKit/537.36 (KHTML, like Gecko) Chrome/78.0.3887.7 Safari/537.36',
  'content-type' => 'application/x-www-form-urlencoded; charset=UTF-8',
  'referer' => 'http://tpblog.cn/admin/memberedit/2.html',
  'accept-encoding' => 'gzip, deflate',
  'accept-language' => 'zh-CN,zh;q=0.9',
  'cookie' => 'breadcrumbs-fixed=false; page-header-fixed=false; navbar-fixed-top=false; sidebar-fixed=false; pgv_pvi=2276014080; current-skin=/static/admin/css/skins/blue.min.css; pgv_si=s6825380864; PHPSESSID=t1ev0u84859me54cpe6rqg7ct6',
)
[ info ] [ PARAM ] array (
  'id' => NULL,
  'oldpass' => '111',
  'newpass' => '222',
  'nickname' => '梦中醉01',
)
[ info ] [ SESSION ] INIT array (
  'id' => '',
  'var_session_id' => '',
  'prefix' => 'think',
  'type' => '',
  'auto_start' => true,
)
[ info ] [ RUN ] app\admin\controller\Member->edit[ D:\phpStudy\WWW\tpblog\application\admin\controller\Member.php ]
[ info ] [ DB ] INIT mysql
[ info ] [ CACHE ] INIT File
[ info ] [ LOG ] INIT File
---------------------------------------------------------------
[ 2019-09-27T12:31:52+08:00 ] 127.0.0.1 GET tpblog.cn/admin/memberlists.html
[运行时间：0.121800s] [吞吐率：8.21req/s] [内存消耗：3,039.90kb] [文件加载：60]
[ info ] [ LANG ] D:\phpStudy\WWW\tpblog\thinkphp\lang\zh-cn.php
[ info ] [ ROUTE ] array (
  'type' => 'module',
  'module' => 
  array (
    0 => 'admin',
    1 => 'member',
    2 => 'lists',
  ),
  'convert' => false,
)
[ info ] [ HEADER ] array (
  'host' => 'tpblog.cn',
  'connection' => 'keep-alive',
  'upgrade-insecure-requests' => '1',
  'user-agent' => 'Mozilla/5.0 (Windows NT 10.0; WOW64) AppleWebKit/537.36 (KHTML, like Gecko) Chrome/78.0.3887.7 Safari/537.36',
  'accept' => 'text/html,application/xhtml+xml,application/xml;q=0.9,image/webp,image/apng,*/*;q=0.8,application/signed-exchange;v=b3',
  'referer' => 'http://tpblog.cn/admin/memberedit/2.html',
  'accept-encoding' => 'gzip, deflate',
  'accept-language' => 'zh-CN,zh;q=0.9',
  'cookie' => 'breadcrumbs-fixed=false; page-header-fixed=false; navbar-fixed-top=false; sidebar-fixed=false; pgv_pvi=2276014080; current-skin=/static/admin/css/skins/blue.min.css; pgv_si=s6825380864; PHPSESSID=t1ev0u84859me54cpe6rqg7ct6',
)
[ info ] [ PARAM ] array (
)
[ info ] [ SESSION ] INIT array (
  'id' => '',
  'var_session_id' => '',
  'prefix' => 'think',
  'type' => '',
  'auto_start' => true,
)
[ info ] [ RUN ] app\admin\controller\Member->lists[ D:\phpStudy\WWW\tpblog\application\admin\controller\Member.php ]
[ info ] [ DB ] INIT mysql
[ info ] [ VIEW ] D:\phpStudy\WWW\tpblog\public/../application/admin\view\member\lists.html [ array (
  0 => 'members',
) ]
[ info ] [ LOG ] INIT File
---------------------------------------------------------------
[ 2019-09-27T12:44:11+08:00 ] 127.0.0.1 GET tpblog.cn/admin/memberlists.html
[运行时间：0.092368s] [吞吐率：10.83req/s] [内存消耗：3,040.05kb] [文件加载：60]
[ info ] [ LANG ] D:\phpStudy\WWW\tpblog\thinkphp\lang\zh-cn.php
[ info ] [ ROUTE ] array (
  'type' => 'module',
  'module' => 
  array (
    0 => 'admin',
    1 => 'member',
    2 => 'lists',
  ),
  'convert' => false,
)
[ info ] [ HEADER ] array (
  'host' => 'tpblog.cn',
  'connection' => 'keep-alive',
  'cache-control' => 'max-age=0',
  'upgrade-insecure-requests' => '1',
  'user-agent' => 'Mozilla/5.0 (Windows NT 10.0; WOW64) AppleWebKit/537.36 (KHTML, like Gecko) Chrome/78.0.3887.7 Safari/537.36',
  'accept' => 'text/html,application/xhtml+xml,application/xml;q=0.9,image/webp,image/apng,*/*;q=0.8,application/signed-exchange;v=b3',
  'referer' => 'http://tpblog.cn/admin/memberedit/2.html',
  'accept-encoding' => 'gzip, deflate',
  'accept-language' => 'zh-CN,zh;q=0.9',
  'cookie' => 'breadcrumbs-fixed=false; page-header-fixed=false; navbar-fixed-top=false; sidebar-fixed=false; pgv_pvi=2276014080; current-skin=/static/admin/css/skins/blue.min.css; pgv_si=s6825380864; PHPSESSID=t1ev0u84859me54cpe6rqg7ct6',
)
[ info ] [ PARAM ] array (
)
[ info ] [ SESSION ] INIT array (
  'id' => '',
  'var_session_id' => '',
  'prefix' => 'think',
  'type' => '',
  'auto_start' => true,
)
[ info ] [ RUN ] app\admin\controller\Member->lists[ D:\phpStudy\WWW\tpblog\application\admin\controller\Member.php ]
[ info ] [ DB ] INIT mysql
[ info ] [ VIEW ] D:\phpStudy\WWW\tpblog\public/../application/admin\view\member\lists.html [ array (
  0 => 'members',
) ]
[ info ] [ LOG ] INIT File
---------------------------------------------------------------
[ 2019-09-27T12:45:49+08:00 ] 127.0.0.1 GET tpblog.cn/admin/memberlists.html
[运行时间：0.239698s] [吞吐率：4.17req/s] [内存消耗：3,228.86kb] [文件加载：66]
[ info ] [ LANG ] D:\phpStudy\WWW\tpblog\thinkphp\lang\zh-cn.php
[ info ] [ ROUTE ] array (
  'type' => 'module',
  'module' => 
  array (
    0 => 'admin',
    1 => 'member',
    2 => 'lists',
  ),
  'convert' => false,
)
[ info ] [ HEADER ] array (
  'host' => 'tpblog.cn',
  'connection' => 'keep-alive',
  'cache-control' => 'max-age=0',
  'upgrade-insecure-requests' => '1',
  'user-agent' => 'Mozilla/5.0 (Windows NT 10.0; WOW64) AppleWebKit/537.36 (KHTML, like Gecko) Chrome/78.0.3887.7 Safari/537.36',
  'accept' => 'text/html,application/xhtml+xml,application/xml;q=0.9,image/webp,image/apng,*/*;q=0.8,application/signed-exchange;v=b3',
  'referer' => 'http://tpblog.cn/admin/memberedit/2.html',
  'accept-encoding' => 'gzip, deflate',
  'accept-language' => 'zh-CN,zh;q=0.9',
  'cookie' => 'breadcrumbs-fixed=false; page-header-fixed=false; navbar-fixed-top=false; sidebar-fixed=false; pgv_pvi=2276014080; current-skin=/static/admin/css/skins/blue.min.css; pgv_si=s6825380864; PHPSESSID=t1ev0u84859me54cpe6rqg7ct6',
)
[ info ] [ PARAM ] array (
)
[ info ] [ SESSION ] INIT array (
  'id' => '',
  'var_session_id' => '',
  'prefix' => 'think',
  'type' => '',
  'auto_start' => true,
)
[ info ] [ RUN ] app\admin\controller\Member->lists[ D:\phpStudy\WWW\tpblog\application\admin\controller\Member.php ]
[ info ] [ DB ] INIT mysql
[ info ] [ VIEW ] D:\phpStudy\WWW\tpblog\public/../application/admin\view\member\lists.html [ array (
  0 => 'members',
) ]
[ info ] [ LOG ] INIT File
[ error ] [8]未定义变量: cates[D:\phpStudy\WWW\tpblog\runtime\temp\abfd3dfed7f687722819b183ca9acca7.php:238]
---------------------------------------------------------------
[ 2019-09-27T12:46:01+08:00 ] 127.0.0.1 GET tpblog.cn/admin/memberlists.html
[运行时间：0.087474s] [吞吐率：11.43req/s] [内存消耗：3,228.85kb] [文件加载：66]
[ info ] [ LANG ] D:\phpStudy\WWW\tpblog\thinkphp\lang\zh-cn.php
[ info ] [ ROUTE ] array (
  'type' => 'module',
  'module' => 
  array (
    0 => 'admin',
    1 => 'member',
    2 => 'lists',
  ),
  'convert' => false,
)
[ info ] [ HEADER ] array (
  'host' => 'tpblog.cn',
  'connection' => 'keep-alive',
  'cache-control' => 'max-age=0',
  'upgrade-insecure-requests' => '1',
  'user-agent' => 'Mozilla/5.0 (Windows NT 10.0; WOW64) AppleWebKit/537.36 (KHTML, like Gecko) Chrome/78.0.3887.7 Safari/537.36',
  'accept' => 'text/html,application/xhtml+xml,application/xml;q=0.9,image/webp,image/apng,*/*;q=0.8,application/signed-exchange;v=b3',
  'referer' => 'http://tpblog.cn/admin/memberedit/2.html',
  'accept-encoding' => 'gzip, deflate',
  'accept-language' => 'zh-CN,zh;q=0.9',
  'cookie' => 'breadcrumbs-fixed=false; page-header-fixed=false; navbar-fixed-top=false; sidebar-fixed=false; pgv_pvi=2276014080; current-skin=/static/admin/css/skins/blue.min.css; pgv_si=s6825380864; PHPSESSID=t1ev0u84859me54cpe6rqg7ct6',
)
[ info ] [ PARAM ] array (
)
[ info ] [ SESSION ] INIT array (
  'id' => '',
  'var_session_id' => '',
  'prefix' => 'think',
  'type' => '',
  'auto_start' => true,
)
[ info ] [ RUN ] app\admin\controller\Member->lists[ D:\phpStudy\WWW\tpblog\application\admin\controller\Member.php ]
[ info ] [ DB ] INIT mysql
[ info ] [ VIEW ] D:\phpStudy\WWW\tpblog\public/../application/admin\view\member\lists.html [ array (
  0 => 'members',
) ]
[ info ] [ LOG ] INIT File
[ error ] [8]未定义变量: memberInfo[D:\phpStudy\WWW\tpblog\runtime\temp\abfd3dfed7f687722819b183ca9acca7.php:238]
---------------------------------------------------------------
[ 2019-09-27T12:46:08+08:00 ] 127.0.0.1 GET tpblog.cn/admin/memberlists.html
[运行时间：0.066236s] [吞吐率：15.10req/s] [内存消耗：3,228.87kb] [文件加载：66]
[ info ] [ LANG ] D:\phpStudy\WWW\tpblog\thinkphp\lang\zh-cn.php
[ info ] [ ROUTE ] array (
  'type' => 'module',
  'module' => 
  array (
    0 => 'admin',
    1 => 'member',
    2 => 'lists',
  ),
  'convert' => false,
)
[ info ] [ HEADER ] array (
  'host' => 'tpblog.cn',
  'connection' => 'keep-alive',
  'cache-control' => 'max-age=0',
  'upgrade-insecure-requests' => '1',
  'user-agent' => 'Mozilla/5.0 (Windows NT 10.0; WOW64) AppleWebKit/537.36 (KHTML, like Gecko) Chrome/78.0.3887.7 Safari/537.36',
  'accept' => 'text/html,application/xhtml+xml,application/xml;q=0.9,image/webp,image/apng,*/*;q=0.8,application/signed-exchange;v=b3',
  'referer' => 'http://tpblog.cn/admin/memberedit/2.html',
  'accept-encoding' => 'gzip, deflate',
  'accept-language' => 'zh-CN,zh;q=0.9',
  'cookie' => 'breadcrumbs-fixed=false; page-header-fixed=false; navbar-fixed-top=false; sidebar-fixed=false; pgv_pvi=2276014080; current-skin=/static/admin/css/skins/blue.min.css; pgv_si=s6825380864; PHPSESSID=t1ev0u84859me54cpe6rqg7ct6',
)
[ info ] [ PARAM ] array (
)
[ info ] [ SESSION ] INIT array (
  'id' => '',
  'var_session_id' => '',
  'prefix' => 'think',
  'type' => '',
  'auto_start' => true,
)
[ info ] [ RUN ] app\admin\controller\Member->lists[ D:\phpStudy\WWW\tpblog\application\admin\controller\Member.php ]
[ info ] [ DB ] INIT mysql
[ info ] [ VIEW ] D:\phpStudy\WWW\tpblog\public/../application/admin\view\member\lists.html [ array (
  0 => 'members',
) ]
[ info ] [ LOG ] INIT File
[ error ] [8]未定义变量: member[D:\phpStudy\WWW\tpblog\runtime\temp\abfd3dfed7f687722819b183ca9acca7.php:238]
---------------------------------------------------------------
[ 2019-09-27T12:46:41+08:00 ] 127.0.0.1 GET tpblog.cn/admin/memberlists.html
[运行时间：0.102065s] [吞吐率：9.80req/s] [内存消耗：3,198.80kb] [文件加载：62]
[ info ] [ LANG ] D:\phpStudy\WWW\tpblog\thinkphp\lang\zh-cn.php
[ info ] [ ROUTE ] array (
  'type' => 'module',
  'module' => 
  array (
    0 => 'admin',
    1 => 'member',
    2 => 'lists',
  ),
  'convert' => false,
)
[ info ] [ HEADER ] array (
  'host' => 'tpblog.cn',
  'connection' => 'keep-alive',
  'cache-control' => 'max-age=0',
  'upgrade-insecure-requests' => '1',
  'user-agent' => 'Mozilla/5.0 (Windows NT 10.0; WOW64) AppleWebKit/537.36 (KHTML, like Gecko) Chrome/78.0.3887.7 Safari/537.36',
  'accept' => 'text/html,application/xhtml+xml,application/xml;q=0.9,image/webp,image/apng,*/*;q=0.8,application/signed-exchange;v=b3',
  'referer' => 'http://tpblog.cn/admin/memberedit/2.html',
  'accept-encoding' => 'gzip, deflate',
  'accept-language' => 'zh-CN,zh;q=0.9',
  'cookie' => 'breadcrumbs-fixed=false; page-header-fixed=false; navbar-fixed-top=false; sidebar-fixed=false; pgv_pvi=2276014080; current-skin=/static/admin/css/skins/blue.min.css; pgv_si=s6825380864; PHPSESSID=t1ev0u84859me54cpe6rqg7ct6',
)
[ info ] [ PARAM ] array (
)
[ info ] [ SESSION ] INIT array (
  'id' => '',
  'var_session_id' => '',
  'prefix' => 'think',
  'type' => '',
  'auto_start' => true,
)
[ info ] [ RUN ] app\admin\controller\Member->lists[ D:\phpStudy\WWW\tpblog\application\admin\controller\Member.php ]
[ info ] [ DB ] INIT mysql
[ info ] [ VIEW ] D:\phpStudy\WWW\tpblog\public/../application/admin\view\member\lists.html [ array (
  0 => 'members',
) ]
[ info ] [ LOG ] INIT File
---------------------------------------------------------------
[ 2019-09-27T13:02:35+08:00 ] 127.0.0.1 GET tpblog.cn/admin/memberlists.html
[运行时间：0.082643s] [吞吐率：12.10req/s] [内存消耗：3,204.89kb] [文件加载：62]
[ info ] [ LANG ] D:\phpStudy\WWW\tpblog\thinkphp\lang\zh-cn.php
[ info ] [ ROUTE ] array (
  'type' => 'module',
  'module' => 
  array (
    0 => 'admin',
    1 => 'member',
    2 => 'lists',
  ),
  'convert' => false,
)
[ info ] [ HEADER ] array (
  'host' => 'tpblog.cn',
  'connection' => 'keep-alive',
  'cache-control' => 'max-age=0',
  'upgrade-insecure-requests' => '1',
  'user-agent' => 'Mozilla/5.0 (Windows NT 10.0; WOW64) AppleWebKit/537.36 (KHTML, like Gecko) Chrome/78.0.3887.7 Safari/537.36',
  'accept' => 'text/html,application/xhtml+xml,application/xml;q=0.9,image/webp,image/apng,*/*;q=0.8,application/signed-exchange;v=b3',
  'referer' => 'http://tpblog.cn/admin/memberedit/2.html',
  'accept-encoding' => 'gzip, deflate',
  'accept-language' => 'zh-CN,zh;q=0.9',
  'cookie' => 'breadcrumbs-fixed=false; page-header-fixed=false; navbar-fixed-top=false; sidebar-fixed=false; pgv_pvi=2276014080; current-skin=/static/admin/css/skins/blue.min.css; pgv_si=s6825380864; PHPSESSID=t1ev0u84859me54cpe6rqg7ct6',
)
[ info ] [ PARAM ] array (
)
[ info ] [ SESSION ] INIT array (
  'id' => '',
  'var_session_id' => '',
  'prefix' => 'think',
  'type' => '',
  'auto_start' => true,
)
[ info ] [ RUN ] app\admin\controller\Member->lists[ D:\phpStudy\WWW\tpblog\application\admin\controller\Member.php ]
[ info ] [ DB ] INIT mysql
[ info ] [ VIEW ] D:\phpStudy\WWW\tpblog\public/../application/admin\view\member\lists.html [ array (
  0 => 'members',
) ]
[ info ] [ LOG ] INIT File
---------------------------------------------------------------
[ 2019-09-27T13:02:42+08:00 ] 127.0.0.1 POST tpblog.cn/admin/memberdel.html
[运行时间：0.185803s] [吞吐率：5.38req/s] [内存消耗：2,870.55kb] [文件加载：57]
[ info ] [ LANG ] D:\phpStudy\WWW\tpblog\thinkphp\lang\zh-cn.php
[ info ] [ ROUTE ] array (
  'type' => 'module',
  'module' => 
  array (
    0 => 'admin',
    1 => 'member',
    2 => 'del',
  ),
  'convert' => false,
)
[ info ] [ HEADER ] array (
  'host' => 'tpblog.cn',
  'connection' => 'keep-alive',
  'content-length' => '4',
  'accept' => 'application/json, text/javascript, */*; q=0.01',
  'origin' => 'http://tpblog.cn',
  'x-requested-with' => 'XMLHttpRequest',
  'user-agent' => 'Mozilla/5.0 (Windows NT 10.0; WOW64) AppleWebKit/537.36 (KHTML, like Gecko) Chrome/78.0.3887.7 Safari/537.36',
  'content-type' => 'application/x-www-form-urlencoded; charset=UTF-8',
  'referer' => 'http://tpblog.cn/admin/memberlists.html',
  'accept-encoding' => 'gzip, deflate',
  'accept-language' => 'zh-CN,zh;q=0.9',
  'cookie' => 'breadcrumbs-fixed=false; page-header-fixed=false; navbar-fixed-top=false; sidebar-fixed=false; pgv_pvi=2276014080; current-skin=/static/admin/css/skins/blue.min.css; pgv_si=s6825380864; PHPSESSID=t1ev0u84859me54cpe6rqg7ct6',
)
[ info ] [ PARAM ] array (
  'id' => '2',
)
[ info ] [ SESSION ] INIT array (
  'id' => '',
  'var_session_id' => '',
  'prefix' => 'think',
  'type' => '',
  'auto_start' => true,
)
[ info ] [ RUN ] app\admin\controller\Member->del[ D:\phpStudy\WWW\tpblog\application\admin\controller\Member.php ]
[ info ] [ DB ] INIT mysql
[ info ] [ LOG ] INIT File
[ error ] [1]Call to a member function delete() on a non-object[D:\phpStudy\WWW\tpblog\application\admin\controller\Member.php:74]
---------------------------------------------------------------
[ 2019-09-27T13:04:12+08:00 ] 127.0.0.1 GET tpblog.cn/admin/memberlists.html
[运行时间：0.062998s] [吞吐率：15.87req/s] [内存消耗：3,043.82kb] [文件加载：60]
[ info ] [ LANG ] D:\phpStudy\WWW\tpblog\thinkphp\lang\zh-cn.php
[ info ] [ ROUTE ] array (
  'type' => 'module',
  'module' => 
  array (
    0 => 'admin',
    1 => 'member',
    2 => 'lists',
  ),
  'convert' => false,
)
[ info ] [ HEADER ] array (
  'host' => 'tpblog.cn',
  'connection' => 'keep-alive',
  'cache-control' => 'max-age=0',
  'upgrade-insecure-requests' => '1',
  'user-agent' => 'Mozilla/5.0 (Windows NT 10.0; WOW64) AppleWebKit/537.36 (KHTML, like Gecko) Chrome/78.0.3887.7 Safari/537.36',
  'accept' => 'text/html,application/xhtml+xml,application/xml;q=0.9,image/webp,image/apng,*/*;q=0.8,application/signed-exchange;v=b3',
  'referer' => 'http://tpblog.cn/admin/memberedit/2.html',
  'accept-encoding' => 'gzip, deflate',
  'accept-language' => 'zh-CN,zh;q=0.9',
  'cookie' => 'breadcrumbs-fixed=false; page-header-fixed=false; navbar-fixed-top=false; sidebar-fixed=false; pgv_pvi=2276014080; current-skin=/static/admin/css/skins/blue.min.css; pgv_si=s6825380864; PHPSESSID=t1ev0u84859me54cpe6rqg7ct6',
)
[ info ] [ PARAM ] array (
)
[ info ] [ SESSION ] INIT array (
  'id' => '',
  'var_session_id' => '',
  'prefix' => 'think',
  'type' => '',
  'auto_start' => true,
)
[ info ] [ RUN ] app\admin\controller\Member->lists[ D:\phpStudy\WWW\tpblog\application\admin\controller\Member.php ]
[ info ] [ DB ] INIT mysql
[ info ] [ VIEW ] D:\phpStudy\WWW\tpblog\public/../application/admin\view\member\lists.html [ array (
  0 => 'members',
) ]
[ info ] [ LOG ] INIT File
---------------------------------------------------------------
[ 2019-09-27T13:04:15+08:00 ] 127.0.0.1 POST tpblog.cn/admin/memberdel.html
[运行时间：0.149220s] [吞吐率：6.70req/s] [内存消耗：2,982.52kb] [文件加载：59]
[ info ] [ LANG ] D:\phpStudy\WWW\tpblog\thinkphp\lang\zh-cn.php
[ info ] [ ROUTE ] array (
  'type' => 'module',
  'module' => 
  array (
    0 => 'admin',
    1 => 'member',
    2 => 'del',
  ),
  'convert' => false,
)
[ info ] [ HEADER ] array (
  'host' => 'tpblog.cn',
  'connection' => 'keep-alive',
  'content-length' => '4',
  'accept' => 'application/json, text/javascript, */*; q=0.01',
  'origin' => 'http://tpblog.cn',
  'x-requested-with' => 'XMLHttpRequest',
  'user-agent' => 'Mozilla/5.0 (Windows NT 10.0; WOW64) AppleWebKit/537.36 (KHTML, like Gecko) Chrome/78.0.3887.7 Safari/537.36',
  'content-type' => 'application/x-www-form-urlencoded; charset=UTF-8',
  'referer' => 'http://tpblog.cn/admin/memberlists.html',
  'accept-encoding' => 'gzip, deflate',
  'accept-language' => 'zh-CN,zh;q=0.9',
  'cookie' => 'breadcrumbs-fixed=false; page-header-fixed=false; navbar-fixed-top=false; sidebar-fixed=false; pgv_pvi=2276014080; current-skin=/static/admin/css/skins/blue.min.css; pgv_si=s6825380864; PHPSESSID=t1ev0u84859me54cpe6rqg7ct6',
)
[ info ] [ PARAM ] array (
  'id' => '2',
)
[ info ] [ SESSION ] INIT array (
  'id' => '',
  'var_session_id' => '',
  'prefix' => 'think',
  'type' => '',
  'auto_start' => true,
)
[ info ] [ RUN ] app\admin\controller\Member->del[ D:\phpStudy\WWW\tpblog\application\admin\controller\Member.php ]
[ info ] [ DB ] INIT mysql
[ info ] [ CACHE ] INIT File
[ info ] [ LOG ] INIT File
---------------------------------------------------------------
[ 2019-09-27T13:04:17+08:00 ] 127.0.0.1 GET tpblog.cn/admin/memberlists.html
[运行时间：0.064152s] [吞吐率：15.59req/s] [内存消耗：3,040.27kb] [文件加载：60]
[ info ] [ LANG ] D:\phpStudy\WWW\tpblog\thinkphp\lang\zh-cn.php
[ info ] [ ROUTE ] array (
  'type' => 'module',
  'module' => 
  array (
    0 => 'admin',
    1 => 'member',
    2 => 'lists',
  ),
  'convert' => false,
)
[ info ] [ HEADER ] array (
  'host' => 'tpblog.cn',
  'connection' => 'keep-alive',
  'upgrade-insecure-requests' => '1',
  'user-agent' => 'Mozilla/5.0 (Windows NT 10.0; WOW64) AppleWebKit/537.36 (KHTML, like Gecko) Chrome/78.0.3887.7 Safari/537.36',
  'accept' => 'text/html,application/xhtml+xml,application/xml;q=0.9,image/webp,image/apng,*/*;q=0.8,application/signed-exchange;v=b3',
  'referer' => 'http://tpblog.cn/admin/memberlists.html',
  'accept-encoding' => 'gzip, deflate',
  'accept-language' => 'zh-CN,zh;q=0.9',
  'cookie' => 'breadcrumbs-fixed=false; page-header-fixed=false; navbar-fixed-top=false; sidebar-fixed=false; pgv_pvi=2276014080; current-skin=/static/admin/css/skins/blue.min.css; pgv_si=s6825380864; PHPSESSID=t1ev0u84859me54cpe6rqg7ct6',
)
[ info ] [ PARAM ] array (
)
[ info ] [ SESSION ] INIT array (
  'id' => '',
  'var_session_id' => '',
  'prefix' => 'think',
  'type' => '',
  'auto_start' => true,
)
[ info ] [ RUN ] app\admin\controller\Member->lists[ D:\phpStudy\WWW\tpblog\application\admin\controller\Member.php ]
[ info ] [ DB ] INIT mysql
[ info ] [ VIEW ] D:\phpStudy\WWW\tpblog\public/../application/admin\view\member\lists.html [ array (
  0 => 'members',
) ]
[ info ] [ LOG ] INIT File
