---------------------------------------------------------------
[ 2019-10-02T09:05:25+08:00 ] 127.0.0.1 GET tpblog.cn/
[运行时间：0.398958s] [吞吐率：2.51req/s] [内存消耗：1,408.25kb] [文件加载：37]
[ info ] [ LANG ] D:\phpStudy\WWW\tpblog\thinkphp\lang\zh-cn.php
[ info ] [ ROUTE ] array (
  'type' => 'module',
  'module' => 
  array (
    0 => '',
    1 => NULL,
    2 => NULL,
  ),
)
[ info ] [ HEADER ] array (
  'host' => 'tpblog.cn',
  'connection' => 'keep-alive',
  'upgrade-insecure-requests' => '1',
  'user-agent' => 'Mozilla/5.0 (Windows NT 10.0; WOW64) AppleWebKit/537.36 (KHTML, like Gecko) Chrome/78.0.3887.7 Safari/537.36',
  'accept' => 'text/html,application/xhtml+xml,application/xml;q=0.9,image/webp,image/apng,*/*;q=0.8,application/signed-exchange;v=b3',
  'accept-encoding' => 'gzip, deflate',
  'accept-language' => 'zh-CN,zh;q=0.9',
  'cookie' => 'breadcrumbs-fixed=false; page-header-fixed=false; navbar-fixed-top=false; sidebar-fixed=false; pgv_pvi=2276014080; current-skin=/static/admin/css/skins/blue.min.css',
)
[ info ] [ PARAM ] array (
)
[ info ] [ RUN ] app\index\controller\Index->index[ D:\phpStudy\WWW\tpblog\application\index\controller\Index.php ]
[ info ] [ LOG ] INIT File
---------------------------------------------------------------
[ 2019-10-02T09:05:29+08:00 ] 127.0.0.1 GET tpblog.cn/admin
[运行时间：0.138188s] [吞吐率：7.24req/s] [内存消耗：1,778.46kb] [文件加载：46]
[ info ] [ LANG ] D:\phpStudy\WWW\tpblog\thinkphp\lang\zh-cn.php
[ info ] [ ROUTE ] array (
  'type' => 'module',
  'module' => 
  array (
    0 => 'admin',
    1 => 'index',
    2 => 'login',
  ),
  'convert' => false,
)
[ info ] [ HEADER ] array (
  'host' => 'tpblog.cn',
  'connection' => 'keep-alive',
  'upgrade-insecure-requests' => '1',
  'user-agent' => 'Mozilla/5.0 (Windows NT 10.0; WOW64) AppleWebKit/537.36 (KHTML, like Gecko) Chrome/78.0.3887.7 Safari/537.36',
  'accept' => 'text/html,application/xhtml+xml,application/xml;q=0.9,image/webp,image/apng,*/*;q=0.8,application/signed-exchange;v=b3',
  'purpose' => 'prefetch',
  'accept-encoding' => 'gzip, deflate',
  'accept-language' => 'zh-CN,zh;q=0.9',
  'cookie' => 'breadcrumbs-fixed=false; page-header-fixed=false; navbar-fixed-top=false; sidebar-fixed=false; pgv_pvi=2276014080; current-skin=/static/admin/css/skins/blue.min.css; pgv_si=s985110528',
)
[ info ] [ PARAM ] array (
)
[ info ] [ SESSION ] INIT array (
  'id' => '',
  'var_session_id' => '',
  'prefix' => 'think',
  'type' => '',
  'auto_start' => true,
)
[ info ] [ RUN ] app\admin\controller\Index->login[ D:\phpStudy\WWW\tpblog\application\admin\controller\Index.php ]
[ info ] [ VIEW ] D:\phpStudy\WWW\tpblog\public/../application/admin\view\index\login.html [ array (
) ]
[ info ] [ LOG ] INIT File
---------------------------------------------------------------
[ 2019-10-02T09:05:30+08:00 ] 127.0.0.1 GET tpblog.cn/admin
[运行时间：0.051265s] [吞吐率：19.51req/s] [内存消耗：1,778.19kb] [文件加载：46]
[ info ] [ LANG ] D:\phpStudy\WWW\tpblog\thinkphp\lang\zh-cn.php
[ info ] [ ROUTE ] array (
  'type' => 'module',
  'module' => 
  array (
    0 => 'admin',
    1 => 'index',
    2 => 'login',
  ),
  'convert' => false,
)
[ info ] [ HEADER ] array (
  'host' => 'tpblog.cn',
  'connection' => 'keep-alive',
  'upgrade-insecure-requests' => '1',
  'user-agent' => 'Mozilla/5.0 (Windows NT 10.0; WOW64) AppleWebKit/537.36 (KHTML, like Gecko) Chrome/78.0.3887.7 Safari/537.36',
  'accept' => 'text/html,application/xhtml+xml,application/xml;q=0.9,image/webp,image/apng,*/*;q=0.8,application/signed-exchange;v=b3',
  'accept-encoding' => 'gzip, deflate',
  'accept-language' => 'zh-CN,zh;q=0.9',
  'cookie' => 'breadcrumbs-fixed=false; page-header-fixed=false; navbar-fixed-top=false; sidebar-fixed=false; pgv_pvi=2276014080; current-skin=/static/admin/css/skins/blue.min.css; pgv_si=s985110528; PHPSESSID=9m1ld935qf0vqu321drshqatu3',
)
[ info ] [ PARAM ] array (
)
[ info ] [ SESSION ] INIT array (
  'id' => '',
  'var_session_id' => '',
  'prefix' => 'think',
  'type' => '',
  'auto_start' => true,
)
[ info ] [ RUN ] app\admin\controller\Index->login[ D:\phpStudy\WWW\tpblog\application\admin\controller\Index.php ]
[ info ] [ VIEW ] D:\phpStudy\WWW\tpblog\public/../application/admin\view\index\login.html [ array (
) ]
[ info ] [ LOG ] INIT File
---------------------------------------------------------------
[ 2019-10-02T09:05:30+08:00 ] 127.0.0.1 GET tpblog.cn/logo.jpg
[运行时间：0.147633s] [吞吐率：6.77req/s] [内存消耗：1,443.28kb] [文件加载：39]
[ info ] [ LANG ] D:\phpStudy\WWW\tpblog\thinkphp\lang\zh-cn.php
[ info ] [ ROUTE ] array (
  'type' => 'module',
  'module' => 
  array (
    0 => 'logo.jpg',
    1 => NULL,
    2 => NULL,
  ),
)
[ info ] [ HEADER ] array (
  'host' => 'tpblog.cn',
  'connection' => 'keep-alive',
  'user-agent' => 'Mozilla/5.0 (Windows NT 10.0; WOW64) AppleWebKit/537.36 (KHTML, like Gecko) Chrome/78.0.3887.7 Safari/537.36',
  'accept' => 'image/webp,image/apng,image/*,*/*;q=0.8',
  'referer' => 'http://tpblog.cn/admin',
  'accept-encoding' => 'gzip, deflate',
  'accept-language' => 'zh-CN,zh;q=0.9',
  'cookie' => 'breadcrumbs-fixed=false; page-header-fixed=false; navbar-fixed-top=false; sidebar-fixed=false; pgv_pvi=2276014080; current-skin=/static/admin/css/skins/blue.min.css; pgv_si=s985110528; PHPSESSID=9m1ld935qf0vqu321drshqatu3',
)
[ info ] [ PARAM ] array (
)
[ info ] [ LOG ] INIT File
---------------------------------------------------------------
[ 2019-10-02T09:05:34+08:00 ] 127.0.0.1 POST tpblog.cn/admin.html
[运行时间：0.186218s] [吞吐率：5.37req/s] [内存消耗：2,876.42kb] [文件加载：55]
[ info ] [ LANG ] D:\phpStudy\WWW\tpblog\thinkphp\lang\zh-cn.php
[ info ] [ ROUTE ] array (
  'type' => 'module',
  'module' => 
  array (
    0 => 'admin',
    1 => 'index',
    2 => 'login',
  ),
  'convert' => false,
)
[ info ] [ HEADER ] array (
  'host' => 'tpblog.cn',
  'connection' => 'keep-alive',
  'content-length' => '23',
  'accept' => 'application/json, text/javascript, */*; q=0.01',
  'origin' => 'http://tpblog.cn',
  'x-requested-with' => 'XMLHttpRequest',
  'user-agent' => 'Mozilla/5.0 (Windows NT 10.0; WOW64) AppleWebKit/537.36 (KHTML, like Gecko) Chrome/78.0.3887.7 Safari/537.36',
  'content-type' => 'application/x-www-form-urlencoded; charset=UTF-8',
  'referer' => 'http://tpblog.cn/admin',
  'accept-encoding' => 'gzip, deflate',
  'accept-language' => 'zh-CN,zh;q=0.9',
  'cookie' => 'breadcrumbs-fixed=false; page-header-fixed=false; navbar-fixed-top=false; sidebar-fixed=false; pgv_pvi=2276014080; current-skin=/static/admin/css/skins/blue.min.css; pgv_si=s985110528; PHPSESSID=9m1ld935qf0vqu321drshqatu3',
)
[ info ] [ PARAM ] array (
  'username' => '12',
  'password' => '12',
)
[ info ] [ SESSION ] INIT array (
  'id' => '',
  'var_session_id' => '',
  'prefix' => 'think',
  'type' => '',
  'auto_start' => true,
)
[ info ] [ RUN ] app\admin\controller\Index->login[ D:\phpStudy\WWW\tpblog\application\admin\controller\Index.php ]
[ info ] [ DB ] INIT mysql
[ info ] [ LOG ] INIT File
---------------------------------------------------------------
[ 2019-10-02T09:05:38+08:00 ] 127.0.0.1 POST tpblog.cn/admin.html
[运行时间：0.054135s] [吞吐率：18.47req/s] [内存消耗：2,876.42kb] [文件加载：55]
[ info ] [ LANG ] D:\phpStudy\WWW\tpblog\thinkphp\lang\zh-cn.php
[ info ] [ ROUTE ] array (
  'type' => 'module',
  'module' => 
  array (
    0 => 'admin',
    1 => 'index',
    2 => 'login',
  ),
  'convert' => false,
)
[ info ] [ HEADER ] array (
  'host' => 'tpblog.cn',
  'connection' => 'keep-alive',
  'content-length' => '23',
  'accept' => 'application/json, text/javascript, */*; q=0.01',
  'origin' => 'http://tpblog.cn',
  'x-requested-with' => 'XMLHttpRequest',
  'user-agent' => 'Mozilla/5.0 (Windows NT 10.0; WOW64) AppleWebKit/537.36 (KHTML, like Gecko) Chrome/78.0.3887.7 Safari/537.36',
  'content-type' => 'application/x-www-form-urlencoded; charset=UTF-8',
  'referer' => 'http://tpblog.cn/admin',
  'accept-encoding' => 'gzip, deflate',
  'accept-language' => 'zh-CN,zh;q=0.9',
  'cookie' => 'breadcrumbs-fixed=false; page-header-fixed=false; navbar-fixed-top=false; sidebar-fixed=false; pgv_pvi=2276014080; current-skin=/static/admin/css/skins/blue.min.css; pgv_si=s985110528; PHPSESSID=9m1ld935qf0vqu321drshqatu3',
)
[ info ] [ PARAM ] array (
  'username' => '12',
  'password' => '12',
)
[ info ] [ SESSION ] INIT array (
  'id' => '',
  'var_session_id' => '',
  'prefix' => 'think',
  'type' => '',
  'auto_start' => true,
)
[ info ] [ RUN ] app\admin\controller\Index->login[ D:\phpStudy\WWW\tpblog\application\admin\controller\Index.php ]
[ info ] [ DB ] INIT mysql
[ info ] [ LOG ] INIT File
---------------------------------------------------------------
[ 2019-10-02T09:05:49+08:00 ] 127.0.0.1 POST tpblog.cn/admin.html
[运行时间：0.050882s] [吞吐率：19.65req/s] [内存消耗：2,877.16kb] [文件加载：55]
[ info ] [ LANG ] D:\phpStudy\WWW\tpblog\thinkphp\lang\zh-cn.php
[ info ] [ ROUTE ] array (
  'type' => 'module',
  'module' => 
  array (
    0 => 'admin',
    1 => 'index',
    2 => 'login',
  ),
  'convert' => false,
)
[ info ] [ HEADER ] array (
  'host' => 'tpblog.cn',
  'connection' => 'keep-alive',
  'content-length' => '24',
  'accept' => 'application/json, text/javascript, */*; q=0.01',
  'origin' => 'http://tpblog.cn',
  'x-requested-with' => 'XMLHttpRequest',
  'user-agent' => 'Mozilla/5.0 (Windows NT 10.0; WOW64) AppleWebKit/537.36 (KHTML, like Gecko) Chrome/78.0.3887.7 Safari/537.36',
  'content-type' => 'application/x-www-form-urlencoded; charset=UTF-8',
  'referer' => 'http://tpblog.cn/admin',
  'accept-encoding' => 'gzip, deflate',
  'accept-language' => 'zh-CN,zh;q=0.9',
  'cookie' => 'breadcrumbs-fixed=false; page-header-fixed=false; navbar-fixed-top=false; sidebar-fixed=false; pgv_pvi=2276014080; current-skin=/static/admin/css/skins/blue.min.css; pgv_si=s985110528; PHPSESSID=9m1ld935qf0vqu321drshqatu3',
)
[ info ] [ PARAM ] array (
  'username' => '123',
  'password' => '12',
)
[ info ] [ SESSION ] INIT array (
  'id' => '',
  'var_session_id' => '',
  'prefix' => 'think',
  'type' => '',
  'auto_start' => true,
)
[ info ] [ RUN ] app\admin\controller\Index->login[ D:\phpStudy\WWW\tpblog\application\admin\controller\Index.php ]
[ info ] [ DB ] INIT mysql
[ info ] [ LOG ] INIT File
---------------------------------------------------------------
[ 2019-10-02T09:06:03+08:00 ] 127.0.0.1 POST tpblog.cn/admin.html
[运行时间：0.045663s] [吞吐率：21.90req/s] [内存消耗：2,939.14kb] [文件加载：56]
[ info ] [ LANG ] D:\phpStudy\WWW\tpblog\thinkphp\lang\zh-cn.php
[ info ] [ ROUTE ] array (
  'type' => 'module',
  'module' => 
  array (
    0 => 'admin',
    1 => 'index',
    2 => 'login',
  ),
  'convert' => false,
)
[ info ] [ HEADER ] array (
  'host' => 'tpblog.cn',
  'connection' => 'keep-alive',
  'content-length' => '27',
  'accept' => 'application/json, text/javascript, */*; q=0.01',
  'origin' => 'http://tpblog.cn',
  'x-requested-with' => 'XMLHttpRequest',
  'user-agent' => 'Mozilla/5.0 (Windows NT 10.0; WOW64) AppleWebKit/537.36 (KHTML, like Gecko) Chrome/78.0.3887.7 Safari/537.36',
  'content-type' => 'application/x-www-form-urlencoded; charset=UTF-8',
  'referer' => 'http://tpblog.cn/admin',
  'accept-encoding' => 'gzip, deflate',
  'accept-language' => 'zh-CN,zh;q=0.9',
  'cookie' => 'breadcrumbs-fixed=false; page-header-fixed=false; navbar-fixed-top=false; sidebar-fixed=false; pgv_pvi=2276014080; current-skin=/static/admin/css/skins/blue.min.css; pgv_si=s985110528; PHPSESSID=9m1ld935qf0vqu321drshqatu3',
)
[ info ] [ PARAM ] array (
  'username' => '12',
  'password' => '123456',
)
[ info ] [ SESSION ] INIT array (
  'id' => '',
  'var_session_id' => '',
  'prefix' => 'think',
  'type' => '',
  'auto_start' => true,
)
[ info ] [ RUN ] app\admin\controller\Index->login[ D:\phpStudy\WWW\tpblog\application\admin\controller\Index.php ]
[ info ] [ DB ] INIT mysql
[ info ] [ LOG ] INIT File
---------------------------------------------------------------
[ 2019-10-02T09:06:06+08:00 ] 127.0.0.1 GET tpblog.cn/admin/index.html
[运行时间：0.160103s] [吞吐率：6.25req/s] [内存消耗：1,930.98kb] [文件加载：49]
[ info ] [ LANG ] D:\phpStudy\WWW\tpblog\thinkphp\lang\zh-cn.php
[ info ] [ ROUTE ] array (
  'type' => 'module',
  'module' => 
  array (
    0 => 'admin',
    1 => 'home',
    2 => 'index',
  ),
  'convert' => false,
)
[ info ] [ HEADER ] array (
  'host' => 'tpblog.cn',
  'connection' => 'keep-alive',
  'upgrade-insecure-requests' => '1',
  'user-agent' => 'Mozilla/5.0 (Windows NT 10.0; WOW64) AppleWebKit/537.36 (KHTML, like Gecko) Chrome/78.0.3887.7 Safari/537.36',
  'accept' => 'text/html,application/xhtml+xml,application/xml;q=0.9,image/webp,image/apng,*/*;q=0.8,application/signed-exchange;v=b3',
  'referer' => 'http://tpblog.cn/admin',
  'accept-encoding' => 'gzip, deflate',
  'accept-language' => 'zh-CN,zh;q=0.9',
  'cookie' => 'breadcrumbs-fixed=false; page-header-fixed=false; navbar-fixed-top=false; sidebar-fixed=false; pgv_pvi=2276014080; current-skin=/static/admin/css/skins/blue.min.css; pgv_si=s985110528; PHPSESSID=9m1ld935qf0vqu321drshqatu3',
)
[ info ] [ PARAM ] array (
)
[ info ] [ SESSION ] INIT array (
  'id' => '',
  'var_session_id' => '',
  'prefix' => 'think',
  'type' => '',
  'auto_start' => true,
)
[ info ] [ RUN ] app\admin\controller\Home->index[ D:\phpStudy\WWW\tpblog\application\admin\controller\Home.php ]
[ info ] [ VIEW ] D:\phpStudy\WWW\tpblog\public/../application/admin\view\home\index.html [ array (
) ]
[ info ] [ LOG ] INIT File
---------------------------------------------------------------
[ 2019-10-02T09:07:24+08:00 ] 127.0.0.1 GET tpblog.cn/admin/comment.html
[运行时间：0.331752s] [吞吐率：3.01req/s] [内存消耗：3,255.98kb] [文件加载：65]
[ info ] [ LANG ] D:\phpStudy\WWW\tpblog\thinkphp\lang\zh-cn.php
[ info ] [ ROUTE ] array (
  'type' => 'module',
  'module' => 
  array (
    0 => 'admin',
    1 => 'comment',
    2 => 'lists',
  ),
  'convert' => false,
)
[ info ] [ HEADER ] array (
  'host' => 'tpblog.cn',
  'connection' => 'keep-alive',
  'upgrade-insecure-requests' => '1',
  'user-agent' => 'Mozilla/5.0 (Windows NT 10.0; WOW64) AppleWebKit/537.36 (KHTML, like Gecko) Chrome/78.0.3887.7 Safari/537.36',
  'accept' => 'text/html,application/xhtml+xml,application/xml;q=0.9,image/webp,image/apng,*/*;q=0.8,application/signed-exchange;v=b3',
  'referer' => 'http://tpblog.cn/admin/index.html',
  'accept-encoding' => 'gzip, deflate',
  'accept-language' => 'zh-CN,zh;q=0.9',
  'cookie' => 'breadcrumbs-fixed=false; page-header-fixed=false; navbar-fixed-top=false; sidebar-fixed=false; pgv_pvi=2276014080; current-skin=/static/admin/css/skins/blue.min.css; pgv_si=s985110528; PHPSESSID=9m1ld935qf0vqu321drshqatu3',
)
[ info ] [ PARAM ] array (
)
[ info ] [ SESSION ] INIT array (
  'id' => '',
  'var_session_id' => '',
  'prefix' => 'think',
  'type' => '',
  'auto_start' => true,
)
[ info ] [ RUN ] app\admin\controller\Comment->lists[ D:\phpStudy\WWW\tpblog\application\admin\controller\Comment.php ]
[ info ] [ DB ] INIT mysql
[ info ] [ VIEW ] D:\phpStudy\WWW\tpblog\public/../application/admin\view\comment\lists.html [ array (
  0 => 'commets',
) ]
[ info ] [ LOG ] INIT File
---------------------------------------------------------------
[ 2019-10-02T09:07:32+08:00 ] 127.0.0.1 POST tpblog.cn/admin/comment/del.html
[运行时间：0.215689s] [吞吐率：4.64req/s] [内存消耗：2,983.27kb] [文件加载：59]
[ info ] [ LANG ] D:\phpStudy\WWW\tpblog\thinkphp\lang\zh-cn.php
[ info ] [ ROUTE ] array (
  'type' => 'module',
  'module' => 
  array (
    0 => 'admin',
    1 => 'comment',
    2 => 'del',
  ),
)
[ info ] [ HEADER ] array (
  'host' => 'tpblog.cn',
  'connection' => 'keep-alive',
  'content-length' => '4',
  'accept' => 'application/json, text/javascript, */*; q=0.01',
  'origin' => 'http://tpblog.cn',
  'x-requested-with' => 'XMLHttpRequest',
  'user-agent' => 'Mozilla/5.0 (Windows NT 10.0; WOW64) AppleWebKit/537.36 (KHTML, like Gecko) Chrome/78.0.3887.7 Safari/537.36',
  'content-type' => 'application/x-www-form-urlencoded; charset=UTF-8',
  'referer' => 'http://tpblog.cn/admin/comment.html',
  'accept-encoding' => 'gzip, deflate',
  'accept-language' => 'zh-CN,zh;q=0.9',
  'cookie' => 'breadcrumbs-fixed=false; page-header-fixed=false; navbar-fixed-top=false; sidebar-fixed=false; pgv_pvi=2276014080; current-skin=/static/admin/css/skins/blue.min.css; pgv_si=s985110528; PHPSESSID=9m1ld935qf0vqu321drshqatu3',
)
[ info ] [ PARAM ] array (
  'id' => '2',
)
[ info ] [ SESSION ] INIT array (
  'id' => '',
  'var_session_id' => '',
  'prefix' => 'think',
  'type' => '',
  'auto_start' => true,
)
[ info ] [ RUN ] app\admin\controller\Comment->del[ D:\phpStudy\WWW\tpblog\application\admin\controller\Comment.php ]
[ info ] [ DB ] INIT mysql
[ info ] [ CACHE ] INIT File
[ info ] [ LOG ] INIT File
---------------------------------------------------------------
[ 2019-10-02T09:07:34+08:00 ] 127.0.0.1 GET tpblog.cn/admin/comment.html
[运行时间：0.077574s] [吞吐率：12.89req/s] [内存消耗：3,245.13kb] [文件加载：65]
[ info ] [ LANG ] D:\phpStudy\WWW\tpblog\thinkphp\lang\zh-cn.php
[ info ] [ ROUTE ] array (
  'type' => 'module',
  'module' => 
  array (
    0 => 'admin',
    1 => 'comment',
    2 => 'lists',
  ),
  'convert' => false,
)
[ info ] [ HEADER ] array (
  'host' => 'tpblog.cn',
  'connection' => 'keep-alive',
  'upgrade-insecure-requests' => '1',
  'user-agent' => 'Mozilla/5.0 (Windows NT 10.0; WOW64) AppleWebKit/537.36 (KHTML, like Gecko) Chrome/78.0.3887.7 Safari/537.36',
  'accept' => 'text/html,application/xhtml+xml,application/xml;q=0.9,image/webp,image/apng,*/*;q=0.8,application/signed-exchange;v=b3',
  'referer' => 'http://tpblog.cn/admin/comment.html',
  'accept-encoding' => 'gzip, deflate',
  'accept-language' => 'zh-CN,zh;q=0.9',
  'cookie' => 'breadcrumbs-fixed=false; page-header-fixed=false; navbar-fixed-top=false; sidebar-fixed=false; pgv_pvi=2276014080; current-skin=/static/admin/css/skins/blue.min.css; pgv_si=s985110528; PHPSESSID=9m1ld935qf0vqu321drshqatu3',
)
[ info ] [ PARAM ] array (
)
[ info ] [ SESSION ] INIT array (
  'id' => '',
  'var_session_id' => '',
  'prefix' => 'think',
  'type' => '',
  'auto_start' => true,
)
[ info ] [ RUN ] app\admin\controller\Comment->lists[ D:\phpStudy\WWW\tpblog\application\admin\controller\Comment.php ]
[ info ] [ DB ] INIT mysql
[ info ] [ VIEW ] D:\phpStudy\WWW\tpblog\public/../application/admin\view\comment\lists.html [ array (
  0 => 'commets',
) ]
[ info ] [ LOG ] INIT File
---------------------------------------------------------------
[ 2019-10-02T09:14:26+08:00 ] 127.0.0.1 GET tpblog.cn/admin/comment.html
[运行时间：0.207429s] [吞吐率：4.82req/s] [内存消耗：3,404.38kb] [文件加载：67]
[ info ] [ LANG ] D:\phpStudy\WWW\tpblog\thinkphp\lang\zh-cn.php
[ info ] [ ROUTE ] array (
  'type' => 'module',
  'module' => 
  array (
    0 => 'admin',
    1 => 'comment',
    2 => 'lists',
  ),
  'convert' => false,
)
[ info ] [ HEADER ] array (
  'host' => 'tpblog.cn',
  'connection' => 'keep-alive',
  'cache-control' => 'max-age=0',
  'upgrade-insecure-requests' => '1',
  'user-agent' => 'Mozilla/5.0 (Windows NT 10.0; WOW64) AppleWebKit/537.36 (KHTML, like Gecko) Chrome/78.0.3887.7 Safari/537.36',
  'accept' => 'text/html,application/xhtml+xml,application/xml;q=0.9,image/webp,image/apng,*/*;q=0.8,application/signed-exchange;v=b3',
  'referer' => 'http://tpblog.cn/admin/comment.html',
  'accept-encoding' => 'gzip, deflate',
  'accept-language' => 'zh-CN,zh;q=0.9',
  'cookie' => 'breadcrumbs-fixed=false; page-header-fixed=false; navbar-fixed-top=false; sidebar-fixed=false; pgv_pvi=2276014080; current-skin=/static/admin/css/skins/blue.min.css; pgv_si=s985110528; PHPSESSID=9m1ld935qf0vqu321drshqatu3',
)
[ info ] [ PARAM ] array (
)
[ info ] [ SESSION ] INIT array (
  'id' => '',
  'var_session_id' => '',
  'prefix' => 'think',
  'type' => '',
  'auto_start' => true,
)
[ info ] [ RUN ] app\admin\controller\Comment->lists[ D:\phpStudy\WWW\tpblog\application\admin\controller\Comment.php ]
[ info ] [ DB ] INIT mysql
[ info ] [ VIEW ] D:\phpStudy\WWW\tpblog\public/../application/admin\view\comment\lists.html [ array (
  0 => 'commets',
) ]
[ info ] [ LOG ] INIT File
---------------------------------------------------------------
[ 2019-10-02T09:14:28+08:00 ] 127.0.0.1 GET tpblog.cn/admin/set.html
[运行时间：0.177223s] [吞吐率：5.64req/s] [内存消耗：3,047.79kb] [文件加载：58]
[ info ] [ LANG ] D:\phpStudy\WWW\tpblog\thinkphp\lang\zh-cn.php
[ info ] [ ROUTE ] array (
  'type' => 'module',
  'module' => 
  array (
    0 => 'admin',
    1 => 'system',
    2 => 'set',
  ),
  'convert' => false,
)
[ info ] [ HEADER ] array (
  'host' => 'tpblog.cn',
  'connection' => 'keep-alive',
  'upgrade-insecure-requests' => '1',
  'user-agent' => 'Mozilla/5.0 (Windows NT 10.0; WOW64) AppleWebKit/537.36 (KHTML, like Gecko) Chrome/78.0.3887.7 Safari/537.36',
  'accept' => 'text/html,application/xhtml+xml,application/xml;q=0.9,image/webp,image/apng,*/*;q=0.8,application/signed-exchange;v=b3',
  'referer' => 'http://tpblog.cn/admin/comment.html',
  'accept-encoding' => 'gzip, deflate',
  'accept-language' => 'zh-CN,zh;q=0.9',
  'cookie' => 'breadcrumbs-fixed=false; page-header-fixed=false; navbar-fixed-top=false; sidebar-fixed=false; pgv_pvi=2276014080; current-skin=/static/admin/css/skins/blue.min.css; pgv_si=s985110528; PHPSESSID=9m1ld935qf0vqu321drshqatu3',
)
[ info ] [ PARAM ] array (
)
[ info ] [ SESSION ] INIT array (
  'id' => '',
  'var_session_id' => '',
  'prefix' => 'think',
  'type' => '',
  'auto_start' => true,
)
[ info ] [ RUN ] app\admin\controller\System->set[ D:\phpStudy\WWW\tpblog\application\admin\controller\System.php ]
[ info ] [ DB ] INIT mysql
[ info ] [ VIEW ] D:\phpStudy\WWW\tpblog\public/../application/admin\view\system\set.html [ array (
  0 => 'webInfo',
) ]
[ info ] [ LOG ] INIT File
---------------------------------------------------------------
[ 2019-10-02T09:17:56+08:00 ] 127.0.0.1 GET tpblog.cn/admin/set.html
[运行时间：0.100775s] [吞吐率：9.92req/s] [内存消耗：3,049.73kb] [文件加载：58]
[ info ] [ LANG ] D:\phpStudy\WWW\tpblog\thinkphp\lang\zh-cn.php
[ info ] [ ROUTE ] array (
  'type' => 'module',
  'module' => 
  array (
    0 => 'admin',
    1 => 'system',
    2 => 'set',
  ),
  'convert' => false,
)
[ info ] [ HEADER ] array (
  'host' => 'tpblog.cn',
  'connection' => 'keep-alive',
  'cache-control' => 'max-age=0',
  'upgrade-insecure-requests' => '1',
  'user-agent' => 'Mozilla/5.0 (Windows NT 10.0; WOW64) AppleWebKit/537.36 (KHTML, like Gecko) Chrome/78.0.3887.7 Safari/537.36',
  'accept' => 'text/html,application/xhtml+xml,application/xml;q=0.9,image/webp,image/apng,*/*;q=0.8,application/signed-exchange;v=b3',
  'referer' => 'http://tpblog.cn/admin/comment.html',
  'accept-encoding' => 'gzip, deflate',
  'accept-language' => 'zh-CN,zh;q=0.9',
  'cookie' => 'breadcrumbs-fixed=false; page-header-fixed=false; navbar-fixed-top=false; sidebar-fixed=false; pgv_pvi=2276014080; current-skin=/static/admin/css/skins/blue.min.css; pgv_si=s985110528; PHPSESSID=9m1ld935qf0vqu321drshqatu3',
)
[ info ] [ PARAM ] array (
)
[ info ] [ SESSION ] INIT array (
  'id' => '',
  'var_session_id' => '',
  'prefix' => 'think',
  'type' => '',
  'auto_start' => true,
)
[ info ] [ RUN ] app\admin\controller\System->set[ D:\phpStudy\WWW\tpblog\application\admin\controller\System.php ]
[ info ] [ DB ] INIT mysql
[ info ] [ VIEW ] D:\phpStudy\WWW\tpblog\public/../application/admin\view\system\set.html [ array (
  0 => 'webInfo',
) ]
[ info ] [ LOG ] INIT File
---------------------------------------------------------------
[ 2019-10-02T09:39:38+08:00 ] 127.0.0.1 GET tpblog.cn/admin/set.html
[运行时间：0.076870s] [吞吐率：13.01req/s] [内存消耗：3,072.93kb] [文件加载：58]
[ info ] [ LANG ] D:\phpStudy\WWW\tpblog\thinkphp\lang\zh-cn.php
[ info ] [ ROUTE ] array (
  'type' => 'module',
  'module' => 
  array (
    0 => 'admin',
    1 => 'system',
    2 => 'set',
  ),
  'convert' => false,
)
[ info ] [ HEADER ] array (
  'host' => 'tpblog.cn',
  'connection' => 'keep-alive',
  'cache-control' => 'max-age=0',
  'upgrade-insecure-requests' => '1',
  'user-agent' => 'Mozilla/5.0 (Windows NT 10.0; WOW64) AppleWebKit/537.36 (KHTML, like Gecko) Chrome/78.0.3887.7 Safari/537.36',
  'accept' => 'text/html,application/xhtml+xml,application/xml;q=0.9,image/webp,image/apng,*/*;q=0.8,application/signed-exchange;v=b3',
  'referer' => 'http://tpblog.cn/admin/comment.html',
  'accept-encoding' => 'gzip, deflate',
  'accept-language' => 'zh-CN,zh;q=0.9',
  'cookie' => 'breadcrumbs-fixed=false; page-header-fixed=false; navbar-fixed-top=false; sidebar-fixed=false; pgv_pvi=2276014080; current-skin=/static/admin/css/skins/blue.min.css; pgv_si=s985110528; PHPSESSID=9m1ld935qf0vqu321drshqatu3',
)
[ info ] [ PARAM ] array (
)
[ info ] [ SESSION ] INIT array (
  'id' => '',
  'var_session_id' => '',
  'prefix' => 'think',
  'type' => '',
  'auto_start' => true,
)
[ info ] [ RUN ] app\admin\controller\System->set[ D:\phpStudy\WWW\tpblog\application\admin\controller\System.php ]
[ info ] [ DB ] INIT mysql
[ info ] [ VIEW ] D:\phpStudy\WWW\tpblog\public/../application/admin\view\system\set.html [ array (
  0 => 'webInfo',
) ]
[ info ] [ LOG ] INIT File
---------------------------------------------------------------
[ 2019-10-02T09:39:42+08:00 ] 127.0.0.1 POST tpblog.cn/admin/systme/set.html
[运行时间：0.040767s] [吞吐率：24.53req/s] [内存消耗：1,451.19kb] [文件加载：40]
[ info ] [ LANG ] D:\phpStudy\WWW\tpblog\thinkphp\lang\zh-cn.php
[ info ] [ ROUTE ] array (
  'type' => 'module',
  'module' => 
  array (
    0 => 'admin',
    1 => 'systme',
    2 => 'set',
  ),
)
[ info ] [ HEADER ] array (
  'host' => 'tpblog.cn',
  'connection' => 'keep-alive',
  'content-length' => '31',
  'accept' => 'application/json, text/javascript, */*; q=0.01',
  'origin' => 'http://tpblog.cn',
  'x-requested-with' => 'XMLHttpRequest',
  'user-agent' => 'Mozilla/5.0 (Windows NT 10.0; WOW64) AppleWebKit/537.36 (KHTML, like Gecko) Chrome/78.0.3887.7 Safari/537.36',
  'content-type' => 'application/x-www-form-urlencoded; charset=UTF-8',
  'referer' => 'http://tpblog.cn/admin/set.html',
  'accept-encoding' => 'gzip, deflate',
  'accept-language' => 'zh-CN,zh;q=0.9',
  'cookie' => 'breadcrumbs-fixed=false; page-header-fixed=false; navbar-fixed-top=false; sidebar-fixed=false; pgv_pvi=2276014080; current-skin=/static/admin/css/skins/blue.min.css; pgv_si=s985110528; PHPSESSID=9m1ld935qf0vqu321drshqatu3',
)
[ info ] [ PARAM ] array (
  'id' => '1',
  'copyright' => 'changchunphp.com',
)
[ info ] [ LOG ] INIT File
---------------------------------------------------------------
[ 2019-10-02T09:39:42+08:00 ] 127.0.0.1 POST tpblog.cn/admin/systme/set.html
[运行时间：0.030015s] [吞吐率：33.32req/s] [内存消耗：1,451.19kb] [文件加载：40]
[ info ] [ LANG ] D:\phpStudy\WWW\tpblog\thinkphp\lang\zh-cn.php
[ info ] [ ROUTE ] array (
  'type' => 'module',
  'module' => 
  array (
    0 => 'admin',
    1 => 'systme',
    2 => 'set',
  ),
)
[ info ] [ HEADER ] array (
  'host' => 'tpblog.cn',
  'connection' => 'keep-alive',
  'content-length' => '31',
  'accept' => 'application/json, text/javascript, */*; q=0.01',
  'origin' => 'http://tpblog.cn',
  'x-requested-with' => 'XMLHttpRequest',
  'user-agent' => 'Mozilla/5.0 (Windows NT 10.0; WOW64) AppleWebKit/537.36 (KHTML, like Gecko) Chrome/78.0.3887.7 Safari/537.36',
  'content-type' => 'application/x-www-form-urlencoded; charset=UTF-8',
  'referer' => 'http://tpblog.cn/admin/set.html',
  'accept-encoding' => 'gzip, deflate',
  'accept-language' => 'zh-CN,zh;q=0.9',
  'cookie' => 'breadcrumbs-fixed=false; page-header-fixed=false; navbar-fixed-top=false; sidebar-fixed=false; pgv_pvi=2276014080; current-skin=/static/admin/css/skins/blue.min.css; pgv_si=s985110528; PHPSESSID=9m1ld935qf0vqu321drshqatu3',
)
[ info ] [ PARAM ] array (
  'id' => '1',
  'copyright' => 'changchunphp.com',
)
[ info ] [ LOG ] INIT File
---------------------------------------------------------------
[ 2019-10-02T09:39:43+08:00 ] 127.0.0.1 POST tpblog.cn/admin/systme/set.html
[运行时间：0.027151s] [吞吐率：36.83req/s] [内存消耗：1,451.19kb] [文件加载：40]
[ info ] [ LANG ] D:\phpStudy\WWW\tpblog\thinkphp\lang\zh-cn.php
[ info ] [ ROUTE ] array (
  'type' => 'module',
  'module' => 
  array (
    0 => 'admin',
    1 => 'systme',
    2 => 'set',
  ),
)
[ info ] [ HEADER ] array (
  'host' => 'tpblog.cn',
  'connection' => 'keep-alive',
  'content-length' => '31',
  'accept' => 'application/json, text/javascript, */*; q=0.01',
  'origin' => 'http://tpblog.cn',
  'x-requested-with' => 'XMLHttpRequest',
  'user-agent' => 'Mozilla/5.0 (Windows NT 10.0; WOW64) AppleWebKit/537.36 (KHTML, like Gecko) Chrome/78.0.3887.7 Safari/537.36',
  'content-type' => 'application/x-www-form-urlencoded; charset=UTF-8',
  'referer' => 'http://tpblog.cn/admin/set.html',
  'accept-encoding' => 'gzip, deflate',
  'accept-language' => 'zh-CN,zh;q=0.9',
  'cookie' => 'breadcrumbs-fixed=false; page-header-fixed=false; navbar-fixed-top=false; sidebar-fixed=false; pgv_pvi=2276014080; current-skin=/static/admin/css/skins/blue.min.css; pgv_si=s985110528; PHPSESSID=9m1ld935qf0vqu321drshqatu3',
)
[ info ] [ PARAM ] array (
  'id' => '1',
  'copyright' => 'changchunphp.com',
)
[ info ] [ LOG ] INIT File
---------------------------------------------------------------
[ 2019-10-02T09:39:43+08:00 ] 127.0.0.1 POST tpblog.cn/admin/systme/set.html
[运行时间：0.029561s] [吞吐率：33.83req/s] [内存消耗：1,451.19kb] [文件加载：40]
[ info ] [ LANG ] D:\phpStudy\WWW\tpblog\thinkphp\lang\zh-cn.php
[ info ] [ ROUTE ] array (
  'type' => 'module',
  'module' => 
  array (
    0 => 'admin',
    1 => 'systme',
    2 => 'set',
  ),
)
[ info ] [ HEADER ] array (
  'host' => 'tpblog.cn',
  'connection' => 'keep-alive',
  'content-length' => '31',
  'accept' => 'application/json, text/javascript, */*; q=0.01',
  'origin' => 'http://tpblog.cn',
  'x-requested-with' => 'XMLHttpRequest',
  'user-agent' => 'Mozilla/5.0 (Windows NT 10.0; WOW64) AppleWebKit/537.36 (KHTML, like Gecko) Chrome/78.0.3887.7 Safari/537.36',
  'content-type' => 'application/x-www-form-urlencoded; charset=UTF-8',
  'referer' => 'http://tpblog.cn/admin/set.html',
  'accept-encoding' => 'gzip, deflate',
  'accept-language' => 'zh-CN,zh;q=0.9',
  'cookie' => 'breadcrumbs-fixed=false; page-header-fixed=false; navbar-fixed-top=false; sidebar-fixed=false; pgv_pvi=2276014080; current-skin=/static/admin/css/skins/blue.min.css; pgv_si=s985110528; PHPSESSID=9m1ld935qf0vqu321drshqatu3',
)
[ info ] [ PARAM ] array (
  'id' => '1',
  'copyright' => 'changchunphp.com',
)
[ info ] [ LOG ] INIT File
---------------------------------------------------------------
[ 2019-10-02T09:39:53+08:00 ] 127.0.0.1 POST tpblog.cn/admin/systme/set.html
[运行时间：0.044174s] [吞吐率：22.64req/s] [内存消耗：1,451.19kb] [文件加载：40]
[ info ] [ LANG ] D:\phpStudy\WWW\tpblog\thinkphp\lang\zh-cn.php
[ info ] [ ROUTE ] array (
  'type' => 'module',
  'module' => 
  array (
    0 => 'admin',
    1 => 'systme',
    2 => 'set',
  ),
)
[ info ] [ HEADER ] array (
  'host' => 'tpblog.cn',
  'connection' => 'keep-alive',
  'content-length' => '31',
  'accept' => 'application/json, text/javascript, */*; q=0.01',
  'origin' => 'http://tpblog.cn',
  'x-requested-with' => 'XMLHttpRequest',
  'user-agent' => 'Mozilla/5.0 (Windows NT 10.0; WOW64) AppleWebKit/537.36 (KHTML, like Gecko) Chrome/78.0.3887.7 Safari/537.36',
  'content-type' => 'application/x-www-form-urlencoded; charset=UTF-8',
  'referer' => 'http://tpblog.cn/admin/set.html',
  'accept-encoding' => 'gzip, deflate',
  'accept-language' => 'zh-CN,zh;q=0.9',
  'cookie' => 'breadcrumbs-fixed=false; page-header-fixed=false; navbar-fixed-top=false; sidebar-fixed=false; pgv_pvi=2276014080; current-skin=/static/admin/css/skins/blue.min.css; pgv_si=s985110528; PHPSESSID=9m1ld935qf0vqu321drshqatu3',
)
[ info ] [ PARAM ] array (
  'id' => '1',
  'copyright' => 'changchunphp.com',
)
[ info ] [ LOG ] INIT File
---------------------------------------------------------------
[ 2019-10-02T09:41:14+08:00 ] 127.0.0.1 GET tpblog.cn/admin/set.html
[运行时间：0.073452s] [吞吐率：13.61req/s] [内存消耗：3,072.77kb] [文件加载：58]
[ info ] [ LANG ] D:\phpStudy\WWW\tpblog\thinkphp\lang\zh-cn.php
[ info ] [ ROUTE ] array (
  'type' => 'module',
  'module' => 
  array (
    0 => 'admin',
    1 => 'system',
    2 => 'set',
  ),
  'convert' => false,
)
[ info ] [ HEADER ] array (
  'host' => 'tpblog.cn',
  'connection' => 'keep-alive',
  'cache-control' => 'max-age=0',
  'upgrade-insecure-requests' => '1',
  'user-agent' => 'Mozilla/5.0 (Windows NT 10.0; WOW64) AppleWebKit/537.36 (KHTML, like Gecko) Chrome/78.0.3887.7 Safari/537.36',
  'accept' => 'text/html,application/xhtml+xml,application/xml;q=0.9,image/webp,image/apng,*/*;q=0.8,application/signed-exchange;v=b3',
  'referer' => 'http://tpblog.cn/admin/comment.html',
  'accept-encoding' => 'gzip, deflate',
  'accept-language' => 'zh-CN,zh;q=0.9',
  'cookie' => 'breadcrumbs-fixed=false; page-header-fixed=false; navbar-fixed-top=false; sidebar-fixed=false; pgv_pvi=2276014080; current-skin=/static/admin/css/skins/blue.min.css; pgv_si=s985110528; PHPSESSID=9m1ld935qf0vqu321drshqatu3',
)
[ info ] [ PARAM ] array (
)
[ info ] [ SESSION ] INIT array (
  'id' => '',
  'var_session_id' => '',
  'prefix' => 'think',
  'type' => '',
  'auto_start' => true,
)
[ info ] [ RUN ] app\admin\controller\System->set[ D:\phpStudy\WWW\tpblog\application\admin\controller\System.php ]
[ info ] [ DB ] INIT mysql
[ info ] [ VIEW ] D:\phpStudy\WWW\tpblog\public/../application/admin\view\system\set.html [ array (
  0 => 'webInfo',
) ]
[ info ] [ LOG ] INIT File
---------------------------------------------------------------
[ 2019-10-02T09:41:16+08:00 ] 127.0.0.1 POST tpblog.cn/admin/set.html
[运行时间：0.043066s] [吞吐率：23.22req/s] [内存消耗：2,827.20kb] [文件加载：56]
[ info ] [ LANG ] D:\phpStudy\WWW\tpblog\thinkphp\lang\zh-cn.php
[ info ] [ ROUTE ] array (
  'type' => 'module',
  'module' => 
  array (
    0 => 'admin',
    1 => 'system',
    2 => 'set',
  ),
  'convert' => false,
)
[ info ] [ HEADER ] array (
  'host' => 'tpblog.cn',
  'connection' => 'keep-alive',
  'content-length' => '31',
  'accept' => 'application/json, text/javascript, */*; q=0.01',
  'origin' => 'http://tpblog.cn',
  'x-requested-with' => 'XMLHttpRequest',
  'user-agent' => 'Mozilla/5.0 (Windows NT 10.0; WOW64) AppleWebKit/537.36 (KHTML, like Gecko) Chrome/78.0.3887.7 Safari/537.36',
  'content-type' => 'application/x-www-form-urlencoded; charset=UTF-8',
  'referer' => 'http://tpblog.cn/admin/set.html',
  'accept-encoding' => 'gzip, deflate',
  'accept-language' => 'zh-CN,zh;q=0.9',
  'cookie' => 'breadcrumbs-fixed=false; page-header-fixed=false; navbar-fixed-top=false; sidebar-fixed=false; pgv_pvi=2276014080; current-skin=/static/admin/css/skins/blue.min.css; pgv_si=s985110528; PHPSESSID=9m1ld935qf0vqu321drshqatu3',
)
[ info ] [ PARAM ] array (
  'id' => '1',
  'copyright' => 'changchunphp.com',
)
[ info ] [ SESSION ] INIT array (
  'id' => '',
  'var_session_id' => '',
  'prefix' => 'think',
  'type' => '',
  'auto_start' => true,
)
[ info ] [ RUN ] app\admin\controller\System->set[ D:\phpStudy\WWW\tpblog\application\admin\controller\System.php ]
[ info ] [ DB ] INIT mysql
[ info ] [ LOG ] INIT File
---------------------------------------------------------------
[ 2019-10-02T09:41:19+08:00 ] 127.0.0.1 POST tpblog.cn/admin/set.html
[运行时间：0.045477s] [吞吐率：21.99req/s] [内存消耗：2,827.20kb] [文件加载：56]
[ info ] [ LANG ] D:\phpStudy\WWW\tpblog\thinkphp\lang\zh-cn.php
[ info ] [ ROUTE ] array (
  'type' => 'module',
  'module' => 
  array (
    0 => 'admin',
    1 => 'system',
    2 => 'set',
  ),
  'convert' => false,
)
[ info ] [ HEADER ] array (
  'host' => 'tpblog.cn',
  'connection' => 'keep-alive',
  'content-length' => '31',
  'accept' => 'application/json, text/javascript, */*; q=0.01',
  'origin' => 'http://tpblog.cn',
  'x-requested-with' => 'XMLHttpRequest',
  'user-agent' => 'Mozilla/5.0 (Windows NT 10.0; WOW64) AppleWebKit/537.36 (KHTML, like Gecko) Chrome/78.0.3887.7 Safari/537.36',
  'content-type' => 'application/x-www-form-urlencoded; charset=UTF-8',
  'referer' => 'http://tpblog.cn/admin/set.html',
  'accept-encoding' => 'gzip, deflate',
  'accept-language' => 'zh-CN,zh;q=0.9',
  'cookie' => 'breadcrumbs-fixed=false; page-header-fixed=false; navbar-fixed-top=false; sidebar-fixed=false; pgv_pvi=2276014080; current-skin=/static/admin/css/skins/blue.min.css; pgv_si=s985110528; PHPSESSID=9m1ld935qf0vqu321drshqatu3',
)
[ info ] [ PARAM ] array (
  'id' => '1',
  'copyright' => 'changchunphp.com',
)
[ info ] [ SESSION ] INIT array (
  'id' => '',
  'var_session_id' => '',
  'prefix' => 'think',
  'type' => '',
  'auto_start' => true,
)
[ info ] [ RUN ] app\admin\controller\System->set[ D:\phpStudy\WWW\tpblog\application\admin\controller\System.php ]
[ info ] [ DB ] INIT mysql
[ info ] [ LOG ] INIT File
---------------------------------------------------------------
[ 2019-10-02T09:41:47+08:00 ] 127.0.0.1 GET tpblog.cn/admin/set.html
[运行时间：0.086611s] [吞吐率：11.55req/s] [内存消耗：3,072.87kb] [文件加载：58]
[ info ] [ LANG ] D:\phpStudy\WWW\tpblog\thinkphp\lang\zh-cn.php
[ info ] [ ROUTE ] array (
  'type' => 'module',
  'module' => 
  array (
    0 => 'admin',
    1 => 'system',
    2 => 'set',
  ),
  'convert' => false,
)
[ info ] [ HEADER ] array (
  'host' => 'tpblog.cn',
  'connection' => 'keep-alive',
  'cache-control' => 'max-age=0',
  'upgrade-insecure-requests' => '1',
  'user-agent' => 'Mozilla/5.0 (Windows NT 10.0; WOW64) AppleWebKit/537.36 (KHTML, like Gecko) Chrome/78.0.3887.7 Safari/537.36',
  'accept' => 'text/html,application/xhtml+xml,application/xml;q=0.9,image/webp,image/apng,*/*;q=0.8,application/signed-exchange;v=b3',
  'referer' => 'http://tpblog.cn/admin/comment.html',
  'accept-encoding' => 'gzip, deflate',
  'accept-language' => 'zh-CN,zh;q=0.9',
  'cookie' => 'breadcrumbs-fixed=false; page-header-fixed=false; navbar-fixed-top=false; sidebar-fixed=false; pgv_pvi=2276014080; current-skin=/static/admin/css/skins/blue.min.css; pgv_si=s985110528; PHPSESSID=9m1ld935qf0vqu321drshqatu3',
)
[ info ] [ PARAM ] array (
)
[ info ] [ SESSION ] INIT array (
  'id' => '',
  'var_session_id' => '',
  'prefix' => 'think',
  'type' => '',
  'auto_start' => true,
)
[ info ] [ RUN ] app\admin\controller\System->set[ D:\phpStudy\WWW\tpblog\application\admin\controller\System.php ]
[ info ] [ DB ] INIT mysql
[ info ] [ VIEW ] D:\phpStudy\WWW\tpblog\public/../application/admin\view\system\set.html [ array (
  0 => 'webInfo',
) ]
[ info ] [ LOG ] INIT File
---------------------------------------------------------------
[ 2019-10-02T09:41:49+08:00 ] 127.0.0.1 POST tpblog.cn/admin/set.html
[运行时间：0.060017s] [吞吐率：16.66req/s] [内存消耗：2,851.43kb] [文件加载：56]
[ info ] [ LANG ] D:\phpStudy\WWW\tpblog\thinkphp\lang\zh-cn.php
[ info ] [ ROUTE ] array (
  'type' => 'module',
  'module' => 
  array (
    0 => 'admin',
    1 => 'system',
    2 => 'set',
  ),
  'convert' => false,
)
[ info ] [ HEADER ] array (
  'host' => 'tpblog.cn',
  'connection' => 'keep-alive',
  'content-length' => '94',
  'accept' => 'application/json, text/javascript, */*; q=0.01',
  'origin' => 'http://tpblog.cn',
  'x-requested-with' => 'XMLHttpRequest',
  'user-agent' => 'Mozilla/5.0 (Windows NT 10.0; WOW64) AppleWebKit/537.36 (KHTML, like Gecko) Chrome/78.0.3887.7 Safari/537.36',
  'content-type' => 'application/x-www-form-urlencoded; charset=UTF-8',
  'referer' => 'http://tpblog.cn/admin/set.html',
  'accept-encoding' => 'gzip, deflate',
  'accept-language' => 'zh-CN,zh;q=0.9',
  'cookie' => 'breadcrumbs-fixed=false; page-header-fixed=false; navbar-fixed-top=false; sidebar-fixed=false; pgv_pvi=2276014080; current-skin=/static/admin/css/skins/blue.min.css; pgv_si=s985110528; PHPSESSID=9m1ld935qf0vqu321drshqatu3',
)
[ info ] [ PARAM ] array (
  'id' => '1',
  'webname' => '长春个人博客',
  'copyright' => 'changchunphp.com',
)
[ info ] [ SESSION ] INIT array (
  'id' => '',
  'var_session_id' => '',
  'prefix' => 'think',
  'type' => '',
  'auto_start' => true,
)
[ info ] [ RUN ] app\admin\controller\System->set[ D:\phpStudy\WWW\tpblog\application\admin\controller\System.php ]
[ info ] [ DB ] INIT mysql
[ info ] [ LOG ] INIT File
---------------------------------------------------------------
[ 2019-10-02T09:42:01+08:00 ] 127.0.0.1 GET tpblog.cn/admin/set.html
[运行时间：0.069618s] [吞吐率：14.36req/s] [内存消耗：2,914.70kb] [文件加载：56]
[ info ] [ LANG ] D:\phpStudy\WWW\tpblog\thinkphp\lang\zh-cn.php
[ info ] [ ROUTE ] array (
  'type' => 'module',
  'module' => 
  array (
    0 => 'admin',
    1 => 'system',
    2 => 'set',
  ),
  'convert' => false,
)
[ info ] [ HEADER ] array (
  'host' => 'tpblog.cn',
  'connection' => 'keep-alive',
  'cache-control' => 'max-age=0',
  'upgrade-insecure-requests' => '1',
  'user-agent' => 'Mozilla/5.0 (Windows NT 10.0; WOW64) AppleWebKit/537.36 (KHTML, like Gecko) Chrome/78.0.3887.7 Safari/537.36',
  'accept' => 'text/html,application/xhtml+xml,application/xml;q=0.9,image/webp,image/apng,*/*;q=0.8,application/signed-exchange;v=b3',
  'referer' => 'http://tpblog.cn/admin/comment.html',
  'accept-encoding' => 'gzip, deflate',
  'accept-language' => 'zh-CN,zh;q=0.9',
  'cookie' => 'breadcrumbs-fixed=false; page-header-fixed=false; navbar-fixed-top=false; sidebar-fixed=false; pgv_pvi=2276014080; current-skin=/static/admin/css/skins/blue.min.css; pgv_si=s985110528; PHPSESSID=9m1ld935qf0vqu321drshqatu3',
)
[ info ] [ PARAM ] array (
)
[ info ] [ SESSION ] INIT array (
  'id' => '',
  'var_session_id' => '',
  'prefix' => 'think',
  'type' => '',
  'auto_start' => true,
)
[ info ] [ RUN ] app\admin\controller\System->set[ D:\phpStudy\WWW\tpblog\application\admin\controller\System.php ]
[ info ] [ DB ] INIT mysql
[ info ] [ VIEW ] D:\phpStudy\WWW\tpblog\public/../application/admin\view\system\set.html [ array (
  0 => 'webInfo',
) ]
[ info ] [ LOG ] INIT File
---------------------------------------------------------------
[ 2019-10-02T09:42:07+08:00 ] 127.0.0.1 POST tpblog.cn/admin/set.html
[运行时间：0.091151s] [吞吐率：10.97req/s] [内存消耗：2,851.43kb] [文件加载：56]
[ info ] [ LANG ] D:\phpStudy\WWW\tpblog\thinkphp\lang\zh-cn.php
[ info ] [ ROUTE ] array (
  'type' => 'module',
  'module' => 
  array (
    0 => 'admin',
    1 => 'system',
    2 => 'set',
  ),
  'convert' => false,
)
[ info ] [ HEADER ] array (
  'host' => 'tpblog.cn',
  'connection' => 'keep-alive',
  'content-length' => '94',
  'accept' => 'application/json, text/javascript, */*; q=0.01',
  'origin' => 'http://tpblog.cn',
  'x-requested-with' => 'XMLHttpRequest',
  'user-agent' => 'Mozilla/5.0 (Windows NT 10.0; WOW64) AppleWebKit/537.36 (KHTML, like Gecko) Chrome/78.0.3887.7 Safari/537.36',
  'content-type' => 'application/x-www-form-urlencoded; charset=UTF-8',
  'referer' => 'http://tpblog.cn/admin/set.html',
  'accept-encoding' => 'gzip, deflate',
  'accept-language' => 'zh-CN,zh;q=0.9',
  'cookie' => 'breadcrumbs-fixed=false; page-header-fixed=false; navbar-fixed-top=false; sidebar-fixed=false; pgv_pvi=2276014080; current-skin=/static/admin/css/skins/blue.min.css; pgv_si=s985110528; PHPSESSID=9m1ld935qf0vqu321drshqatu3',
)
[ info ] [ PARAM ] array (
  'id' => '1',
  'webname' => '长春个人博客',
  'copyright' => 'changchunphp.com',
)
[ info ] [ SESSION ] INIT array (
  'id' => '',
  'var_session_id' => '',
  'prefix' => 'think',
  'type' => '',
  'auto_start' => true,
)
[ info ] [ RUN ] app\admin\controller\System->set[ D:\phpStudy\WWW\tpblog\application\admin\controller\System.php ]
[ info ] [ DB ] INIT mysql
[ info ] [ LOG ] INIT File
---------------------------------------------------------------
[ 2019-10-02T09:42:10+08:00 ] 127.0.0.1 POST tpblog.cn/admin/set.html
[运行时间：0.189521s] [吞吐率：5.28req/s] [内存消耗：2,999.54kb] [文件加载：60]
[ info ] [ LANG ] D:\phpStudy\WWW\tpblog\thinkphp\lang\zh-cn.php
[ info ] [ ROUTE ] array (
  'type' => 'module',
  'module' => 
  array (
    0 => 'admin',
    1 => 'system',
    2 => 'set',
  ),
  'convert' => false,
)
[ info ] [ HEADER ] array (
  'host' => 'tpblog.cn',
  'connection' => 'keep-alive',
  'content-length' => '95',
  'accept' => 'application/json, text/javascript, */*; q=0.01',
  'origin' => 'http://tpblog.cn',
  'x-requested-with' => 'XMLHttpRequest',
  'user-agent' => 'Mozilla/5.0 (Windows NT 10.0; WOW64) AppleWebKit/537.36 (KHTML, like Gecko) Chrome/78.0.3887.7 Safari/537.36',
  'content-type' => 'application/x-www-form-urlencoded; charset=UTF-8',
  'referer' => 'http://tpblog.cn/admin/set.html',
  'accept-encoding' => 'gzip, deflate',
  'accept-language' => 'zh-CN,zh;q=0.9',
  'cookie' => 'breadcrumbs-fixed=false; page-header-fixed=false; navbar-fixed-top=false; sidebar-fixed=false; pgv_pvi=2276014080; current-skin=/static/admin/css/skins/blue.min.css; pgv_si=s985110528; PHPSESSID=9m1ld935qf0vqu321drshqatu3',
)
[ info ] [ PARAM ] array (
  'id' => '1',
  'webname' => '长春个人博客1',
  'copyright' => 'changchunphp.com',
)
[ info ] [ SESSION ] INIT array (
  'id' => '',
  'var_session_id' => '',
  'prefix' => 'think',
  'type' => '',
  'auto_start' => true,
)
[ info ] [ RUN ] app\admin\controller\System->set[ D:\phpStudy\WWW\tpblog\application\admin\controller\System.php ]
[ info ] [ DB ] INIT mysql
[ info ] [ CACHE ] INIT File
[ info ] [ LOG ] INIT File
---------------------------------------------------------------
[ 2019-10-02T09:42:12+08:00 ] 127.0.0.1 GET tpblog.cn/admin/index.html
[运行时间：0.054433s] [吞吐率：18.37req/s] [内存消耗：1,931.06kb] [文件加载：49]
[ info ] [ LANG ] D:\phpStudy\WWW\tpblog\thinkphp\lang\zh-cn.php
[ info ] [ ROUTE ] array (
  'type' => 'module',
  'module' => 
  array (
    0 => 'admin',
    1 => 'home',
    2 => 'index',
  ),
  'convert' => false,
)
[ info ] [ HEADER ] array (
  'host' => 'tpblog.cn',
  'connection' => 'keep-alive',
  'upgrade-insecure-requests' => '1',
  'user-agent' => 'Mozilla/5.0 (Windows NT 10.0; WOW64) AppleWebKit/537.36 (KHTML, like Gecko) Chrome/78.0.3887.7 Safari/537.36',
  'accept' => 'text/html,application/xhtml+xml,application/xml;q=0.9,image/webp,image/apng,*/*;q=0.8,application/signed-exchange;v=b3',
  'referer' => 'http://tpblog.cn/admin/set.html',
  'accept-encoding' => 'gzip, deflate',
  'accept-language' => 'zh-CN,zh;q=0.9',
  'cookie' => 'breadcrumbs-fixed=false; page-header-fixed=false; navbar-fixed-top=false; sidebar-fixed=false; pgv_pvi=2276014080; current-skin=/static/admin/css/skins/blue.min.css; pgv_si=s985110528; PHPSESSID=9m1ld935qf0vqu321drshqatu3',
)
[ info ] [ PARAM ] array (
)
[ info ] [ SESSION ] INIT array (
  'id' => '',
  'var_session_id' => '',
  'prefix' => 'think',
  'type' => '',
  'auto_start' => true,
)
[ info ] [ RUN ] app\admin\controller\Home->index[ D:\phpStudy\WWW\tpblog\application\admin\controller\Home.php ]
[ info ] [ VIEW ] D:\phpStudy\WWW\tpblog\public/../application/admin\view\home\index.html [ array (
) ]
[ info ] [ LOG ] INIT File
---------------------------------------------------------------
[ 2019-10-02T09:42:28+08:00 ] 127.0.0.1 GET tpblog.cn/admin/set.html
[运行时间：0.072214s] [吞吐率：13.85req/s] [内存消耗：2,914.45kb] [文件加载：56]
[ info ] [ LANG ] D:\phpStudy\WWW\tpblog\thinkphp\lang\zh-cn.php
[ info ] [ ROUTE ] array (
  'type' => 'module',
  'module' => 
  array (
    0 => 'admin',
    1 => 'system',
    2 => 'set',
  ),
  'convert' => false,
)
[ info ] [ HEADER ] array (
  'host' => 'tpblog.cn',
  'connection' => 'keep-alive',
  'upgrade-insecure-requests' => '1',
  'user-agent' => 'Mozilla/5.0 (Windows NT 10.0; WOW64) AppleWebKit/537.36 (KHTML, like Gecko) Chrome/78.0.3887.7 Safari/537.36',
  'accept' => 'text/html,application/xhtml+xml,application/xml;q=0.9,image/webp,image/apng,*/*;q=0.8,application/signed-exchange;v=b3',
  'referer' => 'http://tpblog.cn/admin/index.html',
  'accept-encoding' => 'gzip, deflate',
  'accept-language' => 'zh-CN,zh;q=0.9',
  'cookie' => 'breadcrumbs-fixed=false; page-header-fixed=false; navbar-fixed-top=false; sidebar-fixed=false; pgv_pvi=2276014080; current-skin=/static/admin/css/skins/blue.min.css; pgv_si=s985110528; PHPSESSID=9m1ld935qf0vqu321drshqatu3',
)
[ info ] [ PARAM ] array (
)
[ info ] [ SESSION ] INIT array (
  'id' => '',
  'var_session_id' => '',
  'prefix' => 'think',
  'type' => '',
  'auto_start' => true,
)
[ info ] [ RUN ] app\admin\controller\System->set[ D:\phpStudy\WWW\tpblog\application\admin\controller\System.php ]
[ info ] [ DB ] INIT mysql
[ info ] [ VIEW ] D:\phpStudy\WWW\tpblog\public/../application/admin\view\system\set.html [ array (
  0 => 'webInfo',
) ]
[ info ] [ LOG ] INIT File
---------------------------------------------------------------
[ 2019-10-02T09:42:31+08:00 ] 127.0.0.1 POST tpblog.cn/admin/set.html
[运行时间：0.052251s] [吞吐率：19.14req/s] [内存消耗：2,827.46kb] [文件加载：56]
[ info ] [ LANG ] D:\phpStudy\WWW\tpblog\thinkphp\lang\zh-cn.php
[ info ] [ ROUTE ] array (
  'type' => 'module',
  'module' => 
  array (
    0 => 'admin',
    1 => 'system',
    2 => 'set',
  ),
  'convert' => false,
)
[ info ] [ HEADER ] array (
  'host' => 'tpblog.cn',
  'connection' => 'keep-alive',
  'content-length' => '40',
  'accept' => 'application/json, text/javascript, */*; q=0.01',
  'origin' => 'http://tpblog.cn',
  'x-requested-with' => 'XMLHttpRequest',
  'user-agent' => 'Mozilla/5.0 (Windows NT 10.0; WOW64) AppleWebKit/537.36 (KHTML, like Gecko) Chrome/78.0.3887.7 Safari/537.36',
  'content-type' => 'application/x-www-form-urlencoded; charset=UTF-8',
  'referer' => 'http://tpblog.cn/admin/set.html',
  'accept-encoding' => 'gzip, deflate',
  'accept-language' => 'zh-CN,zh;q=0.9',
  'cookie' => 'breadcrumbs-fixed=false; page-header-fixed=false; navbar-fixed-top=false; sidebar-fixed=false; pgv_pvi=2276014080; current-skin=/static/admin/css/skins/blue.min.css; pgv_si=s985110528; PHPSESSID=9m1ld935qf0vqu321drshqatu3',
)
[ info ] [ PARAM ] array (
  'id' => '1',
  'webname' => '',
  'copyright' => 'changchunphp.com',
)
[ info ] [ SESSION ] INIT array (
  'id' => '',
  'var_session_id' => '',
  'prefix' => 'think',
  'type' => '',
  'auto_start' => true,
)
[ info ] [ RUN ] app\admin\controller\System->set[ D:\phpStudy\WWW\tpblog\application\admin\controller\System.php ]
[ info ] [ DB ] INIT mysql
[ info ] [ LOG ] INIT File
---------------------------------------------------------------
[ 2019-10-02T09:42:34+08:00 ] 127.0.0.1 POST tpblog.cn/admin/set.html
[运行时间：0.046585s] [吞吐率：21.47req/s] [内存消耗：2,827.39kb] [文件加载：56]
[ info ] [ LANG ] D:\phpStudy\WWW\tpblog\thinkphp\lang\zh-cn.php
[ info ] [ ROUTE ] array (
  'type' => 'module',
  'module' => 
  array (
    0 => 'admin',
    1 => 'system',
    2 => 'set',
  ),
  'convert' => false,
)
[ info ] [ HEADER ] array (
  'host' => 'tpblog.cn',
  'connection' => 'keep-alive',
  'content-length' => '24',
  'accept' => 'application/json, text/javascript, */*; q=0.01',
  'origin' => 'http://tpblog.cn',
  'x-requested-with' => 'XMLHttpRequest',
  'user-agent' => 'Mozilla/5.0 (Windows NT 10.0; WOW64) AppleWebKit/537.36 (KHTML, like Gecko) Chrome/78.0.3887.7 Safari/537.36',
  'content-type' => 'application/x-www-form-urlencoded; charset=UTF-8',
  'referer' => 'http://tpblog.cn/admin/set.html',
  'accept-encoding' => 'gzip, deflate',
  'accept-language' => 'zh-CN,zh;q=0.9',
  'cookie' => 'breadcrumbs-fixed=false; page-header-fixed=false; navbar-fixed-top=false; sidebar-fixed=false; pgv_pvi=2276014080; current-skin=/static/admin/css/skins/blue.min.css; pgv_si=s985110528; PHPSESSID=9m1ld935qf0vqu321drshqatu3',
)
[ info ] [ PARAM ] array (
  'id' => '1',
  'webname' => '',
  'copyright' => '',
)
[ info ] [ SESSION ] INIT array (
  'id' => '',
  'var_session_id' => '',
  'prefix' => 'think',
  'type' => '',
  'auto_start' => true,
)
[ info ] [ RUN ] app\admin\controller\System->set[ D:\phpStudy\WWW\tpblog\application\admin\controller\System.php ]
[ info ] [ DB ] INIT mysql
[ info ] [ LOG ] INIT File
---------------------------------------------------------------
[ 2019-10-02T09:42:36+08:00 ] 127.0.0.1 POST tpblog.cn/admin/set.html
[运行时间：0.047789s] [吞吐率：20.93req/s] [内存消耗：2,827.38kb] [文件加载：56]
[ info ] [ LANG ] D:\phpStudy\WWW\tpblog\thinkphp\lang\zh-cn.php
[ info ] [ ROUTE ] array (
  'type' => 'module',
  'module' => 
  array (
    0 => 'admin',
    1 => 'system',
    2 => 'set',
  ),
  'convert' => false,
)
[ info ] [ HEADER ] array (
  'host' => 'tpblog.cn',
  'connection' => 'keep-alive',
  'content-length' => '26',
  'accept' => 'application/json, text/javascript, */*; q=0.01',
  'origin' => 'http://tpblog.cn',
  'x-requested-with' => 'XMLHttpRequest',
  'user-agent' => 'Mozilla/5.0 (Windows NT 10.0; WOW64) AppleWebKit/537.36 (KHTML, like Gecko) Chrome/78.0.3887.7 Safari/537.36',
  'content-type' => 'application/x-www-form-urlencoded; charset=UTF-8',
  'referer' => 'http://tpblog.cn/admin/set.html',
  'accept-encoding' => 'gzip, deflate',
  'accept-language' => 'zh-CN,zh;q=0.9',
  'cookie' => 'breadcrumbs-fixed=false; page-header-fixed=false; navbar-fixed-top=false; sidebar-fixed=false; pgv_pvi=2276014080; current-skin=/static/admin/css/skins/blue.min.css; pgv_si=s985110528; PHPSESSID=9m1ld935qf0vqu321drshqatu3',
)
[ info ] [ PARAM ] array (
  'id' => '1',
  'webname' => '12',
  'copyright' => '',
)
[ info ] [ SESSION ] INIT array (
  'id' => '',
  'var_session_id' => '',
  'prefix' => 'think',
  'type' => '',
  'auto_start' => true,
)
[ info ] [ RUN ] app\admin\controller\System->set[ D:\phpStudy\WWW\tpblog\application\admin\controller\System.php ]
[ info ] [ DB ] INIT mysql
[ info ] [ LOG ] INIT File
---------------------------------------------------------------
[ 2019-10-02T09:43:00+08:00 ] 127.0.0.1 GET tpblog.cn/admin/set.html
[运行时间：0.080386s] [吞吐率：12.44req/s] [内存消耗：2,914.70kb] [文件加载：56]
[ info ] [ LANG ] D:\phpStudy\WWW\tpblog\thinkphp\lang\zh-cn.php
[ info ] [ ROUTE ] array (
  'type' => 'module',
  'module' => 
  array (
    0 => 'admin',
    1 => 'system',
    2 => 'set',
  ),
  'convert' => false,
)
[ info ] [ HEADER ] array (
  'host' => 'tpblog.cn',
  'connection' => 'keep-alive',
  'cache-control' => 'max-age=0',
  'upgrade-insecure-requests' => '1',
  'user-agent' => 'Mozilla/5.0 (Windows NT 10.0; WOW64) AppleWebKit/537.36 (KHTML, like Gecko) Chrome/78.0.3887.7 Safari/537.36',
  'accept' => 'text/html,application/xhtml+xml,application/xml;q=0.9,image/webp,image/apng,*/*;q=0.8,application/signed-exchange;v=b3',
  'referer' => 'http://tpblog.cn/admin/index.html',
  'accept-encoding' => 'gzip, deflate',
  'accept-language' => 'zh-CN,zh;q=0.9',
  'cookie' => 'breadcrumbs-fixed=false; page-header-fixed=false; navbar-fixed-top=false; sidebar-fixed=false; pgv_pvi=2276014080; current-skin=/static/admin/css/skins/blue.min.css; pgv_si=s985110528; PHPSESSID=9m1ld935qf0vqu321drshqatu3',
)
[ info ] [ PARAM ] array (
)
[ info ] [ SESSION ] INIT array (
  'id' => '',
  'var_session_id' => '',
  'prefix' => 'think',
  'type' => '',
  'auto_start' => true,
)
[ info ] [ RUN ] app\admin\controller\System->set[ D:\phpStudy\WWW\tpblog\application\admin\controller\System.php ]
[ info ] [ DB ] INIT mysql
[ info ] [ VIEW ] D:\phpStudy\WWW\tpblog\public/../application/admin\view\system\set.html [ array (
  0 => 'webInfo',
) ]
[ info ] [ LOG ] INIT File
---------------------------------------------------------------
[ 2019-10-02T09:43:02+08:00 ] 127.0.0.1 GET tpblog.cn/admin/index.html
[运行时间：0.034528s] [吞吐率：28.96req/s] [内存消耗：1,774.61kb] [文件加载：47]
[ info ] [ LANG ] D:\phpStudy\WWW\tpblog\thinkphp\lang\zh-cn.php
[ info ] [ ROUTE ] array (
  'type' => 'module',
  'module' => 
  array (
    0 => 'admin',
    1 => 'home',
    2 => 'index',
  ),
  'convert' => false,
)
[ info ] [ HEADER ] array (
  'host' => 'tpblog.cn',
  'connection' => 'keep-alive',
  'upgrade-insecure-requests' => '1',
  'user-agent' => 'Mozilla/5.0 (Windows NT 10.0; WOW64) AppleWebKit/537.36 (KHTML, like Gecko) Chrome/78.0.3887.7 Safari/537.36',
  'accept' => 'text/html,application/xhtml+xml,application/xml;q=0.9,image/webp,image/apng,*/*;q=0.8,application/signed-exchange;v=b3',
  'referer' => 'http://tpblog.cn/admin/set.html',
  'accept-encoding' => 'gzip, deflate',
  'accept-language' => 'zh-CN,zh;q=0.9',
  'cookie' => 'breadcrumbs-fixed=false; page-header-fixed=false; navbar-fixed-top=false; sidebar-fixed=false; pgv_pvi=2276014080; current-skin=/static/admin/css/skins/blue.min.css; pgv_si=s985110528; PHPSESSID=9m1ld935qf0vqu321drshqatu3',
)
[ info ] [ PARAM ] array (
)
[ info ] [ SESSION ] INIT array (
  'id' => '',
  'var_session_id' => '',
  'prefix' => 'think',
  'type' => '',
  'auto_start' => true,
)
[ info ] [ RUN ] app\admin\controller\Home->index[ D:\phpStudy\WWW\tpblog\application\admin\controller\Home.php ]
[ info ] [ VIEW ] D:\phpStudy\WWW\tpblog\public/../application/admin\view\home\index.html [ array (
) ]
[ info ] [ LOG ] INIT File
---------------------------------------------------------------
[ 2019-10-02T09:43:51+08:00 ] 127.0.0.1 GET tpblog.cn/admin/index.html
[运行时间：0.054280s] [吞吐率：18.42req/s] [内存消耗：1,931.31kb] [文件加载：49]
[ info ] [ LANG ] D:\phpStudy\WWW\tpblog\thinkphp\lang\zh-cn.php
[ info ] [ ROUTE ] array (
  'type' => 'module',
  'module' => 
  array (
    0 => 'admin',
    1 => 'home',
    2 => 'index',
  ),
  'convert' => false,
)
[ info ] [ HEADER ] array (
  'host' => 'tpblog.cn',
  'connection' => 'keep-alive',
  'cache-control' => 'max-age=0',
  'upgrade-insecure-requests' => '1',
  'user-agent' => 'Mozilla/5.0 (Windows NT 10.0; WOW64) AppleWebKit/537.36 (KHTML, like Gecko) Chrome/78.0.3887.7 Safari/537.36',
  'accept' => 'text/html,application/xhtml+xml,application/xml;q=0.9,image/webp,image/apng,*/*;q=0.8,application/signed-exchange;v=b3',
  'referer' => 'http://tpblog.cn/admin/set.html',
  'accept-encoding' => 'gzip, deflate',
  'accept-language' => 'zh-CN,zh;q=0.9',
  'cookie' => 'breadcrumbs-fixed=false; page-header-fixed=false; navbar-fixed-top=false; sidebar-fixed=false; pgv_pvi=2276014080; current-skin=/static/admin/css/skins/blue.min.css; pgv_si=s985110528; PHPSESSID=9m1ld935qf0vqu321drshqatu3',
)
[ info ] [ PARAM ] array (
)
[ info ] [ SESSION ] INIT array (
  'id' => '',
  'var_session_id' => '',
  'prefix' => 'think',
  'type' => '',
  'auto_start' => true,
)
[ info ] [ RUN ] app\admin\controller\Home->index[ D:\phpStudy\WWW\tpblog\application\admin\controller\Home.php ]
[ info ] [ VIEW ] D:\phpStudy\WWW\tpblog\public/../application/admin\view\home\index.html [ array (
) ]
[ info ] [ LOG ] INIT File
---------------------------------------------------------------
[ 2019-10-02T09:43:53+08:00 ] 127.0.0.1 GET tpblog.cn/admin/index.html
[运行时间：0.031010s] [吞吐率：32.25req/s] [内存消耗：1,774.62kb] [文件加载：47]
[ info ] [ LANG ] D:\phpStudy\WWW\tpblog\thinkphp\lang\zh-cn.php
[ info ] [ ROUTE ] array (
  'type' => 'module',
  'module' => 
  array (
    0 => 'admin',
    1 => 'home',
    2 => 'index',
  ),
  'convert' => false,
)
[ info ] [ HEADER ] array (
  'host' => 'tpblog.cn',
  'connection' => 'keep-alive',
  'upgrade-insecure-requests' => '1',
  'user-agent' => 'Mozilla/5.0 (Windows NT 10.0; WOW64) AppleWebKit/537.36 (KHTML, like Gecko) Chrome/78.0.3887.7 Safari/537.36',
  'accept' => 'text/html,application/xhtml+xml,application/xml;q=0.9,image/webp,image/apng,*/*;q=0.8,application/signed-exchange;v=b3',
  'referer' => 'http://tpblog.cn/admin/index.html',
  'accept-encoding' => 'gzip, deflate',
  'accept-language' => 'zh-CN,zh;q=0.9',
  'cookie' => 'breadcrumbs-fixed=false; page-header-fixed=false; navbar-fixed-top=false; sidebar-fixed=false; pgv_pvi=2276014080; current-skin=/static/admin/css/skins/blue.min.css; pgv_si=s985110528; PHPSESSID=9m1ld935qf0vqu321drshqatu3',
)
[ info ] [ PARAM ] array (
)
[ info ] [ SESSION ] INIT array (
  'id' => '',
  'var_session_id' => '',
  'prefix' => 'think',
  'type' => '',
  'auto_start' => true,
)
[ info ] [ RUN ] app\admin\controller\Home->index[ D:\phpStudy\WWW\tpblog\application\admin\controller\Home.php ]
[ info ] [ VIEW ] D:\phpStudy\WWW\tpblog\public/../application/admin\view\home\index.html [ array (
) ]
[ info ] [ LOG ] INIT File
---------------------------------------------------------------
[ 2019-10-02T09:43:55+08:00 ] 127.0.0.1 GET tpblog.cn/admin/index.html
[运行时间：0.034083s] [吞吐率：29.34req/s] [内存消耗：1,774.62kb] [文件加载：47]
[ info ] [ LANG ] D:\phpStudy\WWW\tpblog\thinkphp\lang\zh-cn.php
[ info ] [ ROUTE ] array (
  'type' => 'module',
  'module' => 
  array (
    0 => 'admin',
    1 => 'home',
    2 => 'index',
  ),
  'convert' => false,
)
[ info ] [ HEADER ] array (
  'host' => 'tpblog.cn',
  'connection' => 'keep-alive',
  'upgrade-insecure-requests' => '1',
  'user-agent' => 'Mozilla/5.0 (Windows NT 10.0; WOW64) AppleWebKit/537.36 (KHTML, like Gecko) Chrome/78.0.3887.7 Safari/537.36',
  'accept' => 'text/html,application/xhtml+xml,application/xml;q=0.9,image/webp,image/apng,*/*;q=0.8,application/signed-exchange;v=b3',
  'referer' => 'http://tpblog.cn/admin/index.html',
  'accept-encoding' => 'gzip, deflate',
  'accept-language' => 'zh-CN,zh;q=0.9',
  'cookie' => 'breadcrumbs-fixed=false; page-header-fixed=false; navbar-fixed-top=false; sidebar-fixed=false; pgv_pvi=2276014080; current-skin=/static/admin/css/skins/blue.min.css; pgv_si=s985110528; PHPSESSID=9m1ld935qf0vqu321drshqatu3',
)
[ info ] [ PARAM ] array (
)
[ info ] [ SESSION ] INIT array (
  'id' => '',
  'var_session_id' => '',
  'prefix' => 'think',
  'type' => '',
  'auto_start' => true,
)
[ info ] [ RUN ] app\admin\controller\Home->index[ D:\phpStudy\WWW\tpblog\application\admin\controller\Home.php ]
[ info ] [ VIEW ] D:\phpStudy\WWW\tpblog\public/../application/admin\view\home\index.html [ array (
) ]
[ info ] [ LOG ] INIT File
---------------------------------------------------------------
[ 2019-10-02T09:43:58+08:00 ] 127.0.0.1 GET tpblog.cn/admin/index.html
[运行时间：0.032646s] [吞吐率：30.63req/s] [内存消耗：1,774.62kb] [文件加载：47]
[ info ] [ LANG ] D:\phpStudy\WWW\tpblog\thinkphp\lang\zh-cn.php
[ info ] [ ROUTE ] array (
  'type' => 'module',
  'module' => 
  array (
    0 => 'admin',
    1 => 'home',
    2 => 'index',
  ),
  'convert' => false,
)
[ info ] [ HEADER ] array (
  'host' => 'tpblog.cn',
  'connection' => 'keep-alive',
  'upgrade-insecure-requests' => '1',
  'user-agent' => 'Mozilla/5.0 (Windows NT 10.0; WOW64) AppleWebKit/537.36 (KHTML, like Gecko) Chrome/78.0.3887.7 Safari/537.36',
  'accept' => 'text/html,application/xhtml+xml,application/xml;q=0.9,image/webp,image/apng,*/*;q=0.8,application/signed-exchange;v=b3',
  'referer' => 'http://tpblog.cn/admin/index.html',
  'accept-encoding' => 'gzip, deflate',
  'accept-language' => 'zh-CN,zh;q=0.9',
  'cookie' => 'breadcrumbs-fixed=false; page-header-fixed=false; navbar-fixed-top=false; sidebar-fixed=false; pgv_pvi=2276014080; current-skin=/static/admin/css/skins/blue.min.css; pgv_si=s985110528; PHPSESSID=9m1ld935qf0vqu321drshqatu3',
)
[ info ] [ PARAM ] array (
)
[ info ] [ SESSION ] INIT array (
  'id' => '',
  'var_session_id' => '',
  'prefix' => 'think',
  'type' => '',
  'auto_start' => true,
)
[ info ] [ RUN ] app\admin\controller\Home->index[ D:\phpStudy\WWW\tpblog\application\admin\controller\Home.php ]
[ info ] [ VIEW ] D:\phpStudy\WWW\tpblog\public/../application/admin\view\home\index.html [ array (
) ]
[ info ] [ LOG ] INIT File
---------------------------------------------------------------
[ 2019-10-02T09:59:41+08:00 ] 127.0.0.1 GET tpblog.cn/admin/index.html
[运行时间：0.055465s] [吞吐率：18.03req/s] [内存消耗：1,776.30kb] [文件加载：47]
[ info ] [ LANG ] D:\phpStudy\WWW\tpblog\thinkphp\lang\zh-cn.php
[ info ] [ ROUTE ] array (
  'type' => 'module',
  'module' => 
  array (
    0 => 'admin',
    1 => 'home',
    2 => 'index',
  ),
  'convert' => false,
)
[ info ] [ HEADER ] array (
  'host' => 'tpblog.cn',
  'connection' => 'keep-alive',
  'cache-control' => 'max-age=0',
  'upgrade-insecure-requests' => '1',
  'user-agent' => 'Mozilla/5.0 (Windows NT 10.0; WOW64) AppleWebKit/537.36 (KHTML, like Gecko) Chrome/78.0.3887.7 Safari/537.36',
  'accept' => 'text/html,application/xhtml+xml,application/xml;q=0.9,image/webp,image/apng,*/*;q=0.8,application/signed-exchange;v=b3',
  'referer' => 'http://tpblog.cn/admin/index.html',
  'accept-encoding' => 'gzip, deflate',
  'accept-language' => 'zh-CN,zh;q=0.9',
  'cookie' => 'breadcrumbs-fixed=false; page-header-fixed=false; navbar-fixed-top=false; sidebar-fixed=false; pgv_pvi=2276014080; current-skin=/static/admin/css/skins/blue.min.css; pgv_si=s985110528; PHPSESSID=9m1ld935qf0vqu321drshqatu3',
)
[ info ] [ PARAM ] array (
)
[ info ] [ SESSION ] INIT array (
  'id' => '',
  'var_session_id' => '',
  'prefix' => 'think',
  'type' => '',
  'auto_start' => true,
)
[ info ] [ RUN ] app\admin\controller\Home->index[ D:\phpStudy\WWW\tpblog\application\admin\controller\Home.php ]
[ info ] [ VIEW ] D:\phpStudy\WWW\tpblog\public/../application/admin\view\home\index.html [ array (
) ]
[ info ] [ LOG ] INIT File
---------------------------------------------------------------
[ 2019-10-02T09:59:44+08:00 ] 127.0.0.1 POST tpblog.cn/admin/loginout.html
[运行时间：0.033857s] [吞吐率：29.54req/s] [内存消耗：1,773.02kb] [文件加载：47]
[ info ] [ LANG ] D:\phpStudy\WWW\tpblog\thinkphp\lang\zh-cn.php
[ info ] [ ROUTE ] array (
  'type' => 'module',
  'module' => 
  array (
    0 => 'admin',
    1 => 'home',
    2 => 'loginout',
  ),
  'convert' => false,
)
[ info ] [ HEADER ] array (
  'host' => 'tpblog.cn',
  'connection' => 'keep-alive',
  'content-length' => '0',
  'accept' => 'application/json, text/javascript, */*; q=0.01',
  'origin' => 'http://tpblog.cn',
  'x-requested-with' => 'XMLHttpRequest',
  'user-agent' => 'Mozilla/5.0 (Windows NT 10.0; WOW64) AppleWebKit/537.36 (KHTML, like Gecko) Chrome/78.0.3887.7 Safari/537.36',
  'referer' => 'http://tpblog.cn/admin/index.html',
  'accept-encoding' => 'gzip, deflate',
  'accept-language' => 'zh-CN,zh;q=0.9',
  'cookie' => 'breadcrumbs-fixed=false; page-header-fixed=false; navbar-fixed-top=false; sidebar-fixed=false; pgv_pvi=2276014080; current-skin=/static/admin/css/skins/blue.min.css; pgv_si=s985110528; PHPSESSID=9m1ld935qf0vqu321drshqatu3',
)
[ info ] [ PARAM ] array (
)
[ info ] [ SESSION ] INIT array (
  'id' => '',
  'var_session_id' => '',
  'prefix' => 'think',
  'type' => '',
  'auto_start' => true,
)
[ info ] [ RUN ] app\admin\controller\Home->loginout[ D:\phpStudy\WWW\tpblog\application\admin\controller\Home.php ]
[ info ] [ LOG ] INIT File
---------------------------------------------------------------
[ 2019-10-02T09:59:46+08:00 ] 127.0.0.1 GET tpblog.cn/admin.html
[运行时间：0.033817s] [吞吐率：29.57req/s] [内存消耗：1,779.95kb] [文件加载：46]
[ info ] [ LANG ] D:\phpStudy\WWW\tpblog\thinkphp\lang\zh-cn.php
[ info ] [ ROUTE ] array (
  'type' => 'module',
  'module' => 
  array (
    0 => 'admin',
    1 => 'index',
    2 => 'login',
  ),
  'convert' => false,
)
[ info ] [ HEADER ] array (
  'host' => 'tpblog.cn',
  'connection' => 'keep-alive',
  'upgrade-insecure-requests' => '1',
  'user-agent' => 'Mozilla/5.0 (Windows NT 10.0; WOW64) AppleWebKit/537.36 (KHTML, like Gecko) Chrome/78.0.3887.7 Safari/537.36',
  'accept' => 'text/html,application/xhtml+xml,application/xml;q=0.9,image/webp,image/apng,*/*;q=0.8,application/signed-exchange;v=b3',
  'referer' => 'http://tpblog.cn/admin/index.html',
  'accept-encoding' => 'gzip, deflate',
  'accept-language' => 'zh-CN,zh;q=0.9',
  'cookie' => 'breadcrumbs-fixed=false; page-header-fixed=false; navbar-fixed-top=false; sidebar-fixed=false; pgv_pvi=2276014080; current-skin=/static/admin/css/skins/blue.min.css; pgv_si=s985110528; PHPSESSID=9m1ld935qf0vqu321drshqatu3',
)
[ info ] [ PARAM ] array (
)
[ info ] [ SESSION ] INIT array (
  'id' => '',
  'var_session_id' => '',
  'prefix' => 'think',
  'type' => '',
  'auto_start' => true,
)
[ info ] [ RUN ] app\admin\controller\Index->login[ D:\phpStudy\WWW\tpblog\application\admin\controller\Index.php ]
[ info ] [ VIEW ] D:\phpStudy\WWW\tpblog\public/../application/admin\view\index\login.html [ array (
) ]
[ info ] [ LOG ] INIT File
---------------------------------------------------------------
[ 2019-10-02T09:59:53+08:00 ] 127.0.0.1 GET tpblog.cn/index.html
[运行时间：0.067355s] [吞吐率：14.85req/s] [内存消耗：1,867.11kb] [文件加载：47]
[ info ] [ LANG ] D:\phpStudy\WWW\tpblog\thinkphp\lang\zh-cn.php
[ info ] [ ROUTE ] array (
  'type' => 'module',
  'module' => 
  array (
    0 => 'index',
    1 => 'index',
    2 => 'index',
  ),
  'convert' => false,
)
[ info ] [ HEADER ] array (
  'host' => 'tpblog.cn',
  'connection' => 'keep-alive',
  'upgrade-insecure-requests' => '1',
  'user-agent' => 'Mozilla/5.0 (Windows NT 10.0; WOW64) AppleWebKit/537.36 (KHTML, like Gecko) Chrome/78.0.3887.7 Safari/537.36',
  'accept' => 'text/html,application/xhtml+xml,application/xml;q=0.9,image/webp,image/apng,*/*;q=0.8,application/signed-exchange;v=b3',
  'accept-encoding' => 'gzip, deflate',
  'accept-language' => 'zh-CN,zh;q=0.9',
  'cookie' => 'breadcrumbs-fixed=false; page-header-fixed=false; navbar-fixed-top=false; sidebar-fixed=false; pgv_pvi=2276014080; current-skin=/static/admin/css/skins/blue.min.css; pgv_si=s985110528; PHPSESSID=9m1ld935qf0vqu321drshqatu3',
)
[ info ] [ PARAM ] array (
)
[ info ] [ RUN ] app\index\controller\Index->index[ D:\phpStudy\WWW\tpblog\application\index\controller\Index.php ]
[ info ] [ VIEW ] D:\phpStudy\WWW\tpblog\public/../application/index\view\index\index.html [ array (
) ]
[ info ] [ LOG ] INIT File
---------------------------------------------------------------
[ 2019-10-02T10:01:18+08:00 ] 127.0.0.1 GET tpblog.cn/index.html
[运行时间：0.049556s] [吞吐率：20.18req/s] [内存消耗：1,868.05kb] [文件加载：47]
[ info ] [ LANG ] D:\phpStudy\WWW\tpblog\thinkphp\lang\zh-cn.php
[ info ] [ ROUTE ] array (
  'type' => 'module',
  'module' => 
  array (
    0 => 'index',
    1 => 'index',
    2 => 'index',
  ),
  'convert' => false,
)
[ info ] [ HEADER ] array (
  'host' => 'tpblog.cn',
  'connection' => 'keep-alive',
  'cache-control' => 'max-age=0',
  'upgrade-insecure-requests' => '1',
  'user-agent' => 'Mozilla/5.0 (Windows NT 10.0; WOW64) AppleWebKit/537.36 (KHTML, like Gecko) Chrome/78.0.3887.7 Safari/537.36',
  'accept' => 'text/html,application/xhtml+xml,application/xml;q=0.9,image/webp,image/apng,*/*;q=0.8,application/signed-exchange;v=b3',
  'accept-encoding' => 'gzip, deflate',
  'accept-language' => 'zh-CN,zh;q=0.9',
  'cookie' => 'breadcrumbs-fixed=false; page-header-fixed=false; navbar-fixed-top=false; sidebar-fixed=false; pgv_pvi=2276014080; current-skin=/static/admin/css/skins/blue.min.css; pgv_si=s985110528; PHPSESSID=9m1ld935qf0vqu321drshqatu3',
)
[ info ] [ PARAM ] array (
)
[ info ] [ RUN ] app\index\controller\Index->index[ D:\phpStudy\WWW\tpblog\application\index\controller\Index.php ]
[ info ] [ VIEW ] D:\phpStudy\WWW\tpblog\public/../application/index\view\index\index.html [ array (
) ]
[ info ] [ LOG ] INIT File
---------------------------------------------------------------
[ 2019-10-02T10:01:58+08:00 ] 127.0.0.1 GET tpblog.cn/index.html
[运行时间：0.050007s] [吞吐率：20.00req/s] [内存消耗：1,704.30kb] [文件加载：45]
[ info ] [ LANG ] D:\phpStudy\WWW\tpblog\thinkphp\lang\zh-cn.php
[ info ] [ ROUTE ] array (
  'type' => 'module',
  'module' => 
  array (
    0 => 'index',
    1 => 'index',
    2 => 'index',
  ),
  'convert' => false,
)
[ info ] [ HEADER ] array (
  'host' => 'tpblog.cn',
  'connection' => 'keep-alive',
  'cache-control' => 'max-age=0',
  'upgrade-insecure-requests' => '1',
  'user-agent' => 'Mozilla/5.0 (Windows NT 10.0; WOW64) AppleWebKit/537.36 (KHTML, like Gecko) Chrome/78.0.3887.7 Safari/537.36',
  'accept' => 'text/html,application/xhtml+xml,application/xml;q=0.9,image/webp,image/apng,*/*;q=0.8,application/signed-exchange;v=b3',
  'accept-encoding' => 'gzip, deflate',
  'accept-language' => 'zh-CN,zh;q=0.9',
  'cookie' => 'breadcrumbs-fixed=false; page-header-fixed=false; navbar-fixed-top=false; sidebar-fixed=false; pgv_pvi=2276014080; current-skin=/static/admin/css/skins/blue.min.css; pgv_si=s985110528; PHPSESSID=9m1ld935qf0vqu321drshqatu3',
)
[ info ] [ PARAM ] array (
)
[ info ] [ RUN ] app\index\controller\Index->index[ D:\phpStudy\WWW\tpblog\application\index\controller\Index.php ]
[ info ] [ VIEW ] D:\phpStudy\WWW\tpblog\public/../application/index\view\index\index.html [ array (
) ]
[ info ] [ LOG ] INIT File
---------------------------------------------------------------
[ 2019-10-02T10:02:04+08:00 ] 127.0.0.1 GET tpblog.cn/index.html
[运行时间：0.030725s] [吞吐率：32.55req/s] [内存消耗：1,704.30kb] [文件加载：45]
[ info ] [ LANG ] D:\phpStudy\WWW\tpblog\thinkphp\lang\zh-cn.php
[ info ] [ ROUTE ] array (
  'type' => 'module',
  'module' => 
  array (
    0 => 'index',
    1 => 'index',
    2 => 'index',
  ),
  'convert' => false,
)
[ info ] [ HEADER ] array (
  'host' => 'tpblog.cn',
  'connection' => 'keep-alive',
  'cache-control' => 'max-age=0',
  'upgrade-insecure-requests' => '1',
  'user-agent' => 'Mozilla/5.0 (Windows NT 10.0; WOW64) AppleWebKit/537.36 (KHTML, like Gecko) Chrome/78.0.3887.7 Safari/537.36',
  'accept' => 'text/html,application/xhtml+xml,application/xml;q=0.9,image/webp,image/apng,*/*;q=0.8,application/signed-exchange;v=b3',
  'accept-encoding' => 'gzip, deflate',
  'accept-language' => 'zh-CN,zh;q=0.9',
  'cookie' => 'breadcrumbs-fixed=false; page-header-fixed=false; navbar-fixed-top=false; sidebar-fixed=false; pgv_pvi=2276014080; current-skin=/static/admin/css/skins/blue.min.css; pgv_si=s985110528; PHPSESSID=9m1ld935qf0vqu321drshqatu3',
)
[ info ] [ PARAM ] array (
)
[ info ] [ RUN ] app\index\controller\Index->index[ D:\phpStudy\WWW\tpblog\application\index\controller\Index.php ]
[ info ] [ VIEW ] D:\phpStudy\WWW\tpblog\public/../application/index\view\index\index.html [ array (
) ]
[ info ] [ LOG ] INIT File
---------------------------------------------------------------
[ 2019-10-02T10:02:17+08:00 ] 127.0.0.1 GET tpblog.cn/index.html
[运行时间：0.050383s] [吞吐率：19.85req/s] [内存消耗：1,868.02kb] [文件加载：47]
[ info ] [ LANG ] D:\phpStudy\WWW\tpblog\thinkphp\lang\zh-cn.php
[ info ] [ ROUTE ] array (
  'type' => 'module',
  'module' => 
  array (
    0 => 'index',
    1 => 'index',
    2 => 'index',
  ),
  'convert' => false,
)
[ info ] [ HEADER ] array (
  'host' => 'tpblog.cn',
  'connection' => 'keep-alive',
  'cache-control' => 'max-age=0',
  'upgrade-insecure-requests' => '1',
  'user-agent' => 'Mozilla/5.0 (Windows NT 10.0; WOW64) AppleWebKit/537.36 (KHTML, like Gecko) Chrome/78.0.3887.7 Safari/537.36',
  'accept' => 'text/html,application/xhtml+xml,application/xml;q=0.9,image/webp,image/apng,*/*;q=0.8,application/signed-exchange;v=b3',
  'accept-encoding' => 'gzip, deflate',
  'accept-language' => 'zh-CN,zh;q=0.9',
  'cookie' => 'breadcrumbs-fixed=false; page-header-fixed=false; navbar-fixed-top=false; sidebar-fixed=false; pgv_pvi=2276014080; current-skin=/static/admin/css/skins/blue.min.css; pgv_si=s985110528; PHPSESSID=9m1ld935qf0vqu321drshqatu3',
)
[ info ] [ PARAM ] array (
)
[ info ] [ RUN ] app\index\controller\Index->index[ D:\phpStudy\WWW\tpblog\application\index\controller\Index.php ]
[ info ] [ VIEW ] D:\phpStudy\WWW\tpblog\public/../application/index\view\index\index.html [ array (
) ]
[ info ] [ LOG ] INIT File
---------------------------------------------------------------
[ 2019-10-02T10:07:48+08:00 ] 127.0.0.1 GET tpblog.cn/index.html
[运行时间：0.073010s] [吞吐率：13.70req/s] [内存消耗：1,922.70kb] [文件加载：52]
[ info ] [ LANG ] D:\phpStudy\WWW\tpblog\thinkphp\lang\zh-cn.php
[ info ] [ ROUTE ] array (
  'type' => 'module',
  'module' => 
  array (
    0 => 'index',
    1 => 'index',
    2 => 'index',
  ),
  'convert' => false,
)
[ info ] [ HEADER ] array (
  'host' => 'tpblog.cn',
  'connection' => 'keep-alive',
  'cache-control' => 'max-age=0',
  'upgrade-insecure-requests' => '1',
  'user-agent' => 'Mozilla/5.0 (Windows NT 10.0; WOW64) AppleWebKit/537.36 (KHTML, like Gecko) Chrome/78.0.3887.7 Safari/537.36',
  'accept' => 'text/html,application/xhtml+xml,application/xml;q=0.9,image/webp,image/apng,*/*;q=0.8,application/signed-exchange;v=b3',
  'accept-encoding' => 'gzip, deflate',
  'accept-language' => 'zh-CN,zh;q=0.9',
  'cookie' => 'breadcrumbs-fixed=false; page-header-fixed=false; navbar-fixed-top=false; sidebar-fixed=false; pgv_pvi=2276014080; current-skin=/static/admin/css/skins/blue.min.css; pgv_si=s985110528; PHPSESSID=9m1ld935qf0vqu321drshqatu3',
)
[ info ] [ PARAM ] array (
)
[ info ] [ RUN ] app\index\controller\Index->index[ D:\phpStudy\WWW\tpblog\application\index\controller\Index.php ]
[ info ] [ VIEW ] D:\phpStudy\WWW\tpblog\public/../application/index\view\index\index.html [ array (
) ]
[ info ] [ LOG ] INIT File
[ error ] [8]未定义变量: cates[D:\phpStudy\WWW\tpblog\runtime\temp\081d9c253579e3ff3f7d6daf129af421.php:29]
---------------------------------------------------------------
[ 2019-10-02T10:08:17+08:00 ] 127.0.0.1 GET tpblog.cn/index.html
[运行时间：0.068957s] [吞吐率：14.50req/s] [内存消耗：1,758.02kb] [文件加载：50]
[ info ] [ LANG ] D:\phpStudy\WWW\tpblog\thinkphp\lang\zh-cn.php
[ info ] [ ROUTE ] array (
  'type' => 'module',
  'module' => 
  array (
    0 => 'index',
    1 => 'index',
    2 => 'index',
  ),
  'convert' => false,
)
[ info ] [ HEADER ] array (
  'host' => 'tpblog.cn',
  'connection' => 'keep-alive',
  'cache-control' => 'max-age=0',
  'upgrade-insecure-requests' => '1',
  'user-agent' => 'Mozilla/5.0 (Windows NT 10.0; WOW64) AppleWebKit/537.36 (KHTML, like Gecko) Chrome/78.0.3887.7 Safari/537.36',
  'accept' => 'text/html,application/xhtml+xml,application/xml;q=0.9,image/webp,image/apng,*/*;q=0.8,application/signed-exchange;v=b3',
  'accept-encoding' => 'gzip, deflate',
  'accept-language' => 'zh-CN,zh;q=0.9',
  'cookie' => 'breadcrumbs-fixed=false; page-header-fixed=false; navbar-fixed-top=false; sidebar-fixed=false; pgv_pvi=2276014080; current-skin=/static/admin/css/skins/blue.min.css; pgv_si=s985110528; PHPSESSID=9m1ld935qf0vqu321drshqatu3',
)
[ info ] [ PARAM ] array (
)
[ info ] [ RUN ] app\index\controller\Index->index[ D:\phpStudy\WWW\tpblog\application\index\controller\Index.php ]
[ info ] [ VIEW ] D:\phpStudy\WWW\tpblog\public/../application/index\view\index\index.html [ array (
) ]
[ info ] [ LOG ] INIT File
[ error ] [8]未定义变量: cates[D:\phpStudy\WWW\tpblog\runtime\temp\081d9c253579e3ff3f7d6daf129af421.php:29]
---------------------------------------------------------------
[ 2019-10-02T10:09:48+08:00 ] 127.0.0.1 GET tpblog.cn/index.html
[运行时间：0.041175s] [吞吐率：24.29req/s] [内存消耗：1,758.02kb] [文件加载：50]
[ info ] [ LANG ] D:\phpStudy\WWW\tpblog\thinkphp\lang\zh-cn.php
[ info ] [ ROUTE ] array (
  'type' => 'module',
  'module' => 
  array (
    0 => 'index',
    1 => 'index',
    2 => 'index',
  ),
  'convert' => false,
)
[ info ] [ HEADER ] array (
  'host' => 'tpblog.cn',
  'connection' => 'keep-alive',
  'cache-control' => 'max-age=0',
  'upgrade-insecure-requests' => '1',
  'user-agent' => 'Mozilla/5.0 (Windows NT 10.0; WOW64) AppleWebKit/537.36 (KHTML, like Gecko) Chrome/78.0.3887.7 Safari/537.36',
  'accept' => 'text/html,application/xhtml+xml,application/xml;q=0.9,image/webp,image/apng,*/*;q=0.8,application/signed-exchange;v=b3',
  'accept-encoding' => 'gzip, deflate',
  'accept-language' => 'zh-CN,zh;q=0.9',
  'cookie' => 'breadcrumbs-fixed=false; page-header-fixed=false; navbar-fixed-top=false; sidebar-fixed=false; pgv_pvi=2276014080; current-skin=/static/admin/css/skins/blue.min.css; pgv_si=s985110528; PHPSESSID=9m1ld935qf0vqu321drshqatu3',
)
[ info ] [ PARAM ] array (
)
[ info ] [ RUN ] app\index\controller\Index->index[ D:\phpStudy\WWW\tpblog\application\index\controller\Index.php ]
[ info ] [ VIEW ] D:\phpStudy\WWW\tpblog\public/../application/index\view\index\index.html [ array (
) ]
[ info ] [ LOG ] INIT File
[ error ] [8]未定义变量: cates[D:\phpStudy\WWW\tpblog\runtime\temp\081d9c253579e3ff3f7d6daf129af421.php:29]
---------------------------------------------------------------
[ 2019-10-02T10:09:52+08:00 ] 127.0.0.1 GET tpblog.cn/admin.html
[运行时间：0.035214s] [吞吐率：28.40req/s] [内存消耗：1,779.95kb] [文件加载：46]
[ info ] [ LANG ] D:\phpStudy\WWW\tpblog\thinkphp\lang\zh-cn.php
[ info ] [ ROUTE ] array (
  'type' => 'module',
  'module' => 
  array (
    0 => 'admin',
    1 => 'index',
    2 => 'login',
  ),
  'convert' => false,
)
[ info ] [ HEADER ] array (
  'host' => 'tpblog.cn',
  'connection' => 'keep-alive',
  'upgrade-insecure-requests' => '1',
  'user-agent' => 'Mozilla/5.0 (Windows NT 10.0; WOW64) AppleWebKit/537.36 (KHTML, like Gecko) Chrome/78.0.3887.7 Safari/537.36',
  'accept' => 'text/html,application/xhtml+xml,application/xml;q=0.9,image/webp,image/apng,*/*;q=0.8,application/signed-exchange;v=b3',
  'referer' => 'http://tpblog.cn/admin/index.html',
  'accept-encoding' => 'gzip, deflate',
  'accept-language' => 'zh-CN,zh;q=0.9',
  'cookie' => 'breadcrumbs-fixed=false; page-header-fixed=false; navbar-fixed-top=false; sidebar-fixed=false; pgv_pvi=2276014080; current-skin=/static/admin/css/skins/blue.min.css; pgv_si=s985110528; PHPSESSID=9m1ld935qf0vqu321drshqatu3',
)
[ info ] [ PARAM ] array (
)
[ info ] [ SESSION ] INIT array (
  'id' => '',
  'var_session_id' => '',
  'prefix' => 'think',
  'type' => '',
  'auto_start' => true,
)
[ info ] [ RUN ] app\admin\controller\Index->login[ D:\phpStudy\WWW\tpblog\application\admin\controller\Index.php ]
[ info ] [ VIEW ] D:\phpStudy\WWW\tpblog\public/../application/admin\view\index\login.html [ array (
) ]
[ info ] [ LOG ] INIT File
---------------------------------------------------------------
[ 2019-10-02T10:09:54+08:00 ] 127.0.0.1 GET tpblog.cn/admin.html
[运行时间：0.031685s] [吞吐率：31.56req/s] [内存消耗：1,780.10kb] [文件加载：46]
[ info ] [ LANG ] D:\phpStudy\WWW\tpblog\thinkphp\lang\zh-cn.php
[ info ] [ ROUTE ] array (
  'type' => 'module',
  'module' => 
  array (
    0 => 'admin',
    1 => 'index',
    2 => 'login',
  ),
  'convert' => false,
)
[ info ] [ HEADER ] array (
  'host' => 'tpblog.cn',
  'connection' => 'keep-alive',
  'cache-control' => 'max-age=0',
  'upgrade-insecure-requests' => '1',
  'user-agent' => 'Mozilla/5.0 (Windows NT 10.0; WOW64) AppleWebKit/537.36 (KHTML, like Gecko) Chrome/78.0.3887.7 Safari/537.36',
  'accept' => 'text/html,application/xhtml+xml,application/xml;q=0.9,image/webp,image/apng,*/*;q=0.8,application/signed-exchange;v=b3',
  'referer' => 'http://tpblog.cn/index.html',
  'accept-encoding' => 'gzip, deflate',
  'accept-language' => 'zh-CN,zh;q=0.9',
  'cookie' => 'breadcrumbs-fixed=false; page-header-fixed=false; navbar-fixed-top=false; sidebar-fixed=false; pgv_pvi=2276014080; current-skin=/static/admin/css/skins/blue.min.css; pgv_si=s985110528; PHPSESSID=9m1ld935qf0vqu321drshqatu3',
)
[ info ] [ PARAM ] array (
)
[ info ] [ SESSION ] INIT array (
  'id' => '',
  'var_session_id' => '',
  'prefix' => 'think',
  'type' => '',
  'auto_start' => true,
)
[ info ] [ RUN ] app\admin\controller\Index->login[ D:\phpStudy\WWW\tpblog\application\admin\controller\Index.php ]
[ info ] [ VIEW ] D:\phpStudy\WWW\tpblog\public/../application/admin\view\index\login.html [ array (
) ]
[ info ] [ LOG ] INIT File
---------------------------------------------------------------
[ 2019-10-02T10:09:57+08:00 ] 127.0.0.1 GET tpblog.cn/index.php/admin
[运行时间：0.040729s] [吞吐率：24.55req/s] [内存消耗：1,779.70kb] [文件加载：46]
[ info ] [ LANG ] D:\phpStudy\WWW\tpblog\thinkphp\lang\zh-cn.php
[ info ] [ ROUTE ] array (
  'type' => 'module',
  'module' => 
  array (
    0 => 'admin',
    1 => 'index',
    2 => 'login',
  ),
  'convert' => false,
)
[ info ] [ HEADER ] array (
  'host' => 'tpblog.cn',
  'connection' => 'keep-alive',
  'upgrade-insecure-requests' => '1',
  'user-agent' => 'Mozilla/5.0 (Windows NT 10.0; WOW64) AppleWebKit/537.36 (KHTML, like Gecko) Chrome/78.0.3887.7 Safari/537.36',
  'accept' => 'text/html,application/xhtml+xml,application/xml;q=0.9,image/webp,image/apng,*/*;q=0.8,application/signed-exchange;v=b3',
  'accept-encoding' => 'gzip, deflate',
  'accept-language' => 'zh-CN,zh;q=0.9',
  'cookie' => 'breadcrumbs-fixed=false; page-header-fixed=false; navbar-fixed-top=false; sidebar-fixed=false; pgv_pvi=2276014080; current-skin=/static/admin/css/skins/blue.min.css; pgv_si=s985110528; PHPSESSID=9m1ld935qf0vqu321drshqatu3',
)
[ info ] [ PARAM ] array (
)
[ info ] [ SESSION ] INIT array (
  'id' => '',
  'var_session_id' => '',
  'prefix' => 'think',
  'type' => '',
  'auto_start' => true,
)
[ info ] [ RUN ] app\admin\controller\Index->login[ D:\phpStudy\WWW\tpblog\application\admin\controller\Index.php ]
[ info ] [ VIEW ] D:\phpStudy\WWW\tpblog\public/../application/admin\view\index\login.html [ array (
) ]
[ info ] [ LOG ] INIT File
---------------------------------------------------------------
[ 2019-10-02T10:10:00+08:00 ] 127.0.0.1 GET tpblog.cn/index.php
[运行时间：0.058955s] [吞吐率：16.96req/s] [内存消耗：1,758.07kb] [文件加载：50]
[ info ] [ LANG ] D:\phpStudy\WWW\tpblog\thinkphp\lang\zh-cn.php
[ info ] [ ROUTE ] array (
  'type' => 'module',
  'module' => 
  array (
    0 => '',
    1 => NULL,
    2 => NULL,
  ),
)
[ info ] [ HEADER ] array (
  'host' => 'tpblog.cn',
  'connection' => 'keep-alive',
  'upgrade-insecure-requests' => '1',
  'user-agent' => 'Mozilla/5.0 (Windows NT 10.0; WOW64) AppleWebKit/537.36 (KHTML, like Gecko) Chrome/78.0.3887.7 Safari/537.36',
  'accept' => 'text/html,application/xhtml+xml,application/xml;q=0.9,image/webp,image/apng,*/*;q=0.8,application/signed-exchange;v=b3',
  'accept-encoding' => 'gzip, deflate',
  'accept-language' => 'zh-CN,zh;q=0.9',
  'cookie' => 'breadcrumbs-fixed=false; page-header-fixed=false; navbar-fixed-top=false; sidebar-fixed=false; pgv_pvi=2276014080; current-skin=/static/admin/css/skins/blue.min.css; pgv_si=s985110528; PHPSESSID=9m1ld935qf0vqu321drshqatu3',
)
[ info ] [ PARAM ] array (
)
[ info ] [ RUN ] app\index\controller\Index->index[ D:\phpStudy\WWW\tpblog\application\index\controller\Index.php ]
[ info ] [ VIEW ] D:\phpStudy\WWW\tpblog\public/../application/index\view\index\index.html [ array (
) ]
[ info ] [ LOG ] INIT File
[ error ] [8]未定义变量: cates[D:\phpStudy\WWW\tpblog\runtime\temp\081d9c253579e3ff3f7d6daf129af421.php:29]
---------------------------------------------------------------
[ 2019-10-02T10:11:40+08:00 ] 127.0.0.1 GET tpblog.cn/index.php
[运行时间：0.057616s] [吞吐率：17.36req/s] [内存消耗：1,758.33kb] [文件加载：50]
[ info ] [ LANG ] D:\phpStudy\WWW\tpblog\thinkphp\lang\zh-cn.php
[ info ] [ ROUTE ] array (
  'type' => 'module',
  'module' => 
  array (
    0 => '',
    1 => NULL,
    2 => NULL,
  ),
)
[ info ] [ HEADER ] array (
  'host' => 'tpblog.cn',
  'connection' => 'keep-alive',
  'cache-control' => 'max-age=0',
  'upgrade-insecure-requests' => '1',
  'user-agent' => 'Mozilla/5.0 (Windows NT 10.0; WOW64) AppleWebKit/537.36 (KHTML, like Gecko) Chrome/78.0.3887.7 Safari/537.36',
  'accept' => 'text/html,application/xhtml+xml,application/xml;q=0.9,image/webp,image/apng,*/*;q=0.8,application/signed-exchange;v=b3',
  'accept-encoding' => 'gzip, deflate',
  'accept-language' => 'zh-CN,zh;q=0.9',
  'cookie' => 'breadcrumbs-fixed=false; page-header-fixed=false; navbar-fixed-top=false; sidebar-fixed=false; pgv_pvi=2276014080; current-skin=/static/admin/css/skins/blue.min.css; pgv_si=s985110528; PHPSESSID=9m1ld935qf0vqu321drshqatu3',
)
[ info ] [ PARAM ] array (
)
[ info ] [ RUN ] app\index\controller\Index->index[ D:\phpStudy\WWW\tpblog\application\index\controller\Index.php ]
[ info ] [ VIEW ] D:\phpStudy\WWW\tpblog\public/../application/index\view\index\index.html [ array (
) ]
[ info ] [ LOG ] INIT File
[ error ] [8]未定义变量: cates[D:\phpStudy\WWW\tpblog\runtime\temp\081d9c253579e3ff3f7d6daf129af421.php:29]
---------------------------------------------------------------
[ 2019-10-02T10:14:23+08:00 ] 127.0.0.1 GET tpblog.cn/index.php
[运行时间：0.178731s] [吞吐率：5.59req/s] [内存消耗：1,468.84kb] [文件加载：41]
[ info ] [ LANG ] D:\phpStudy\WWW\tpblog\thinkphp\lang\zh-cn.php
[ info ] [ ROUTE ] array (
  'type' => 'module',
  'module' => 
  array (
    0 => '',
    1 => NULL,
    2 => NULL,
  ),
)
[ info ] [ HEADER ] array (
  'host' => 'tpblog.cn',
  'connection' => 'keep-alive',
  'cache-control' => 'max-age=0',
  'upgrade-insecure-requests' => '1',
  'user-agent' => 'Mozilla/5.0 (Windows NT 10.0; WOW64) AppleWebKit/537.36 (KHTML, like Gecko) Chrome/78.0.3887.7 Safari/537.36',
  'accept' => 'text/html,application/xhtml+xml,application/xml;q=0.9,image/webp,image/apng,*/*;q=0.8,application/signed-exchange;v=b3',
  'accept-encoding' => 'gzip, deflate',
  'accept-language' => 'zh-CN,zh;q=0.9',
  'cookie' => 'breadcrumbs-fixed=false; page-header-fixed=false; navbar-fixed-top=false; sidebar-fixed=false; pgv_pvi=2276014080; current-skin=/static/admin/css/skins/blue.min.css; pgv_si=s985110528; PHPSESSID=9m1ld935qf0vqu321drshqatu3',
)
[ info ] [ PARAM ] array (
)
[ info ] [ LOG ] INIT File
[ error ] [4]syntax error, unexpected '::' (T_PAAMAYIM_NEKUDOTAYIM)[D:\phpStudy\WWW\tpblog\application\index\controller\Base.php:23]
---------------------------------------------------------------
[ 2019-10-02T10:14:51+08:00 ] 127.0.0.1 GET tpblog.cn/index.php
[运行时间：0.063348s] [吞吐率：15.79req/s] [内存消耗：1,758.33kb] [文件加载：50]
[ info ] [ LANG ] D:\phpStudy\WWW\tpblog\thinkphp\lang\zh-cn.php
[ info ] [ ROUTE ] array (
  'type' => 'module',
  'module' => 
  array (
    0 => '',
    1 => NULL,
    2 => NULL,
  ),
)
[ info ] [ HEADER ] array (
  'host' => 'tpblog.cn',
  'connection' => 'keep-alive',
  'cache-control' => 'max-age=0',
  'upgrade-insecure-requests' => '1',
  'user-agent' => 'Mozilla/5.0 (Windows NT 10.0; WOW64) AppleWebKit/537.36 (KHTML, like Gecko) Chrome/78.0.3887.7 Safari/537.36',
  'accept' => 'text/html,application/xhtml+xml,application/xml;q=0.9,image/webp,image/apng,*/*;q=0.8,application/signed-exchange;v=b3',
  'accept-encoding' => 'gzip, deflate',
  'accept-language' => 'zh-CN,zh;q=0.9',
  'cookie' => 'breadcrumbs-fixed=false; page-header-fixed=false; navbar-fixed-top=false; sidebar-fixed=false; pgv_pvi=2276014080; current-skin=/static/admin/css/skins/blue.min.css; pgv_si=s985110528; PHPSESSID=9m1ld935qf0vqu321drshqatu3',
)
[ info ] [ PARAM ] array (
)
[ info ] [ RUN ] app\index\controller\Index->index[ D:\phpStudy\WWW\tpblog\application\index\controller\Index.php ]
[ info ] [ VIEW ] D:\phpStudy\WWW\tpblog\public/../application/index\view\index\index.html [ array (
) ]
[ info ] [ LOG ] INIT File
[ error ] [8]未定义变量: cates[D:\phpStudy\WWW\tpblog\runtime\temp\081d9c253579e3ff3f7d6daf129af421.php:29]
---------------------------------------------------------------
[ 2019-10-02T10:16:35+08:00 ] 127.0.0.1 GET tpblog.cn/index.php
[运行时间：0.062640s] [吞吐率：15.96req/s] [内存消耗：1,922.95kb] [文件加载：52]
[ info ] [ LANG ] D:\phpStudy\WWW\tpblog\thinkphp\lang\zh-cn.php
[ info ] [ ROUTE ] array (
  'type' => 'module',
  'module' => 
  array (
    0 => '',
    1 => NULL,
    2 => NULL,
  ),
)
[ info ] [ HEADER ] array (
  'host' => 'tpblog.cn',
  'connection' => 'keep-alive',
  'cache-control' => 'max-age=0',
  'upgrade-insecure-requests' => '1',
  'user-agent' => 'Mozilla/5.0 (Windows NT 10.0; WOW64) AppleWebKit/537.36 (KHTML, like Gecko) Chrome/78.0.3887.7 Safari/537.36',
  'accept' => 'text/html,application/xhtml+xml,application/xml;q=0.9,image/webp,image/apng,*/*;q=0.8,application/signed-exchange;v=b3',
  'accept-encoding' => 'gzip, deflate',
  'accept-language' => 'zh-CN,zh;q=0.9',
  'cookie' => 'breadcrumbs-fixed=false; page-header-fixed=false; navbar-fixed-top=false; sidebar-fixed=false; pgv_pvi=2276014080; current-skin=/static/admin/css/skins/blue.min.css; pgv_si=s985110528; PHPSESSID=9m1ld935qf0vqu321drshqatu3',
)
[ info ] [ PARAM ] array (
)
[ info ] [ RUN ] app\index\controller\Index->index[ D:\phpStudy\WWW\tpblog\application\index\controller\Index.php ]
[ info ] [ VIEW ] D:\phpStudy\WWW\tpblog\public/../application/index\view\index\index.html [ array (
) ]
[ info ] [ LOG ] INIT File
[ error ] [8]未定义变量: cate[D:\phpStudy\WWW\tpblog\runtime\temp\081d9c253579e3ff3f7d6daf129af421.php:29]
---------------------------------------------------------------
[ 2019-10-02T10:16:39+08:00 ] 127.0.0.1 GET tpblog.cn/index.php
[运行时间：0.042391s] [吞吐率：23.59req/s] [内存消耗：1,922.95kb] [文件加载：52]
[ info ] [ LANG ] D:\phpStudy\WWW\tpblog\thinkphp\lang\zh-cn.php
[ info ] [ ROUTE ] array (
  'type' => 'module',
  'module' => 
  array (
    0 => '',
    1 => NULL,
    2 => NULL,
  ),
)
[ info ] [ HEADER ] array (
  'host' => 'tpblog.cn',
  'connection' => 'keep-alive',
  'cache-control' => 'max-age=0',
  'upgrade-insecure-requests' => '1',
  'user-agent' => 'Mozilla/5.0 (Windows NT 10.0; WOW64) AppleWebKit/537.36 (KHTML, like Gecko) Chrome/78.0.3887.7 Safari/537.36',
  'accept' => 'text/html,application/xhtml+xml,application/xml;q=0.9,image/webp,image/apng,*/*;q=0.8,application/signed-exchange;v=b3',
  'accept-encoding' => 'gzip, deflate',
  'accept-language' => 'zh-CN,zh;q=0.9',
  'cookie' => 'breadcrumbs-fixed=false; page-header-fixed=false; navbar-fixed-top=false; sidebar-fixed=false; pgv_pvi=2276014080; current-skin=/static/admin/css/skins/blue.min.css; pgv_si=s985110528; PHPSESSID=9m1ld935qf0vqu321drshqatu3',
)
[ info ] [ PARAM ] array (
)
[ info ] [ RUN ] app\index\controller\Index->index[ D:\phpStudy\WWW\tpblog\application\index\controller\Index.php ]
[ info ] [ VIEW ] D:\phpStudy\WWW\tpblog\public/../application/index\view\index\index.html [ array (
) ]
[ info ] [ LOG ] INIT File
[ error ] [8]未定义变量: cates[D:\phpStudy\WWW\tpblog\runtime\temp\081d9c253579e3ff3f7d6daf129af421.php:29]
---------------------------------------------------------------
[ 2019-10-02T10:18:14+08:00 ] 127.0.0.1 GET tpblog.cn/index.php
[运行时间：0.042374s] [吞吐率：23.60req/s] [内存消耗：1,758.46kb] [文件加载：50]
[ info ] [ LANG ] D:\phpStudy\WWW\tpblog\thinkphp\lang\zh-cn.php
[ info ] [ ROUTE ] array (
  'type' => 'module',
  'module' => 
  array (
    0 => '',
    1 => NULL,
    2 => NULL,
  ),
)
[ info ] [ HEADER ] array (
  'host' => 'tpblog.cn',
  'connection' => 'keep-alive',
  'cache-control' => 'max-age=0',
  'upgrade-insecure-requests' => '1',
  'user-agent' => 'Mozilla/5.0 (Windows NT 10.0; WOW64) AppleWebKit/537.36 (KHTML, like Gecko) Chrome/78.0.3887.7 Safari/537.36',
  'accept' => 'text/html,application/xhtml+xml,application/xml;q=0.9,image/webp,image/apng,*/*;q=0.8,application/signed-exchange;v=b3',
  'accept-encoding' => 'gzip, deflate',
  'accept-language' => 'zh-CN,zh;q=0.9',
  'cookie' => 'breadcrumbs-fixed=false; page-header-fixed=false; navbar-fixed-top=false; sidebar-fixed=false; pgv_pvi=2276014080; current-skin=/static/admin/css/skins/blue.min.css; pgv_si=s985110528; PHPSESSID=9m1ld935qf0vqu321drshqatu3',
)
[ info ] [ PARAM ] array (
)
[ info ] [ RUN ] app\index\controller\Index->index[ D:\phpStudy\WWW\tpblog\application\index\controller\Index.php ]
[ info ] [ VIEW ] D:\phpStudy\WWW\tpblog\public/../application/index\view\index\index.html [ array (
) ]
[ info ] [ LOG ] INIT File
[ error ] [8]未定义变量: cates[D:\phpStudy\WWW\tpblog\runtime\temp\081d9c253579e3ff3f7d6daf129af421.php:29]
---------------------------------------------------------------
[ 2019-10-02T10:18:26+08:00 ] 127.0.0.1 GET tpblog.cn/index.php
[运行时间：0.055949s] [吞吐率：17.87req/s] [内存消耗：1,758.33kb] [文件加载：50]
[ info ] [ LANG ] D:\phpStudy\WWW\tpblog\thinkphp\lang\zh-cn.php
[ info ] [ ROUTE ] array (
  'type' => 'module',
  'module' => 
  array (
    0 => '',
    1 => NULL,
    2 => NULL,
  ),
)
[ info ] [ HEADER ] array (
  'host' => 'tpblog.cn',
  'connection' => 'keep-alive',
  'cache-control' => 'max-age=0',
  'upgrade-insecure-requests' => '1',
  'user-agent' => 'Mozilla/5.0 (Windows NT 10.0; WOW64) AppleWebKit/537.36 (KHTML, like Gecko) Chrome/78.0.3887.7 Safari/537.36',
  'accept' => 'text/html,application/xhtml+xml,application/xml;q=0.9,image/webp,image/apng,*/*;q=0.8,application/signed-exchange;v=b3',
  'accept-encoding' => 'gzip, deflate',
  'accept-language' => 'zh-CN,zh;q=0.9',
  'cookie' => 'breadcrumbs-fixed=false; page-header-fixed=false; navbar-fixed-top=false; sidebar-fixed=false; pgv_pvi=2276014080; current-skin=/static/admin/css/skins/blue.min.css; pgv_si=s985110528; PHPSESSID=9m1ld935qf0vqu321drshqatu3',
)
[ info ] [ PARAM ] array (
)
[ info ] [ RUN ] app\index\controller\Index->index[ D:\phpStudy\WWW\tpblog\application\index\controller\Index.php ]
[ info ] [ VIEW ] D:\phpStudy\WWW\tpblog\public/../application/index\view\index\index.html [ array (
) ]
[ info ] [ LOG ] INIT File
[ error ] [8]未定义变量: cates[D:\phpStudy\WWW\tpblog\runtime\temp\081d9c253579e3ff3f7d6daf129af421.php:29]
---------------------------------------------------------------
[ 2019-10-02T10:19:56+08:00 ] 127.0.0.1 GET tpblog.cn/index.php
[运行时间：0.174153s] [吞吐率：5.74req/s] [内存消耗：2,873.27kb] [文件加载：55]
[ info ] [ LANG ] D:\phpStudy\WWW\tpblog\thinkphp\lang\zh-cn.php
[ info ] [ ROUTE ] array (
  'type' => 'module',
  'module' => 
  array (
    0 => '',
    1 => NULL,
    2 => NULL,
  ),
)
[ info ] [ HEADER ] array (
  'host' => 'tpblog.cn',
  'connection' => 'keep-alive',
  'cache-control' => 'max-age=0',
  'upgrade-insecure-requests' => '1',
  'user-agent' => 'Mozilla/5.0 (Windows NT 10.0; WOW64) AppleWebKit/537.36 (KHTML, like Gecko) Chrome/78.0.3887.7 Safari/537.36',
  'accept' => 'text/html,application/xhtml+xml,application/xml;q=0.9,image/webp,image/apng,*/*;q=0.8,application/signed-exchange;v=b3',
  'accept-encoding' => 'gzip, deflate',
  'accept-language' => 'zh-CN,zh;q=0.9',
  'cookie' => 'breadcrumbs-fixed=false; page-header-fixed=false; navbar-fixed-top=false; sidebar-fixed=false; pgv_pvi=2276014080; current-skin=/static/admin/css/skins/blue.min.css; pgv_si=s985110528; PHPSESSID=9m1ld935qf0vqu321drshqatu3',
)
[ info ] [ PARAM ] array (
)
[ info ] [ DB ] INIT mysql
[ info ] [ RUN ] app\index\controller\Index->index[ D:\phpStudy\WWW\tpblog\application\index\controller\Index.php ]
[ info ] [ VIEW ] D:\phpStudy\WWW\tpblog\public/../application/index\view\index\index.html [ array (
  0 => 'cates',
) ]
[ info ] [ LOG ] INIT File
