---------------------------------------------------------------
[ 2019-10-18T08:28:13+08:00 ] 127.0.0.1 GET tpblog.cn/
[运行时间：1.451955s] [吞吐率：0.69req/s] [内存消耗：3,194.63kb] [文件加载：62]
[ info ] [ LANG ] D:\phpStudy\WWW\tpblog\thinkphp\lang\zh-cn.php
[ info ] [ ROUTE ] array (
  'type' => 'module',
  'module' => 
  array (
    0 => 'index',
    1 => 'index',
    2 => 'index',
  ),
  'convert' => false,
)
[ info ] [ HEADER ] array (
  'host' => 'tpblog.cn',
  'connection' => 'keep-alive',
  'upgrade-insecure-requests' => '1',
  'user-agent' => 'Mozilla/5.0 (Windows NT 10.0; WOW64) AppleWebKit/537.36 (KHTML, like Gecko) Chrome/78.0.3887.7 Safari/537.36',
  'accept' => 'text/html,application/xhtml+xml,application/xml;q=0.9,image/webp,image/apng,*/*;q=0.8,application/signed-exchange;v=b3',
  'accept-encoding' => 'gzip, deflate',
  'accept-language' => 'zh-CN,zh;q=0.9',
  'cookie' => 'breadcrumbs-fixed=false; page-header-fixed=false; navbar-fixed-top=false; sidebar-fixed=false; pgv_pvi=2276014080',
)
[ info ] [ PARAM ] array (
)
[ info ] [ DB ] INIT mysql
[ info ] [ RUN ] app\index\controller\Index->index[ D:\phpStudy\WWW\tpblog\application\index\controller\Index.php ]
[ info ] [ VIEW ] D:\phpStudy\WWW\tpblog\public/../application/index\view\index\index.html [ array (
  0 => 'cates',
  1 => 'webInfo',
  2 => 'topArticles',
  3 => 'articles',
  4 => 'catename',
) ]
[ info ] [ SESSION ] INIT array (
  'id' => '',
  'var_session_id' => '',
  'prefix' => 'think',
  'type' => '',
  'auto_start' => true,
)
[ info ] [ LOG ] INIT File
