---------------------------------------------------------------
[ 2020-04-14T09:42:06+08:00 ] 0.0.0.0 GET localhost/tpblog/public/
[运行时间：0.243412s] [吞吐率：4.11req/s] [内存消耗：2,441.10kb] [文件加载：59]
[ info ] [ LANG ] D:\phpStudy\WWW\tpblog\thinkphp\lang\zh-cn.php
[ info ] [ ROUTE ] array (
  'type' => 'module',
  'module' => 
  array (
    0 => 'index',
    1 => 'index',
    2 => 'index',
  ),
  'convert' => false,
)
[ info ] [ HEADER ] array (
  'cookie' => 'Webstorm-8eca410e=04526ef6-adf0-4d93-bb13-46e3905d1068; pgv_pvi=7221936128',
  'accept-language' => 'zh-CN,zh;q=0.9',
  'accept-encoding' => 'gzip, deflate, br',
  'referer' => 'http://localhost/tpblog/',
  'sec-fetch-mode' => 'navigate',
  'sec-fetch-site' => 'same-origin',
  'accept' => 'text/html,application/xhtml+xml,application/xml;q=0.9,image/webp,image/apng,*/*;q=0.8,application/signed-exchange;v=b3',
  'sec-fetch-user' => '?1',
  'user-agent' => 'Mozilla/5.0 (Windows NT 10.0; WOW64) AppleWebKit/537.36 (KHTML, like Gecko) Chrome/78.0.3904.87 Safari/537.36',
  'upgrade-insecure-requests' => '1',
  'connection' => 'close',
  'host' => 'localhost',
)
[ info ] [ PARAM ] array (
)
[ info ] [ DB ] INIT mysql
[ info ] [ RUN ] app\index\controller\Index->index[ D:\phpStudy\WWW\tpblog\application\index\controller\Index.php ]
[ info ] [ VIEW ] D:\phpStudy\WWW\tpblog\public/../application/index\view\index\index.html [ array (
  0 => 'cates',
  1 => 'webInfo',
  2 => 'topArticles',
  3 => 'articles',
  4 => 'catename',
) ]
[ info ] [ SESSION ] INIT array (
  'id' => '',
  'var_session_id' => '',
  'prefix' => 'think',
  'type' => '',
  'auto_start' => true,
)
[ info ] [ LOG ] INIT File
---------------------------------------------------------------
[ 2020-04-14T09:42:09+08:00 ] 0.0.0.0 GET localhost/tpblog/public/index/article/add.html
[运行时间：0.107964s] [吞吐率：9.26req/s] [内存消耗：2,365.35kb] [文件加载：55]
[ info ] [ LANG ] D:\phpStudy\WWW\tpblog\thinkphp\lang\zh-cn.php
[ info ] [ ROUTE ] array (
  'type' => 'module',
  'module' => 
  array (
    0 => 'index',
    1 => 'article',
    2 => 'add',
  ),
)
[ info ] [ HEADER ] array (
  'cookie' => 'Webstorm-8eca410e=04526ef6-adf0-4d93-bb13-46e3905d1068; pgv_pvi=7221936128; PHPSESSID=tha7ikelo0cluklmq176ec7sa2',
  'accept-language' => 'zh-CN,zh;q=0.9',
  'accept-encoding' => 'gzip, deflate, br',
  'referer' => 'http://localhost/tpblog/public/',
  'sec-fetch-mode' => 'navigate',
  'sec-fetch-site' => 'same-origin',
  'accept' => 'text/html,application/xhtml+xml,application/xml;q=0.9,image/webp,image/apng,*/*;q=0.8,application/signed-exchange;v=b3',
  'sec-fetch-user' => '?1',
  'user-agent' => 'Mozilla/5.0 (Windows NT 10.0; WOW64) AppleWebKit/537.36 (KHTML, like Gecko) Chrome/78.0.3904.87 Safari/537.36',
  'upgrade-insecure-requests' => '1',
  'connection' => 'close',
  'host' => 'localhost',
)
[ info ] [ PARAM ] array (
)
[ info ] [ DB ] INIT mysql
[ info ] [ RUN ] app\index\controller\Article->add[ D:\phpStudy\WWW\tpblog\application\index\controller\Article.php ]
[ info ] [ VIEW ] D:\phpStudy\WWW\tpblog\public/../application/index\view\article\add.html [ array (
  0 => 'cates',
  1 => 'webInfo',
  2 => 'topArticles',
) ]
[ info ] [ SESSION ] INIT array (
  'id' => '',
  'var_session_id' => '',
  'prefix' => 'think',
  'type' => '',
  'auto_start' => true,
)
[ info ] [ LOG ] INIT File
---------------------------------------------------------------
[ 2020-04-14T09:42:13+08:00 ] 0.0.0.0 GET localhost/tpblog/public/index/login.html
[运行时间：0.152050s] [吞吐率：6.58req/s] [内存消耗：2,364.80kb] [文件加载：55]
[ info ] [ LANG ] D:\phpStudy\WWW\tpblog\thinkphp\lang\zh-cn.php
[ info ] [ ROUTE ] array (
  'type' => 'module',
  'module' => 
  array (
    0 => 'index',
    1 => 'index',
    2 => 'login',
  ),
  'convert' => false,
)
[ info ] [ HEADER ] array (
  'cookie' => 'Webstorm-8eca410e=04526ef6-adf0-4d93-bb13-46e3905d1068; pgv_pvi=7221936128; PHPSESSID=tha7ikelo0cluklmq176ec7sa2',
  'accept-language' => 'zh-CN,zh;q=0.9',
  'accept-encoding' => 'gzip, deflate, br',
  'referer' => 'http://localhost/tpblog/public/index/article/add.html',
  'sec-fetch-mode' => 'navigate',
  'sec-fetch-site' => 'same-origin',
  'accept' => 'text/html,application/xhtml+xml,application/xml;q=0.9,image/webp,image/apng,*/*;q=0.8,application/signed-exchange;v=b3',
  'sec-fetch-user' => '?1',
  'user-agent' => 'Mozilla/5.0 (Windows NT 10.0; WOW64) AppleWebKit/537.36 (KHTML, like Gecko) Chrome/78.0.3904.87 Safari/537.36',
  'upgrade-insecure-requests' => '1',
  'connection' => 'close',
  'host' => 'localhost',
)
[ info ] [ PARAM ] array (
)
[ info ] [ DB ] INIT mysql
[ info ] [ RUN ] app\index\controller\Index->login[ D:\phpStudy\WWW\tpblog\application\index\controller\Index.php ]
[ info ] [ VIEW ] D:\phpStudy\WWW\tpblog\public/../application/index\view\index\login.html [ array (
  0 => 'cates',
  1 => 'webInfo',
  2 => 'topArticles',
) ]
[ info ] [ SESSION ] INIT array (
  'id' => '',
  'var_session_id' => '',
  'prefix' => 'think',
  'type' => '',
  'auto_start' => true,
)
[ info ] [ LOG ] INIT File
---------------------------------------------------------------
[ 2020-04-14T09:42:13+08:00 ] 0.0.0.0 GET localhost/tpblog/public/index/index/verify.html
[运行时间：0.065937s] [吞吐率：15.17req/s] [内存消耗：2,351.37kb] [文件加载：53]
[ info ] [ LANG ] D:\phpStudy\WWW\tpblog\thinkphp\lang\zh-cn.php
[ info ] [ ROUTE ] array (
  'type' => 'module',
  'module' => 
  array (
    0 => 'index',
    1 => 'index',
    2 => 'verify',
  ),
)
[ info ] [ HEADER ] array (
  'cookie' => 'Webstorm-8eca410e=04526ef6-adf0-4d93-bb13-46e3905d1068; pgv_pvi=7221936128; PHPSESSID=tha7ikelo0cluklmq176ec7sa2',
  'accept-language' => 'zh-CN,zh;q=0.9',
  'accept-encoding' => 'gzip, deflate, br',
  'referer' => 'http://localhost/tpblog/public/index/login.html',
  'sec-fetch-mode' => 'no-cors',
  'sec-fetch-site' => 'same-origin',
  'accept' => 'image/webp,image/apng,image/*,*/*;q=0.8',
  'user-agent' => 'Mozilla/5.0 (Windows NT 10.0; WOW64) AppleWebKit/537.36 (KHTML, like Gecko) Chrome/78.0.3904.87 Safari/537.36',
  'connection' => 'close',
  'host' => 'localhost',
)
[ info ] [ PARAM ] array (
)
[ info ] [ DB ] INIT mysql
[ info ] [ RUN ] app\index\controller\Index->verify[ D:\phpStudy\WWW\tpblog\application\index\controller\Index.php ]
[ info ] [ SESSION ] INIT array (
  'id' => '',
  'var_session_id' => '',
  'prefix' => 'think',
  'type' => '',
  'auto_start' => true,
)
[ info ] [ LOG ] INIT File
---------------------------------------------------------------
[ 2020-04-14T09:42:15+08:00 ] 0.0.0.0 POST localhost/tpblog/public/index/login.html
[运行时间：0.079296s] [吞吐率：12.61req/s] [内存消耗：2,330.58kb] [文件加载：56]
[ info ] [ LANG ] D:\phpStudy\WWW\tpblog\thinkphp\lang\zh-cn.php
[ info ] [ ROUTE ] array (
  'type' => 'module',
  'module' => 
  array (
    0 => 'index',
    1 => 'index',
    2 => 'login',
  ),
  'convert' => false,
)
[ info ] [ HEADER ] array (
  'cookie' => 'Webstorm-8eca410e=04526ef6-adf0-4d93-bb13-46e3905d1068; pgv_pvi=7221936128; PHPSESSID=tha7ikelo0cluklmq176ec7sa2',
  'accept-language' => 'zh-CN,zh;q=0.9',
  'accept-encoding' => 'gzip, deflate, br',
  'referer' => 'http://localhost/tpblog/public/index/login.html',
  'sec-fetch-mode' => 'cors',
  'sec-fetch-site' => 'same-origin',
  'content-type' => 'application/x-www-form-urlencoded; charset=UTF-8',
  'user-agent' => 'Mozilla/5.0 (Windows NT 10.0; WOW64) AppleWebKit/537.36 (KHTML, like Gecko) Chrome/78.0.3904.87 Safari/537.36',
  'x-requested-with' => 'XMLHttpRequest',
  'origin' => 'http://localhost',
  'accept' => 'application/json, text/javascript, */*; q=0.01',
  'content-length' => '36',
  'connection' => 'close',
  'host' => 'localhost',
)
[ info ] [ PARAM ] array (
  'keyword' => '',
  'username' => '',
  'password' => '',
  'verify' => '',
)
[ info ] [ DB ] INIT mysql
[ info ] [ RUN ] app\index\controller\Index->login[ D:\phpStudy\WWW\tpblog\application\index\controller\Index.php ]
[ info ] [ LOG ] INIT File
---------------------------------------------------------------
[ 2020-04-14T09:42:15+08:00 ] 0.0.0.0 GET localhost/tpblog/public/index/index/verify.html?rand=0.19944588742750113
[运行时间：0.051878s] [吞吐率：19.28req/s] [内存消耗：2,352.03kb] [文件加载：53]
[ info ] [ LANG ] D:\phpStudy\WWW\tpblog\thinkphp\lang\zh-cn.php
[ info ] [ ROUTE ] array (
  'type' => 'module',
  'module' => 
  array (
    0 => 'index',
    1 => 'index',
    2 => 'verify',
  ),
)
[ info ] [ HEADER ] array (
  'cookie' => 'Webstorm-8eca410e=04526ef6-adf0-4d93-bb13-46e3905d1068; pgv_pvi=7221936128; PHPSESSID=tha7ikelo0cluklmq176ec7sa2',
  'accept-language' => 'zh-CN,zh;q=0.9',
  'accept-encoding' => 'gzip, deflate, br',
  'referer' => 'http://localhost/tpblog/public/index/login.html',
  'sec-fetch-mode' => 'no-cors',
  'sec-fetch-site' => 'same-origin',
  'accept' => 'image/webp,image/apng,image/*,*/*;q=0.8',
  'user-agent' => 'Mozilla/5.0 (Windows NT 10.0; WOW64) AppleWebKit/537.36 (KHTML, like Gecko) Chrome/78.0.3904.87 Safari/537.36',
  'connection' => 'close',
  'host' => 'localhost',
)
[ info ] [ PARAM ] array (
  'rand' => '0.19944588742750113',
)
[ info ] [ DB ] INIT mysql
[ info ] [ RUN ] app\index\controller\Index->verify[ D:\phpStudy\WWW\tpblog\application\index\controller\Index.php ]
[ info ] [ SESSION ] INIT array (
  'id' => '',
  'var_session_id' => '',
  'prefix' => 'think',
  'type' => '',
  'auto_start' => true,
)
[ info ] [ LOG ] INIT File
---------------------------------------------------------------
[ 2020-04-14T09:42:18+08:00 ] 0.0.0.0 GET localhost/tpblog/public/index/register.html
[运行时间：0.033596s] [吞吐率：29.77req/s] [内存消耗：2,366.53kb] [文件加载：55]
[ info ] [ LANG ] D:\phpStudy\WWW\tpblog\thinkphp\lang\zh-cn.php
[ info ] [ ROUTE ] array (
  'type' => 'module',
  'module' => 
  array (
    0 => 'index',
    1 => 'index',
    2 => 'register',
  ),
  'convert' => false,
)
[ info ] [ HEADER ] array (
  'cookie' => 'Webstorm-8eca410e=04526ef6-adf0-4d93-bb13-46e3905d1068; pgv_pvi=7221936128; PHPSESSID=tha7ikelo0cluklmq176ec7sa2',
  'accept-language' => 'zh-CN,zh;q=0.9',
  'accept-encoding' => 'gzip, deflate, br',
  'referer' => 'http://localhost/tpblog/public/index/login.html',
  'sec-fetch-mode' => 'navigate',
  'sec-fetch-site' => 'same-origin',
  'accept' => 'text/html,application/xhtml+xml,application/xml;q=0.9,image/webp,image/apng,*/*;q=0.8,application/signed-exchange;v=b3',
  'sec-fetch-user' => '?1',
  'user-agent' => 'Mozilla/5.0 (Windows NT 10.0; WOW64) AppleWebKit/537.36 (KHTML, like Gecko) Chrome/78.0.3904.87 Safari/537.36',
  'upgrade-insecure-requests' => '1',
  'connection' => 'close',
  'host' => 'localhost',
)
[ info ] [ PARAM ] array (
)
[ info ] [ DB ] INIT mysql
[ info ] [ RUN ] app\index\controller\Index->register[ D:\phpStudy\WWW\tpblog\application\index\controller\Index.php ]
[ info ] [ VIEW ] D:\phpStudy\WWW\tpblog\public/../application/index\view\index\register.html [ array (
  0 => 'cates',
  1 => 'webInfo',
  2 => 'topArticles',
) ]
[ info ] [ SESSION ] INIT array (
  'id' => '',
  'var_session_id' => '',
  'prefix' => 'think',
  'type' => '',
  'auto_start' => true,
)
[ info ] [ LOG ] INIT File
---------------------------------------------------------------
[ 2020-04-14T09:42:18+08:00 ] 0.0.0.0 GET localhost/tpblog/public/index/index/verify.html
[运行时间：0.057693s] [吞吐率：17.33req/s] [内存消耗：2,351.54kb] [文件加载：53]
[ info ] [ LANG ] D:\phpStudy\WWW\tpblog\thinkphp\lang\zh-cn.php
[ info ] [ ROUTE ] array (
  'type' => 'module',
  'module' => 
  array (
    0 => 'index',
    1 => 'index',
    2 => 'verify',
  ),
)
[ info ] [ HEADER ] array (
  'cookie' => 'Webstorm-8eca410e=04526ef6-adf0-4d93-bb13-46e3905d1068; pgv_pvi=7221936128; PHPSESSID=tha7ikelo0cluklmq176ec7sa2',
  'accept-language' => 'zh-CN,zh;q=0.9',
  'accept-encoding' => 'gzip, deflate, br',
  'referer' => 'http://localhost/tpblog/public/index/register.html',
  'sec-fetch-mode' => 'no-cors',
  'sec-fetch-site' => 'same-origin',
  'accept' => 'image/webp,image/apng,image/*,*/*;q=0.8',
  'user-agent' => 'Mozilla/5.0 (Windows NT 10.0; WOW64) AppleWebKit/537.36 (KHTML, like Gecko) Chrome/78.0.3904.87 Safari/537.36',
  'connection' => 'close',
  'host' => 'localhost',
)
[ info ] [ PARAM ] array (
)
[ info ] [ DB ] INIT mysql
[ info ] [ RUN ] app\index\controller\Index->verify[ D:\phpStudy\WWW\tpblog\application\index\controller\Index.php ]
[ info ] [ SESSION ] INIT array (
  'id' => '',
  'var_session_id' => '',
  'prefix' => 'think',
  'type' => '',
  'auto_start' => true,
)
[ info ] [ LOG ] INIT File
---------------------------------------------------------------
[ 2020-04-14T09:42:19+08:00 ] 0.0.0.0 POST localhost/tpblog/public/index/register.html
[运行时间：0.029602s] [吞吐率：33.78req/s] [内存消耗：2,330.80kb] [文件加载：56]
[ info ] [ LANG ] D:\phpStudy\WWW\tpblog\thinkphp\lang\zh-cn.php
[ info ] [ ROUTE ] array (
  'type' => 'module',
  'module' => 
  array (
    0 => 'index',
    1 => 'index',
    2 => 'register',
  ),
  'convert' => false,
)
[ info ] [ HEADER ] array (
  'cookie' => 'Webstorm-8eca410e=04526ef6-adf0-4d93-bb13-46e3905d1068; pgv_pvi=7221936128; PHPSESSID=tha7ikelo0cluklmq176ec7sa2',
  'accept-language' => 'zh-CN,zh;q=0.9',
  'accept-encoding' => 'gzip, deflate, br',
  'referer' => 'http://localhost/tpblog/public/index/register.html',
  'sec-fetch-mode' => 'cors',
  'sec-fetch-site' => 'same-origin',
  'content-type' => 'application/x-www-form-urlencoded; charset=UTF-8',
  'user-agent' => 'Mozilla/5.0 (Windows NT 10.0; WOW64) AppleWebKit/537.36 (KHTML, like Gecko) Chrome/78.0.3904.87 Safari/537.36',
  'x-requested-with' => 'XMLHttpRequest',
  'origin' => 'http://localhost',
  'accept' => 'application/json, text/javascript, */*; q=0.01',
  'content-length' => '62',
  'connection' => 'close',
  'host' => 'localhost',
)
[ info ] [ PARAM ] array (
  'keyword' => '',
  'username' => '',
  'password' => '',
  'conpass' => '',
  'nickname' => '',
  'email' => '',
  'verify' => '',
)
[ info ] [ DB ] INIT mysql
[ info ] [ RUN ] app\index\controller\Index->register[ D:\phpStudy\WWW\tpblog\application\index\controller\Index.php ]
[ info ] [ LOG ] INIT File
---------------------------------------------------------------
[ 2020-04-14T09:42:19+08:00 ] 0.0.0.0 GET localhost/tpblog/public/index/index/verify.html?rand=0.8093665623752737
[运行时间：0.049542s] [吞吐率：20.18req/s] [内存消耗：2,352.05kb] [文件加载：53]
[ info ] [ LANG ] D:\phpStudy\WWW\tpblog\thinkphp\lang\zh-cn.php
[ info ] [ ROUTE ] array (
  'type' => 'module',
  'module' => 
  array (
    0 => 'index',
    1 => 'index',
    2 => 'verify',
  ),
)
[ info ] [ HEADER ] array (
  'cookie' => 'Webstorm-8eca410e=04526ef6-adf0-4d93-bb13-46e3905d1068; pgv_pvi=7221936128; PHPSESSID=tha7ikelo0cluklmq176ec7sa2',
  'accept-language' => 'zh-CN,zh;q=0.9',
  'accept-encoding' => 'gzip, deflate, br',
  'referer' => 'http://localhost/tpblog/public/index/register.html',
  'sec-fetch-mode' => 'no-cors',
  'sec-fetch-site' => 'same-origin',
  'accept' => 'image/webp,image/apng,image/*,*/*;q=0.8',
  'user-agent' => 'Mozilla/5.0 (Windows NT 10.0; WOW64) AppleWebKit/537.36 (KHTML, like Gecko) Chrome/78.0.3904.87 Safari/537.36',
  'connection' => 'close',
  'host' => 'localhost',
)
[ info ] [ PARAM ] array (
  'rand' => '0.8093665623752737',
)
[ info ] [ DB ] INIT mysql
[ info ] [ RUN ] app\index\controller\Index->verify[ D:\phpStudy\WWW\tpblog\application\index\controller\Index.php ]
[ info ] [ SESSION ] INIT array (
  'id' => '',
  'var_session_id' => '',
  'prefix' => 'think',
  'type' => '',
  'auto_start' => true,
)
[ info ] [ LOG ] INIT File
---------------------------------------------------------------
[ 2020-04-14T09:50:00+08:00 ] 0.0.0.0 GET localhost/tpblog/public/index/register.html
[运行时间：0.041820s] [吞吐率：23.91req/s] [内存消耗：2,368.84kb] [文件加载：55]
[ info ] [ LANG ] D:\phpStudy\WWW\tpblog\thinkphp\lang\zh-cn.php
[ info ] [ ROUTE ] array (
  'type' => 'module',
  'module' => 
  array (
    0 => 'index',
    1 => 'index',
    2 => 'register',
  ),
  'convert' => false,
)
[ info ] [ HEADER ] array (
  'cookie' => 'Webstorm-8eca410e=04526ef6-adf0-4d93-bb13-46e3905d1068; pgv_pvi=7221936128; PHPSESSID=tha7ikelo0cluklmq176ec7sa2',
  'accept-language' => 'zh-CN,zh;q=0.9',
  'accept-encoding' => 'gzip, deflate, br',
  'referer' => 'http://localhost/tpblog/public/index/login.html',
  'sec-fetch-mode' => 'navigate',
  'sec-fetch-site' => 'same-origin',
  'accept' => 'text/html,application/xhtml+xml,application/xml;q=0.9,image/webp,image/apng,*/*;q=0.8,application/signed-exchange;v=b3',
  'sec-fetch-user' => '?1',
  'user-agent' => 'Mozilla/5.0 (Windows NT 10.0; WOW64) AppleWebKit/537.36 (KHTML, like Gecko) Chrome/78.0.3904.87 Safari/537.36',
  'upgrade-insecure-requests' => '1',
  'cache-control' => 'max-age=0',
  'connection' => 'close',
  'host' => 'localhost',
)
[ info ] [ PARAM ] array (
)
[ info ] [ DB ] INIT mysql
[ info ] [ RUN ] app\index\controller\Index->register[ D:\phpStudy\WWW\tpblog\application\index\controller\Index.php ]
[ info ] [ VIEW ] D:\phpStudy\WWW\tpblog\public/../application/index\view\index\register.html [ array (
  0 => 'cates',
  1 => 'webInfo',
  2 => 'topArticles',
) ]
[ info ] [ SESSION ] INIT array (
  'id' => '',
  'var_session_id' => '',
  'prefix' => 'think',
  'type' => '',
  'auto_start' => true,
)
[ info ] [ LOG ] INIT File
---------------------------------------------------------------
[ 2020-04-14T09:50:00+08:00 ] 0.0.0.0 GET localhost/tpblog/public/index/index/verify.html
[运行时间：0.056419s] [吞吐率：17.72req/s] [内存消耗：2,353.53kb] [文件加载：53]
[ info ] [ LANG ] D:\phpStudy\WWW\tpblog\thinkphp\lang\zh-cn.php
[ info ] [ ROUTE ] array (
  'type' => 'module',
  'module' => 
  array (
    0 => 'index',
    1 => 'index',
    2 => 'verify',
  ),
)
[ info ] [ HEADER ] array (
  'cookie' => 'Webstorm-8eca410e=04526ef6-adf0-4d93-bb13-46e3905d1068; pgv_pvi=7221936128; PHPSESSID=tha7ikelo0cluklmq176ec7sa2',
  'accept-language' => 'zh-CN,zh;q=0.9',
  'accept-encoding' => 'gzip, deflate, br',
  'referer' => 'http://localhost/tpblog/public/index/register.html',
  'sec-fetch-mode' => 'no-cors',
  'sec-fetch-site' => 'same-origin',
  'accept' => 'image/webp,image/apng,image/*,*/*;q=0.8',
  'user-agent' => 'Mozilla/5.0 (Windows NT 10.0; WOW64) AppleWebKit/537.36 (KHTML, like Gecko) Chrome/78.0.3904.87 Safari/537.36',
  'connection' => 'close',
  'host' => 'localhost',
)
[ info ] [ PARAM ] array (
)
[ info ] [ DB ] INIT mysql
[ info ] [ RUN ] app\index\controller\Index->verify[ D:\phpStudy\WWW\tpblog\application\index\controller\Index.php ]
[ info ] [ SESSION ] INIT array (
  'id' => '',
  'var_session_id' => '',
  'prefix' => 'think',
  'type' => '',
  'auto_start' => true,
)
[ info ] [ LOG ] INIT File
---------------------------------------------------------------
[ 2020-04-14T09:50:53+08:00 ] 0.0.0.0 POST localhost/tpblog/public/index/register.html
[运行时间：22.646418s] [吞吐率：0.04req/s] [内存消耗：2,672.59kb] [文件加载：58]
[ info ] [ LANG ] D:\phpStudy\WWW\tpblog\thinkphp\lang\zh-cn.php
[ info ] [ ROUTE ] array (
  'type' => 'module',
  'module' => 
  array (
    0 => 'index',
    1 => 'index',
    2 => 'register',
  ),
  'convert' => false,
)
[ info ] [ HEADER ] array (
  'cookie' => 'Webstorm-8eca410e=04526ef6-adf0-4d93-bb13-46e3905d1068; pgv_pvi=7221936128; PHPSESSID=tha7ikelo0cluklmq176ec7sa2',
  'accept-language' => 'zh-CN,zh;q=0.9',
  'accept-encoding' => 'gzip, deflate, br',
  'referer' => 'http://localhost/tpblog/public/index/register.html',
  'sec-fetch-mode' => 'cors',
  'sec-fetch-site' => 'same-origin',
  'content-type' => 'application/x-www-form-urlencoded; charset=UTF-8',
  'user-agent' => 'Mozilla/5.0 (Windows NT 10.0; WOW64) AppleWebKit/537.36 (KHTML, like Gecko) Chrome/78.0.3904.87 Safari/537.36',
  'x-requested-with' => 'XMLHttpRequest',
  'origin' => 'http://localhost',
  'accept' => 'application/json, text/javascript, */*; q=0.01',
  'content-length' => '97',
  'connection' => 'close',
  'host' => 'localhost',
)
[ info ] [ PARAM ] array (
  'keyword' => '',
  'username' => '123',
  'password' => '123',
  'conpass' => '123',
  'nickname' => '123',
  'email' => '2352282123@qq.com',
  'verify' => '4800',
)
[ info ] [ DB ] INIT mysql
[ info ] [ RUN ] app\index\controller\Index->register[ D:\phpStudy\WWW\tpblog\application\index\controller\Index.php ]
[ info ] [ LOG ] INIT File
[ error ] [2]fputs(): SSL operation failed with code 1. OpenSSL Error messages:
error:140D00CF:SSL routines:SSL_write:protocol is shutdown[D:\phpStudy\WWW\tpblog\vendor\phpmailer\class.smtp.php:432]
---------------------------------------------------------------
[ 2020-04-14T09:50:59+08:00 ] 0.0.0.0 POST localhost/tpblog/public/index/register.html
[运行时间：21.133218s] [吞吐率：0.05req/s] [内存消耗：2,672.59kb] [文件加载：58]
[ info ] [ LANG ] D:\phpStudy\WWW\tpblog\thinkphp\lang\zh-cn.php
[ info ] [ ROUTE ] array (
  'type' => 'module',
  'module' => 
  array (
    0 => 'index',
    1 => 'index',
    2 => 'register',
  ),
  'convert' => false,
)
[ info ] [ HEADER ] array (
  'cookie' => 'Webstorm-8eca410e=04526ef6-adf0-4d93-bb13-46e3905d1068; pgv_pvi=7221936128; PHPSESSID=tha7ikelo0cluklmq176ec7sa2',
  'accept-language' => 'zh-CN,zh;q=0.9',
  'accept-encoding' => 'gzip, deflate, br',
  'referer' => 'http://localhost/tpblog/public/index/register.html',
  'sec-fetch-mode' => 'cors',
  'sec-fetch-site' => 'same-origin',
  'content-type' => 'application/x-www-form-urlencoded; charset=UTF-8',
  'user-agent' => 'Mozilla/5.0 (Windows NT 10.0; WOW64) AppleWebKit/537.36 (KHTML, like Gecko) Chrome/78.0.3904.87 Safari/537.36',
  'x-requested-with' => 'XMLHttpRequest',
  'origin' => 'http://localhost',
  'accept' => 'application/json, text/javascript, */*; q=0.01',
  'content-length' => '97',
  'connection' => 'close',
  'host' => 'localhost',
)
[ info ] [ PARAM ] array (
  'keyword' => '',
  'username' => '123',
  'password' => '123',
  'conpass' => '123',
  'nickname' => '123',
  'email' => '2352282123@qq.com',
  'verify' => '4800',
)
[ info ] [ DB ] INIT mysql
[ info ] [ RUN ] app\index\controller\Index->register[ D:\phpStudy\WWW\tpblog\application\index\controller\Index.php ]
[ info ] [ LOG ] INIT File
[ error ] [2]fputs(): SSL operation failed with code 1. OpenSSL Error messages:
error:140D00CF:SSL routines:SSL_write:protocol is shutdown[D:\phpStudy\WWW\tpblog\vendor\phpmailer\class.smtp.php:432]
---------------------------------------------------------------
[ 2020-04-14T09:51:41+08:00 ] 0.0.0.0 POST localhost/tpblog/public/index/register.html
[运行时间：0.066088s] [吞吐率：15.13req/s] [内存消耗：2,270.37kb] [文件加载：51]
[ info ] [ LANG ] D:\phpStudy\WWW\tpblog\thinkphp\lang\zh-cn.php
[ info ] [ ROUTE ] array (
  'type' => 'module',
  'module' => 
  array (
    0 => 'index',
    1 => 'index',
    2 => 'register',
  ),
  'convert' => false,
)
[ info ] [ HEADER ] array (
  'cookie' => 'Webstorm-8eca410e=04526ef6-adf0-4d93-bb13-46e3905d1068; pgv_pvi=7221936128; PHPSESSID=tha7ikelo0cluklmq176ec7sa2',
  'accept-language' => 'zh-CN,zh;q=0.9',
  'accept-encoding' => 'gzip, deflate, br',
  'referer' => 'http://localhost/tpblog/public/index/register.html',
  'sec-fetch-mode' => 'cors',
  'sec-fetch-site' => 'same-origin',
  'content-type' => 'application/x-www-form-urlencoded; charset=UTF-8',
  'user-agent' => 'Mozilla/5.0 (Windows NT 10.0; WOW64) AppleWebKit/537.36 (KHTML, like Gecko) Chrome/78.0.3904.87 Safari/537.36',
  'x-requested-with' => 'XMLHttpRequest',
  'origin' => 'http://localhost',
  'accept' => 'application/json, text/javascript, */*; q=0.01',
  'content-length' => '97',
  'connection' => 'close',
  'host' => 'localhost',
)
[ info ] [ PARAM ] array (
  'keyword' => '',
  'username' => '123',
  'password' => '123',
  'conpass' => '123',
  'nickname' => '123',
  'email' => '2352282123@qq.com',
  'verify' => '4800',
)
[ info ] [ DB ] INIT mysql
[ info ] [ RUN ] app\index\controller\Index->register[ D:\phpStudy\WWW\tpblog\application\index\controller\Index.php ]
[ info ] [ LOG ] INIT File
---------------------------------------------------------------
[ 2020-04-14T09:52:13+08:00 ] 0.0.0.0 POST localhost/tpblog/public/index/register.html
[运行时间：0.062447s] [吞吐率：16.01req/s] [内存消耗：2,342.19kb] [文件加载：55]
[ info ] [ LANG ] D:\phpStudy\WWW\tpblog\thinkphp\lang\zh-cn.php
[ info ] [ ROUTE ] array (
  'type' => 'module',
  'module' => 
  array (
    0 => 'index',
    1 => 'index',
    2 => 'register',
  ),
  'convert' => false,
)
[ info ] [ HEADER ] array (
  'cookie' => 'Webstorm-8eca410e=04526ef6-adf0-4d93-bb13-46e3905d1068; pgv_pvi=7221936128; PHPSESSID=tha7ikelo0cluklmq176ec7sa2',
  'accept-language' => 'zh-CN,zh;q=0.9',
  'accept-encoding' => 'gzip, deflate, br',
  'referer' => 'http://localhost/tpblog/public/index/register.html',
  'sec-fetch-mode' => 'cors',
  'sec-fetch-site' => 'same-origin',
  'content-type' => 'application/x-www-form-urlencoded; charset=UTF-8',
  'user-agent' => 'Mozilla/5.0 (Windows NT 10.0; WOW64) AppleWebKit/537.36 (KHTML, like Gecko) Chrome/78.0.3904.87 Safari/537.36',
  'x-requested-with' => 'XMLHttpRequest',
  'origin' => 'http://localhost',
  'accept' => 'application/json, text/javascript, */*; q=0.01',
  'content-length' => '97',
  'connection' => 'close',
  'host' => 'localhost',
)
[ info ] [ PARAM ] array (
  'keyword' => '',
  'username' => '123',
  'password' => '123',
  'conpass' => '123',
  'nickname' => '123',
  'email' => '2352282123@qq.com',
  'verify' => '4800',
)
[ info ] [ DB ] INIT mysql
[ info ] [ RUN ] app\index\controller\Index->register[ D:\phpStudy\WWW\tpblog\application\index\controller\Index.php ]
[ info ] [ LOG ] INIT File
[ error ] [0]致命错误: Call to undefined function app\index\controller\_encode()[D:\phpStudy\WWW\tpblog\application\index\controller\Index.php:51]
---------------------------------------------------------------
[ 2020-04-14T09:52:31+08:00 ] 0.0.0.0 POST localhost/tpblog/public/index/register.html
[运行时间：0.036464s] [吞吐率：27.42req/s] [内存消耗：2,342.14kb] [文件加载：55]
[ info ] [ LANG ] D:\phpStudy\WWW\tpblog\thinkphp\lang\zh-cn.php
[ info ] [ ROUTE ] array (
  'type' => 'module',
  'module' => 
  array (
    0 => 'index',
    1 => 'index',
    2 => 'register',
  ),
  'convert' => false,
)
[ info ] [ HEADER ] array (
  'cookie' => 'Webstorm-8eca410e=04526ef6-adf0-4d93-bb13-46e3905d1068; pgv_pvi=7221936128; PHPSESSID=tha7ikelo0cluklmq176ec7sa2',
  'accept-language' => 'zh-CN,zh;q=0.9',
  'accept-encoding' => 'gzip, deflate, br',
  'referer' => 'http://localhost/tpblog/public/index/register.html',
  'sec-fetch-mode' => 'cors',
  'sec-fetch-site' => 'same-origin',
  'content-type' => 'application/x-www-form-urlencoded; charset=UTF-8',
  'user-agent' => 'Mozilla/5.0 (Windows NT 10.0; WOW64) AppleWebKit/537.36 (KHTML, like Gecko) Chrome/78.0.3904.87 Safari/537.36',
  'x-requested-with' => 'XMLHttpRequest',
  'origin' => 'http://localhost',
  'accept' => 'application/json, text/javascript, */*; q=0.01',
  'content-length' => '97',
  'connection' => 'close',
  'host' => 'localhost',
)
[ info ] [ PARAM ] array (
  'keyword' => '',
  'username' => '123',
  'password' => '123',
  'conpass' => '123',
  'nickname' => '123',
  'email' => '2352282123@qq.com',
  'verify' => '4800',
)
[ info ] [ DB ] INIT mysql
[ info ] [ RUN ] app\index\controller\Index->register[ D:\phpStudy\WWW\tpblog\application\index\controller\Index.php ]
[ info ] [ LOG ] INIT File
[ error ] [0]致命错误: Call to undefined function app\index\controller\_encode()[D:\phpStudy\WWW\tpblog\application\index\controller\Index.php:51]
---------------------------------------------------------------
[ 2020-04-14T09:53:01+08:00 ] 0.0.0.0 POST localhost/tpblog/public/index/register.html
[运行时间：0.042240s] [吞吐率：23.67req/s] [内存消耗：2,342.14kb] [文件加载：55]
[ info ] [ LANG ] D:\phpStudy\WWW\tpblog\thinkphp\lang\zh-cn.php
[ info ] [ ROUTE ] array (
  'type' => 'module',
  'module' => 
  array (
    0 => 'index',
    1 => 'index',
    2 => 'register',
  ),
  'convert' => false,
)
[ info ] [ HEADER ] array (
  'cookie' => 'Webstorm-8eca410e=04526ef6-adf0-4d93-bb13-46e3905d1068; pgv_pvi=7221936128; PHPSESSID=tha7ikelo0cluklmq176ec7sa2',
  'accept-language' => 'zh-CN,zh;q=0.9',
  'accept-encoding' => 'gzip, deflate, br',
  'referer' => 'http://localhost/tpblog/public/index/register.html',
  'sec-fetch-mode' => 'cors',
  'sec-fetch-site' => 'same-origin',
  'content-type' => 'application/x-www-form-urlencoded; charset=UTF-8',
  'user-agent' => 'Mozilla/5.0 (Windows NT 10.0; WOW64) AppleWebKit/537.36 (KHTML, like Gecko) Chrome/78.0.3904.87 Safari/537.36',
  'x-requested-with' => 'XMLHttpRequest',
  'origin' => 'http://localhost',
  'accept' => 'application/json, text/javascript, */*; q=0.01',
  'content-length' => '97',
  'connection' => 'close',
  'host' => 'localhost',
)
[ info ] [ PARAM ] array (
  'keyword' => '',
  'username' => '123',
  'password' => '123',
  'conpass' => '123',
  'nickname' => '123',
  'email' => '2352282123@qq.com',
  'verify' => '4800',
)
[ info ] [ DB ] INIT mysql
[ info ] [ RUN ] app\index\controller\Index->register[ D:\phpStudy\WWW\tpblog\application\index\controller\Index.php ]
[ info ] [ LOG ] INIT File
[ error ] [0]致命错误: Call to undefined function app\index\controller\_encode()[D:\phpStudy\WWW\tpblog\application\index\controller\Index.php:51]
---------------------------------------------------------------
[ 2020-04-14T09:53:12+08:00 ] 0.0.0.0 POST localhost/tpblog/public/index/register.html
[运行时间：0.045671s] [吞吐率：21.90req/s] [内存消耗：2,342.14kb] [文件加载：55]
[ info ] [ LANG ] D:\phpStudy\WWW\tpblog\thinkphp\lang\zh-cn.php
[ info ] [ ROUTE ] array (
  'type' => 'module',
  'module' => 
  array (
    0 => 'index',
    1 => 'index',
    2 => 'register',
  ),
  'convert' => false,
)
[ info ] [ HEADER ] array (
  'cookie' => 'Webstorm-8eca410e=04526ef6-adf0-4d93-bb13-46e3905d1068; pgv_pvi=7221936128; PHPSESSID=tha7ikelo0cluklmq176ec7sa2',
  'accept-language' => 'zh-CN,zh;q=0.9',
  'accept-encoding' => 'gzip, deflate, br',
  'referer' => 'http://localhost/tpblog/public/index/register.html',
  'sec-fetch-mode' => 'cors',
  'sec-fetch-site' => 'same-origin',
  'content-type' => 'application/x-www-form-urlencoded; charset=UTF-8',
  'user-agent' => 'Mozilla/5.0 (Windows NT 10.0; WOW64) AppleWebKit/537.36 (KHTML, like Gecko) Chrome/78.0.3904.87 Safari/537.36',
  'x-requested-with' => 'XMLHttpRequest',
  'origin' => 'http://localhost',
  'accept' => 'application/json, text/javascript, */*; q=0.01',
  'content-length' => '97',
  'connection' => 'close',
  'host' => 'localhost',
)
[ info ] [ PARAM ] array (
  'keyword' => '',
  'username' => '123',
  'password' => '123',
  'conpass' => '123',
  'nickname' => '123',
  'email' => '2352282123@qq.com',
  'verify' => '4800',
)
[ info ] [ DB ] INIT mysql
[ info ] [ RUN ] app\index\controller\Index->register[ D:\phpStudy\WWW\tpblog\application\index\controller\Index.php ]
[ info ] [ LOG ] INIT File
[ error ] [0]致命错误: Call to undefined function app\index\controller\_encode()[D:\phpStudy\WWW\tpblog\application\index\controller\Index.php:51]
---------------------------------------------------------------
[ 2020-04-14T09:54:51+08:00 ] 0.0.0.0 POST localhost/tpblog/public/index/register.html
[运行时间：0.048526s] [吞吐率：20.61req/s] [内存消耗：2,270.38kb] [文件加载：51]
[ info ] [ LANG ] D:\phpStudy\WWW\tpblog\thinkphp\lang\zh-cn.php
[ info ] [ ROUTE ] array (
  'type' => 'module',
  'module' => 
  array (
    0 => 'index',
    1 => 'index',
    2 => 'register',
  ),
  'convert' => false,
)
[ info ] [ HEADER ] array (
  'cookie' => 'Webstorm-8eca410e=04526ef6-adf0-4d93-bb13-46e3905d1068; pgv_pvi=7221936128; PHPSESSID=tha7ikelo0cluklmq176ec7sa2',
  'accept-language' => 'zh-CN,zh;q=0.9',
  'accept-encoding' => 'gzip, deflate, br',
  'referer' => 'http://localhost/tpblog/public/index/register.html',
  'sec-fetch-mode' => 'cors',
  'sec-fetch-site' => 'same-origin',
  'content-type' => 'application/x-www-form-urlencoded; charset=UTF-8',
  'user-agent' => 'Mozilla/5.0 (Windows NT 10.0; WOW64) AppleWebKit/537.36 (KHTML, like Gecko) Chrome/78.0.3904.87 Safari/537.36',
  'x-requested-with' => 'XMLHttpRequest',
  'origin' => 'http://localhost',
  'accept' => 'application/json, text/javascript, */*; q=0.01',
  'content-length' => '97',
  'connection' => 'close',
  'host' => 'localhost',
)
[ info ] [ PARAM ] array (
  'keyword' => '',
  'username' => '123',
  'password' => '123',
  'conpass' => '123',
  'nickname' => '123',
  'email' => '2352282123@qq.com',
  'verify' => '4800',
)
[ info ] [ DB ] INIT mysql
[ info ] [ RUN ] app\index\controller\Index->register[ D:\phpStudy\WWW\tpblog\application\index\controller\Index.php ]
[ info ] [ LOG ] INIT File
---------------------------------------------------------------
[ 2020-04-14T09:55:17+08:00 ] 0.0.0.0 POST localhost/tpblog/public/index/register.html
[运行时间：0.056735s] [吞吐率：17.63req/s] [内存消耗：2,270.37kb] [文件加载：51]
[ info ] [ LANG ] D:\phpStudy\WWW\tpblog\thinkphp\lang\zh-cn.php
[ info ] [ ROUTE ] array (
  'type' => 'module',
  'module' => 
  array (
    0 => 'index',
    1 => 'index',
    2 => 'register',
  ),
  'convert' => false,
)
[ info ] [ HEADER ] array (
  'cookie' => 'Webstorm-8eca410e=04526ef6-adf0-4d93-bb13-46e3905d1068; pgv_pvi=7221936128; PHPSESSID=tha7ikelo0cluklmq176ec7sa2',
  'accept-language' => 'zh-CN,zh;q=0.9',
  'accept-encoding' => 'gzip, deflate, br',
  'referer' => 'http://localhost/tpblog/public/index/register.html',
  'sec-fetch-mode' => 'cors',
  'sec-fetch-site' => 'same-origin',
  'content-type' => 'application/x-www-form-urlencoded; charset=UTF-8',
  'user-agent' => 'Mozilla/5.0 (Windows NT 10.0; WOW64) AppleWebKit/537.36 (KHTML, like Gecko) Chrome/78.0.3904.87 Safari/537.36',
  'x-requested-with' => 'XMLHttpRequest',
  'origin' => 'http://localhost',
  'accept' => 'application/json, text/javascript, */*; q=0.01',
  'content-length' => '97',
  'connection' => 'close',
  'host' => 'localhost',
)
[ info ] [ PARAM ] array (
  'keyword' => '',
  'username' => '123',
  'password' => '123',
  'conpass' => '123',
  'nickname' => '123',
  'email' => '2352282123@qq.com',
  'verify' => '4800',
)
[ info ] [ DB ] INIT mysql
[ info ] [ RUN ] app\index\controller\Index->register[ D:\phpStudy\WWW\tpblog\application\index\controller\Index.php ]
[ info ] [ LOG ] INIT File
---------------------------------------------------------------
[ 2020-04-14T09:58:40+08:00 ] 0.0.0.0 POST localhost/tpblog/public/index/register.html
[运行时间：0.039198s] [吞吐率：25.51req/s] [内存消耗：2,270.32kb] [文件加载：51]
[ info ] [ LANG ] D:\phpStudy\WWW\tpblog\thinkphp\lang\zh-cn.php
[ info ] [ ROUTE ] array (
  'type' => 'module',
  'module' => 
  array (
    0 => 'index',
    1 => 'index',
    2 => 'register',
  ),
  'convert' => false,
)
[ info ] [ HEADER ] array (
  'cookie' => 'Webstorm-8eca410e=04526ef6-adf0-4d93-bb13-46e3905d1068; pgv_pvi=7221936128; PHPSESSID=tha7ikelo0cluklmq176ec7sa2',
  'accept-language' => 'zh-CN,zh;q=0.9',
  'accept-encoding' => 'gzip, deflate, br',
  'referer' => 'http://localhost/tpblog/public/index/register.html',
  'sec-fetch-mode' => 'cors',
  'sec-fetch-site' => 'same-origin',
  'content-type' => 'application/x-www-form-urlencoded; charset=UTF-8',
  'user-agent' => 'Mozilla/5.0 (Windows NT 10.0; WOW64) AppleWebKit/537.36 (KHTML, like Gecko) Chrome/78.0.3904.87 Safari/537.36',
  'x-requested-with' => 'XMLHttpRequest',
  'origin' => 'http://localhost',
  'accept' => 'application/json, text/javascript, */*; q=0.01',
  'content-length' => '97',
  'connection' => 'close',
  'host' => 'localhost',
)
[ info ] [ PARAM ] array (
  'keyword' => '',
  'username' => '123',
  'password' => '123',
  'conpass' => '123',
  'nickname' => '123',
  'email' => '2352282123@qq.com',
  'verify' => '4800',
)
[ info ] [ DB ] INIT mysql
[ info ] [ RUN ] app\index\controller\Index->register[ D:\phpStudy\WWW\tpblog\application\index\controller\Index.php ]
[ info ] [ LOG ] INIT File
---------------------------------------------------------------
[ 2020-04-14T09:59:07+08:00 ] 0.0.0.0 POST localhost/tpblog/public/index/register.html
[运行时间：0.147856s] [吞吐率：6.76req/s] [内存消耗：2,270.42kb] [文件加载：51]
[ info ] [ LANG ] D:\phpStudy\WWW\tpblog\thinkphp\lang\zh-cn.php
[ info ] [ ROUTE ] array (
  'type' => 'module',
  'module' => 
  array (
    0 => 'index',
    1 => 'index',
    2 => 'register',
  ),
  'convert' => false,
)
[ info ] [ HEADER ] array (
  'cookie' => 'Webstorm-8eca410e=04526ef6-adf0-4d93-bb13-46e3905d1068; pgv_pvi=7221936128; PHPSESSID=tha7ikelo0cluklmq176ec7sa2',
  'accept-language' => 'zh-CN,zh;q=0.9',
  'accept-encoding' => 'gzip, deflate, br',
  'referer' => 'http://localhost/tpblog/public/index/register.html',
  'sec-fetch-mode' => 'cors',
  'sec-fetch-site' => 'same-origin',
  'content-type' => 'application/x-www-form-urlencoded; charset=UTF-8',
  'user-agent' => 'Mozilla/5.0 (Windows NT 10.0; WOW64) AppleWebKit/537.36 (KHTML, like Gecko) Chrome/78.0.3904.87 Safari/537.36',
  'x-requested-with' => 'XMLHttpRequest',
  'origin' => 'http://localhost',
  'accept' => 'application/json, text/javascript, */*; q=0.01',
  'content-length' => '97',
  'connection' => 'close',
  'host' => 'localhost',
)
[ info ] [ PARAM ] array (
  'keyword' => '',
  'username' => '123',
  'password' => '123',
  'conpass' => '123',
  'nickname' => '123',
  'email' => '2352282123@qq.com',
  'verify' => '4800',
)
[ info ] [ DB ] INIT mysql
[ info ] [ RUN ] app\index\controller\Index->register[ D:\phpStudy\WWW\tpblog\application\index\controller\Index.php ]
[ info ] [ LOG ] INIT File
---------------------------------------------------------------
[ 2020-04-14T09:59:20+08:00 ] 0.0.0.0 POST localhost/tpblog/public/index/register.html
[运行时间：0.042187s] [吞吐率：23.70req/s] [内存消耗：2,270.37kb] [文件加载：51]
[ info ] [ LANG ] D:\phpStudy\WWW\tpblog\thinkphp\lang\zh-cn.php
[ info ] [ ROUTE ] array (
  'type' => 'module',
  'module' => 
  array (
    0 => 'index',
    1 => 'index',
    2 => 'register',
  ),
  'convert' => false,
)
[ info ] [ HEADER ] array (
  'cookie' => 'Webstorm-8eca410e=04526ef6-adf0-4d93-bb13-46e3905d1068; pgv_pvi=7221936128; PHPSESSID=tha7ikelo0cluklmq176ec7sa2',
  'accept-language' => 'zh-CN,zh;q=0.9',
  'accept-encoding' => 'gzip, deflate, br',
  'referer' => 'http://localhost/tpblog/public/index/register.html',
  'sec-fetch-mode' => 'cors',
  'sec-fetch-site' => 'same-origin',
  'content-type' => 'application/x-www-form-urlencoded; charset=UTF-8',
  'user-agent' => 'Mozilla/5.0 (Windows NT 10.0; WOW64) AppleWebKit/537.36 (KHTML, like Gecko) Chrome/78.0.3904.87 Safari/537.36',
  'x-requested-with' => 'XMLHttpRequest',
  'origin' => 'http://localhost',
  'accept' => 'application/json, text/javascript, */*; q=0.01',
  'content-length' => '97',
  'connection' => 'close',
  'host' => 'localhost',
)
[ info ] [ PARAM ] array (
  'keyword' => '',
  'username' => '123',
  'password' => '123',
  'conpass' => '123',
  'nickname' => '123',
  'email' => '2352282123@qq.com',
  'verify' => '4800',
)
[ info ] [ DB ] INIT mysql
[ info ] [ RUN ] app\index\controller\Index->register[ D:\phpStudy\WWW\tpblog\application\index\controller\Index.php ]
[ info ] [ LOG ] INIT File
---------------------------------------------------------------
[ 2020-04-14T10:33:10+08:00 ] 0.0.0.0 POST localhost/tpblog/public/index/register.html
[运行时间：0.039303s] [吞吐率：25.44req/s] [内存消耗：2,270.65kb] [文件加载：51]
[ info ] [ LANG ] D:\phpStudy\WWW\tpblog\thinkphp\lang\zh-cn.php
[ info ] [ ROUTE ] array (
  'type' => 'module',
  'module' => 
  array (
    0 => 'index',
    1 => 'index',
    2 => 'register',
  ),
  'convert' => false,
)
[ info ] [ HEADER ] array (
  'cookie' => 'Webstorm-8eca410e=04526ef6-adf0-4d93-bb13-46e3905d1068; pgv_pvi=7221936128; PHPSESSID=tha7ikelo0cluklmq176ec7sa2',
  'accept-language' => 'zh-CN,zh;q=0.9',
  'accept-encoding' => 'gzip, deflate, br',
  'referer' => 'http://localhost/tpblog/public/index/register.html',
  'sec-fetch-mode' => 'cors',
  'sec-fetch-site' => 'same-origin',
  'content-type' => 'application/x-www-form-urlencoded; charset=UTF-8',
  'user-agent' => 'Mozilla/5.0 (Windows NT 10.0; WOW64) AppleWebKit/537.36 (KHTML, like Gecko) Chrome/78.0.3904.87 Safari/537.36',
  'x-requested-with' => 'XMLHttpRequest',
  'origin' => 'http://localhost',
  'accept' => 'application/json, text/javascript, */*; q=0.01',
  'content-length' => '97',
  'connection' => 'close',
  'host' => 'localhost',
)
[ info ] [ PARAM ] array (
  'keyword' => '',
  'username' => '123',
  'password' => '123',
  'conpass' => '123',
  'nickname' => '123',
  'email' => '2352282123@qq.com',
  'verify' => '4800',
)
[ info ] [ DB ] INIT mysql
[ info ] [ RUN ] app\index\controller\Index->register[ D:\phpStudy\WWW\tpblog\application\index\controller\Index.php ]
[ info ] [ LOG ] INIT File
---------------------------------------------------------------
[ 2020-04-14T10:33:54+08:00 ] 0.0.0.0 GET localhost/tpblog/public/admin
[运行时间：0.152911s] [吞吐率：6.54req/s] [内存消耗：1,414.91kb] [文件加载：43]
[ info ] [ LANG ] D:\phpStudy\WWW\tpblog\thinkphp\lang\zh-cn.php
[ info ] [ ROUTE ] array (
  'type' => 'module',
  'module' => 
  array (
    0 => 'admin',
    1 => 'index',
    2 => 'login',
  ),
  'convert' => false,
)
[ info ] [ HEADER ] array (
  'cookie' => 'Webstorm-8eca410e=04526ef6-adf0-4d93-bb13-46e3905d1068; pgv_pvi=7221936128; PHPSESSID=tha7ikelo0cluklmq176ec7sa2',
  'accept-language' => 'zh-CN,zh;q=0.9',
  'accept-encoding' => 'gzip, deflate, br',
  'sec-fetch-mode' => 'navigate',
  'sec-fetch-site' => 'none',
  'accept' => 'text/html,application/xhtml+xml,application/xml;q=0.9,image/webp,image/apng,*/*;q=0.8,application/signed-exchange;v=b3',
  'sec-fetch-user' => '?1',
  'user-agent' => 'Mozilla/5.0 (Windows NT 10.0; WOW64) AppleWebKit/537.36 (KHTML, like Gecko) Chrome/78.0.3904.87 Safari/537.36',
  'upgrade-insecure-requests' => '1',
  'connection' => 'close',
  'host' => 'localhost',
)
[ info ] [ PARAM ] array (
)
[ info ] [ SESSION ] INIT array (
  'id' => '',
  'var_session_id' => '',
  'prefix' => 'think',
  'type' => '',
  'auto_start' => true,
)
[ info ] [ RUN ] app\admin\controller\Index->login[ D:\phpStudy\WWW\tpblog\application\admin\controller\Index.php ]
[ info ] [ VIEW ] D:\phpStudy\WWW\tpblog\public/../application/admin\view\index\login.html [ array (
) ]
[ info ] [ LOG ] INIT File
---------------------------------------------------------------
[ 2020-04-14T10:33:54+08:00 ] 0.0.0.0 GET localhost/tpblog/public/admin/index/verify.html
[运行时间：0.028466s] [吞吐率：35.13req/s] [内存消耗：1,404.01kb] [文件加载：41]
[ info ] [ LANG ] D:\phpStudy\WWW\tpblog\thinkphp\lang\zh-cn.php
[ info ] [ ROUTE ] array (
  'type' => 'module',
  'module' => 
  array (
    0 => 'admin',
    1 => 'index',
    2 => 'verify',
  ),
)
[ info ] [ HEADER ] array (
  'cookie' => 'Webstorm-8eca410e=04526ef6-adf0-4d93-bb13-46e3905d1068; pgv_pvi=7221936128; PHPSESSID=tha7ikelo0cluklmq176ec7sa2',
  'accept-language' => 'zh-CN,zh;q=0.9',
  'accept-encoding' => 'gzip, deflate, br',
  'referer' => 'http://localhost/tpblog/public/admin',
  'sec-fetch-mode' => 'no-cors',
  'sec-fetch-site' => 'same-origin',
  'accept' => 'image/webp,image/apng,image/*,*/*;q=0.8',
  'user-agent' => 'Mozilla/5.0 (Windows NT 10.0; WOW64) AppleWebKit/537.36 (KHTML, like Gecko) Chrome/78.0.3904.87 Safari/537.36',
  'connection' => 'close',
  'host' => 'localhost',
)
[ info ] [ PARAM ] array (
)
[ info ] [ SESSION ] INIT array (
  'id' => '',
  'var_session_id' => '',
  'prefix' => 'think',
  'type' => '',
  'auto_start' => true,
)
[ info ] [ RUN ] app\admin\controller\Index->verify[ D:\phpStudy\WWW\tpblog\application\admin\controller\Index.php ]
[ info ] [ LOG ] INIT File
---------------------------------------------------------------
[ 2020-04-14T10:34:03+08:00 ] 0.0.0.0 POST localhost/tpblog/public/admin.html
[运行时间：0.148560s] [吞吐率：6.73req/s] [内存消耗：2,355.14kb] [文件加载：54]
[ info ] [ LANG ] D:\phpStudy\WWW\tpblog\thinkphp\lang\zh-cn.php
[ info ] [ ROUTE ] array (
  'type' => 'module',
  'module' => 
  array (
    0 => 'admin',
    1 => 'index',
    2 => 'login',
  ),
  'convert' => false,
)
[ info ] [ HEADER ] array (
  'cookie' => 'Webstorm-8eca410e=04526ef6-adf0-4d93-bb13-46e3905d1068; pgv_pvi=7221936128; PHPSESSID=tha7ikelo0cluklmq176ec7sa2',
  'accept-language' => 'zh-CN,zh;q=0.9',
  'accept-encoding' => 'gzip, deflate, br',
  'referer' => 'http://localhost/tpblog/public/admin',
  'sec-fetch-mode' => 'cors',
  'sec-fetch-site' => 'same-origin',
  'content-type' => 'application/x-www-form-urlencoded; charset=UTF-8',
  'user-agent' => 'Mozilla/5.0 (Windows NT 10.0; WOW64) AppleWebKit/537.36 (KHTML, like Gecko) Chrome/78.0.3904.87 Safari/537.36',
  'x-requested-with' => 'XMLHttpRequest',
  'origin' => 'http://localhost',
  'accept' => 'application/json, text/javascript, */*; q=0.01',
  'content-length' => '57',
  'connection' => 'close',
  'host' => 'localhost',
)
[ info ] [ PARAM ] array (
  'username' => 'yuechangchun',
  'password' => 'ycc15082730141',
  'verify' => '4803',
)
[ info ] [ SESSION ] INIT array (
  'id' => '',
  'var_session_id' => '',
  'prefix' => 'think',
  'type' => '',
  'auto_start' => true,
)
[ info ] [ RUN ] app\admin\controller\Index->login[ D:\phpStudy\WWW\tpblog\application\admin\controller\Index.php ]
[ info ] [ DB ] INIT mysql
[ info ] [ LOG ] INIT File
---------------------------------------------------------------
[ 2020-04-14T10:34:05+08:00 ] 0.0.0.0 GET localhost/tpblog/public/admin/index.html
[运行时间：0.186380s] [吞吐率：5.37req/s] [内存消耗：1,422.44kb] [文件加载：44]
[ info ] [ LANG ] D:\phpStudy\WWW\tpblog\thinkphp\lang\zh-cn.php
[ info ] [ ROUTE ] array (
  'type' => 'module',
  'module' => 
  array (
    0 => 'admin',
    1 => 'home',
    2 => 'index',
  ),
  'convert' => false,
)
[ info ] [ HEADER ] array (
  'cookie' => 'Webstorm-8eca410e=04526ef6-adf0-4d93-bb13-46e3905d1068; pgv_pvi=7221936128; PHPSESSID=tha7ikelo0cluklmq176ec7sa2',
  'accept-language' => 'zh-CN,zh;q=0.9',
  'accept-encoding' => 'gzip, deflate, br',
  'referer' => 'http://localhost/tpblog/public/admin',
  'sec-fetch-mode' => 'navigate',
  'sec-fetch-site' => 'same-origin',
  'accept' => 'text/html,application/xhtml+xml,application/xml;q=0.9,image/webp,image/apng,*/*;q=0.8,application/signed-exchange;v=b3',
  'sec-fetch-user' => '?1',
  'user-agent' => 'Mozilla/5.0 (Windows NT 10.0; WOW64) AppleWebKit/537.36 (KHTML, like Gecko) Chrome/78.0.3904.87 Safari/537.36',
  'upgrade-insecure-requests' => '1',
  'connection' => 'close',
  'host' => 'localhost',
)
[ info ] [ PARAM ] array (
)
[ info ] [ SESSION ] INIT array (
  'id' => '',
  'var_session_id' => '',
  'prefix' => 'think',
  'type' => '',
  'auto_start' => true,
)
[ info ] [ RUN ] app\admin\controller\Home->index[ D:\phpStudy\WWW\tpblog\application\admin\controller\Home.php ]
[ info ] [ VIEW ] D:\phpStudy\WWW\tpblog\public/../application/admin\view\home\index.html [ array (
) ]
[ info ] [ LOG ] INIT File
---------------------------------------------------------------
[ 2020-04-14T10:37:41+08:00 ] 0.0.0.0 POST localhost/tpblog/public/index/register.html
[运行时间：0.052451s] [吞吐率：19.07req/s] [内存消耗：2,270.62kb] [文件加载：51]
[ info ] [ LANG ] D:\phpStudy\WWW\tpblog\thinkphp\lang\zh-cn.php
[ info ] [ ROUTE ] array (
  'type' => 'module',
  'module' => 
  array (
    0 => 'index',
    1 => 'index',
    2 => 'register',
  ),
  'convert' => false,
)
[ info ] [ HEADER ] array (
  'cookie' => 'Webstorm-8eca410e=04526ef6-adf0-4d93-bb13-46e3905d1068; pgv_pvi=7221936128; PHPSESSID=tha7ikelo0cluklmq176ec7sa2',
  'accept-language' => 'zh-CN,zh;q=0.9',
  'accept-encoding' => 'gzip, deflate, br',
  'referer' => 'http://localhost/tpblog/public/index/register.html',
  'sec-fetch-mode' => 'cors',
  'sec-fetch-site' => 'same-origin',
  'content-type' => 'application/x-www-form-urlencoded; charset=UTF-8',
  'user-agent' => 'Mozilla/5.0 (Windows NT 10.0; WOW64) AppleWebKit/537.36 (KHTML, like Gecko) Chrome/78.0.3904.87 Safari/537.36',
  'x-requested-with' => 'XMLHttpRequest',
  'origin' => 'http://localhost',
  'accept' => 'application/json, text/javascript, */*; q=0.01',
  'content-length' => '97',
  'connection' => 'close',
  'host' => 'localhost',
)
[ info ] [ PARAM ] array (
  'keyword' => '',
  'username' => '123',
  'password' => '123',
  'conpass' => '123',
  'nickname' => '123',
  'email' => '2352282123@qq.com',
  'verify' => '4800',
)
[ info ] [ DB ] INIT mysql
[ info ] [ RUN ] app\index\controller\Index->register[ D:\phpStudy\WWW\tpblog\application\index\controller\Index.php ]
[ info ] [ LOG ] INIT File
---------------------------------------------------------------
[ 2020-04-14T10:38:17+08:00 ] 0.0.0.0 GET localhost/tpblog/public/index/register.html
[运行时间：0.061287s] [吞吐率：16.32req/s] [内存消耗：2,368.68kb] [文件加载：55]
[ info ] [ LANG ] D:\phpStudy\WWW\tpblog\thinkphp\lang\zh-cn.php
[ info ] [ ROUTE ] array (
  'type' => 'module',
  'module' => 
  array (
    0 => 'index',
    1 => 'index',
    2 => 'register',
  ),
  'convert' => false,
)
[ info ] [ HEADER ] array (
  'cookie' => 'Webstorm-8eca410e=04526ef6-adf0-4d93-bb13-46e3905d1068; pgv_pvi=7221936128; PHPSESSID=tha7ikelo0cluklmq176ec7sa2',
  'accept-language' => 'zh-CN,zh;q=0.9',
  'accept-encoding' => 'gzip, deflate, br',
  'referer' => 'http://localhost/tpblog/public/index/login.html',
  'sec-fetch-mode' => 'navigate',
  'sec-fetch-site' => 'same-origin',
  'accept' => 'text/html,application/xhtml+xml,application/xml;q=0.9,image/webp,image/apng,*/*;q=0.8,application/signed-exchange;v=b3',
  'sec-fetch-user' => '?1',
  'user-agent' => 'Mozilla/5.0 (Windows NT 10.0; WOW64) AppleWebKit/537.36 (KHTML, like Gecko) Chrome/78.0.3904.87 Safari/537.36',
  'upgrade-insecure-requests' => '1',
  'cache-control' => 'max-age=0',
  'connection' => 'close',
  'host' => 'localhost',
)
[ info ] [ PARAM ] array (
)
[ info ] [ DB ] INIT mysql
[ info ] [ RUN ] app\index\controller\Index->register[ D:\phpStudy\WWW\tpblog\application\index\controller\Index.php ]
[ info ] [ VIEW ] D:\phpStudy\WWW\tpblog\public/../application/index\view\index\register.html [ array (
  0 => 'cates',
  1 => 'webInfo',
  2 => 'topArticles',
) ]
[ info ] [ SESSION ] INIT array (
  'id' => '',
  'var_session_id' => '',
  'prefix' => 'think',
  'type' => '',
  'auto_start' => true,
)
[ info ] [ LOG ] INIT File
---------------------------------------------------------------
[ 2020-04-14T10:38:18+08:00 ] 0.0.0.0 GET localhost/tpblog/public/index/index/verify.html
[运行时间：0.062801s] [吞吐率：15.92req/s] [内存消耗：2,353.81kb] [文件加载：53]
[ info ] [ LANG ] D:\phpStudy\WWW\tpblog\thinkphp\lang\zh-cn.php
[ info ] [ ROUTE ] array (
  'type' => 'module',
  'module' => 
  array (
    0 => 'index',
    1 => 'index',
    2 => 'verify',
  ),
)
[ info ] [ HEADER ] array (
  'cookie' => 'Webstorm-8eca410e=04526ef6-adf0-4d93-bb13-46e3905d1068; pgv_pvi=7221936128; PHPSESSID=tha7ikelo0cluklmq176ec7sa2',
  'accept-language' => 'zh-CN,zh;q=0.9',
  'accept-encoding' => 'gzip, deflate, br',
  'referer' => 'http://localhost/tpblog/public/index/register.html',
  'sec-fetch-mode' => 'no-cors',
  'sec-fetch-site' => 'same-origin',
  'accept' => 'image/webp,image/apng,image/*,*/*;q=0.8',
  'user-agent' => 'Mozilla/5.0 (Windows NT 10.0; WOW64) AppleWebKit/537.36 (KHTML, like Gecko) Chrome/78.0.3904.87 Safari/537.36',
  'connection' => 'close',
  'host' => 'localhost',
)
[ info ] [ PARAM ] array (
)
[ info ] [ DB ] INIT mysql
[ info ] [ RUN ] app\index\controller\Index->verify[ D:\phpStudy\WWW\tpblog\application\index\controller\Index.php ]
[ info ] [ SESSION ] INIT array (
  'id' => '',
  'var_session_id' => '',
  'prefix' => 'think',
  'type' => '',
  'auto_start' => true,
)
[ info ] [ LOG ] INIT File
---------------------------------------------------------------
[ 2020-04-14T10:38:27+08:00 ] 0.0.0.0 POST localhost/tpblog/public/index/register.html
[运行时间：0.041379s] [吞吐率：24.17req/s] [内存消耗：2,270.60kb] [文件加载：51]
[ info ] [ LANG ] D:\phpStudy\WWW\tpblog\thinkphp\lang\zh-cn.php
[ info ] [ ROUTE ] array (
  'type' => 'module',
  'module' => 
  array (
    0 => 'index',
    1 => 'index',
    2 => 'register',
  ),
  'convert' => false,
)
[ info ] [ HEADER ] array (
  'cookie' => 'Webstorm-8eca410e=04526ef6-adf0-4d93-bb13-46e3905d1068; pgv_pvi=7221936128; PHPSESSID=tha7ikelo0cluklmq176ec7sa2',
  'accept-language' => 'zh-CN,zh;q=0.9',
  'accept-encoding' => 'gzip, deflate, br',
  'referer' => 'http://localhost/tpblog/public/index/register.html',
  'sec-fetch-mode' => 'cors',
  'sec-fetch-site' => 'same-origin',
  'content-type' => 'application/x-www-form-urlencoded; charset=UTF-8',
  'user-agent' => 'Mozilla/5.0 (Windows NT 10.0; WOW64) AppleWebKit/537.36 (KHTML, like Gecko) Chrome/78.0.3904.87 Safari/537.36',
  'x-requested-with' => 'XMLHttpRequest',
  'origin' => 'http://localhost',
  'accept' => 'application/json, text/javascript, */*; q=0.01',
  'content-length' => '89',
  'connection' => 'close',
  'host' => 'localhost',
)
[ info ] [ PARAM ] array (
  'keyword' => '',
  'username' => '1',
  'password' => '1',
  'conpass' => '1',
  'nickname' => '1',
  'email' => '2352282123@qq.com',
  'verify' => '6458',
)
[ info ] [ DB ] INIT mysql
[ info ] [ RUN ] app\index\controller\Index->register[ D:\phpStudy\WWW\tpblog\application\index\controller\Index.php ]
[ info ] [ LOG ] INIT File
---------------------------------------------------------------
[ 2020-04-14T10:39:21+08:00 ] 0.0.0.0 POST localhost/tpblog/public/index/register.html
[运行时间：0.040990s] [吞吐率：24.40req/s] [内存消耗：2,270.60kb] [文件加载：51]
[ info ] [ LANG ] D:\phpStudy\WWW\tpblog\thinkphp\lang\zh-cn.php
[ info ] [ ROUTE ] array (
  'type' => 'module',
  'module' => 
  array (
    0 => 'index',
    1 => 'index',
    2 => 'register',
  ),
  'convert' => false,
)
[ info ] [ HEADER ] array (
  'cookie' => 'Webstorm-8eca410e=04526ef6-adf0-4d93-bb13-46e3905d1068; pgv_pvi=7221936128; PHPSESSID=tha7ikelo0cluklmq176ec7sa2',
  'accept-language' => 'zh-CN,zh;q=0.9',
  'accept-encoding' => 'gzip, deflate, br',
  'referer' => 'http://localhost/tpblog/public/index/register.html',
  'sec-fetch-mode' => 'cors',
  'sec-fetch-site' => 'same-origin',
  'content-type' => 'application/x-www-form-urlencoded; charset=UTF-8',
  'user-agent' => 'Mozilla/5.0 (Windows NT 10.0; WOW64) AppleWebKit/537.36 (KHTML, like Gecko) Chrome/78.0.3904.87 Safari/537.36',
  'x-requested-with' => 'XMLHttpRequest',
  'origin' => 'http://localhost',
  'accept' => 'application/json, text/javascript, */*; q=0.01',
  'content-length' => '89',
  'connection' => 'close',
  'host' => 'localhost',
)
[ info ] [ PARAM ] array (
  'keyword' => '',
  'username' => '1',
  'password' => '1',
  'conpass' => '1',
  'nickname' => '1',
  'email' => '2352282123@qq.com',
  'verify' => '6458',
)
[ info ] [ DB ] INIT mysql
[ info ] [ RUN ] app\index\controller\Index->register[ D:\phpStudy\WWW\tpblog\application\index\controller\Index.php ]
[ info ] [ LOG ] INIT File
---------------------------------------------------------------
[ 2020-04-14T10:49:29+08:00 ] 0.0.0.0 POST localhost/tpblog/public/index/register.html
[运行时间：0.068027s] [吞吐率：14.70req/s] [内存消耗：2,366.37kb] [文件加载：57]
[ info ] [ LANG ] D:\phpStudy\WWW\tpblog\thinkphp\lang\zh-cn.php
[ info ] [ ROUTE ] array (
  'type' => 'module',
  'module' => 
  array (
    0 => 'index',
    1 => 'index',
    2 => 'register',
  ),
  'convert' => false,
)
[ info ] [ HEADER ] array (
  'cookie' => 'Webstorm-8eca410e=04526ef6-adf0-4d93-bb13-46e3905d1068; pgv_pvi=7221936128; PHPSESSID=tha7ikelo0cluklmq176ec7sa2',
  'accept-language' => 'zh-CN,zh;q=0.9',
  'accept-encoding' => 'gzip, deflate, br',
  'referer' => 'http://localhost/tpblog/public/index/register.html',
  'sec-fetch-mode' => 'cors',
  'sec-fetch-site' => 'same-origin',
  'content-type' => 'application/x-www-form-urlencoded; charset=UTF-8',
  'user-agent' => 'Mozilla/5.0 (Windows NT 10.0; WOW64) AppleWebKit/537.36 (KHTML, like Gecko) Chrome/78.0.3904.87 Safari/537.36',
  'x-requested-with' => 'XMLHttpRequest',
  'origin' => 'http://localhost',
  'accept' => 'application/json, text/javascript, */*; q=0.01',
  'content-length' => '89',
  'connection' => 'close',
  'host' => 'localhost',
)
[ info ] [ PARAM ] array (
  'keyword' => '',
  'username' => '1',
  'password' => '1',
  'conpass' => '1',
  'nickname' => '1',
  'email' => '2352282123@qq.com',
  'verify' => '6458',
)
[ info ] [ DB ] INIT mysql
[ info ] [ RUN ] app\index\controller\Index->register[ D:\phpStudy\WWW\tpblog\application\index\controller\Index.php ]
[ info ] [ LOG ] INIT File
[ error ] [8]未定义数组索引: 2352282123@qq.com[D:\phpStudy\WWW\tpblog\application\index\controller\Index.php:57]
---------------------------------------------------------------
[ 2020-04-14T10:50:05+08:00 ] 0.0.0.0 POST localhost/tpblog/public/index/register.html
[运行时间：0.043614s] [吞吐率：22.93req/s] [内存消耗：2,270.63kb] [文件加载：51]
[ info ] [ LANG ] D:\phpStudy\WWW\tpblog\thinkphp\lang\zh-cn.php
[ info ] [ ROUTE ] array (
  'type' => 'module',
  'module' => 
  array (
    0 => 'index',
    1 => 'index',
    2 => 'register',
  ),
  'convert' => false,
)
[ info ] [ HEADER ] array (
  'cookie' => 'Webstorm-8eca410e=04526ef6-adf0-4d93-bb13-46e3905d1068; pgv_pvi=7221936128; PHPSESSID=tha7ikelo0cluklmq176ec7sa2',
  'accept-language' => 'zh-CN,zh;q=0.9',
  'accept-encoding' => 'gzip, deflate, br',
  'referer' => 'http://localhost/tpblog/public/index/register.html',
  'sec-fetch-mode' => 'cors',
  'sec-fetch-site' => 'same-origin',
  'content-type' => 'application/x-www-form-urlencoded; charset=UTF-8',
  'user-agent' => 'Mozilla/5.0 (Windows NT 10.0; WOW64) AppleWebKit/537.36 (KHTML, like Gecko) Chrome/78.0.3904.87 Safari/537.36',
  'x-requested-with' => 'XMLHttpRequest',
  'origin' => 'http://localhost',
  'accept' => 'application/json, text/javascript, */*; q=0.01',
  'content-length' => '89',
  'connection' => 'close',
  'host' => 'localhost',
)
[ info ] [ PARAM ] array (
  'keyword' => '',
  'username' => '1',
  'password' => '1',
  'conpass' => '1',
  'nickname' => '1',
  'email' => '2352282123@qq.com',
  'verify' => '6458',
)
[ info ] [ DB ] INIT mysql
[ info ] [ RUN ] app\index\controller\Index->register[ D:\phpStudy\WWW\tpblog\application\index\controller\Index.php ]
[ info ] [ LOG ] INIT File
---------------------------------------------------------------
[ 2020-04-14T10:53:31+08:00 ] 0.0.0.0 POST localhost/tpblog/public/index/register.html
[运行时间：0.056855s] [吞吐率：17.59req/s] [内存消耗：2,271.58kb] [文件加载：51]
[ info ] [ LANG ] D:\phpStudy\WWW\tpblog\thinkphp\lang\zh-cn.php
[ info ] [ ROUTE ] array (
  'type' => 'module',
  'module' => 
  array (
    0 => 'index',
    1 => 'index',
    2 => 'register',
  ),
  'convert' => false,
)
[ info ] [ HEADER ] array (
  'cookie' => 'Webstorm-8eca410e=04526ef6-adf0-4d93-bb13-46e3905d1068; pgv_pvi=7221936128; PHPSESSID=tha7ikelo0cluklmq176ec7sa2',
  'accept-language' => 'zh-CN,zh;q=0.9',
  'accept-encoding' => 'gzip, deflate, br',
  'referer' => 'http://localhost/tpblog/public/index/register.html',
  'sec-fetch-mode' => 'cors',
  'sec-fetch-site' => 'same-origin',
  'content-type' => 'application/x-www-form-urlencoded; charset=UTF-8',
  'user-agent' => 'Mozilla/5.0 (Windows NT 10.0; WOW64) AppleWebKit/537.36 (KHTML, like Gecko) Chrome/78.0.3904.87 Safari/537.36',
  'x-requested-with' => 'XMLHttpRequest',
  'origin' => 'http://localhost',
  'accept' => 'application/json, text/javascript, */*; q=0.01',
  'content-length' => '89',
  'connection' => 'close',
  'host' => 'localhost',
)
[ info ] [ PARAM ] array (
  'keyword' => '',
  'username' => '1',
  'password' => '1',
  'conpass' => '1',
  'nickname' => '1',
  'email' => '2352282123@qq.com',
  'verify' => '6458',
)
[ info ] [ DB ] INIT mysql
[ info ] [ RUN ] app\index\controller\Index->register[ D:\phpStudy\WWW\tpblog\application\index\controller\Index.php ]
[ info ] [ LOG ] INIT File
---------------------------------------------------------------
[ 2020-04-14T10:53:52+08:00 ] 0.0.0.0 POST localhost/tpblog/public/index/register.html
[运行时间：0.039171s] [吞吐率：25.53req/s] [内存消耗：2,271.58kb] [文件加载：51]
[ info ] [ LANG ] D:\phpStudy\WWW\tpblog\thinkphp\lang\zh-cn.php
[ info ] [ ROUTE ] array (
  'type' => 'module',
  'module' => 
  array (
    0 => 'index',
    1 => 'index',
    2 => 'register',
  ),
  'convert' => false,
)
[ info ] [ HEADER ] array (
  'cookie' => 'Webstorm-8eca410e=04526ef6-adf0-4d93-bb13-46e3905d1068; pgv_pvi=7221936128; PHPSESSID=tha7ikelo0cluklmq176ec7sa2',
  'accept-language' => 'zh-CN,zh;q=0.9',
  'accept-encoding' => 'gzip, deflate, br',
  'referer' => 'http://localhost/tpblog/public/index/register.html',
  'sec-fetch-mode' => 'cors',
  'sec-fetch-site' => 'same-origin',
  'content-type' => 'application/x-www-form-urlencoded; charset=UTF-8',
  'user-agent' => 'Mozilla/5.0 (Windows NT 10.0; WOW64) AppleWebKit/537.36 (KHTML, like Gecko) Chrome/78.0.3904.87 Safari/537.36',
  'x-requested-with' => 'XMLHttpRequest',
  'origin' => 'http://localhost',
  'accept' => 'application/json, text/javascript, */*; q=0.01',
  'content-length' => '89',
  'connection' => 'close',
  'host' => 'localhost',
)
[ info ] [ PARAM ] array (
  'keyword' => '',
  'username' => '1',
  'password' => '1',
  'conpass' => '1',
  'nickname' => '1',
  'email' => '2352282123@qq.com',
  'verify' => '6458',
)
[ info ] [ DB ] INIT mysql
[ info ] [ RUN ] app\index\controller\Index->register[ D:\phpStudy\WWW\tpblog\application\index\controller\Index.php ]
[ info ] [ LOG ] INIT File
---------------------------------------------------------------
[ 2020-04-14T10:56:33+08:00 ] 0.0.0.0 POST localhost/tpblog/public/index/register.html
[运行时间：0.043887s] [吞吐率：22.79req/s] [内存消耗：2,271.59kb] [文件加载：51]
[ info ] [ LANG ] D:\phpStudy\WWW\tpblog\thinkphp\lang\zh-cn.php
[ info ] [ ROUTE ] array (
  'type' => 'module',
  'module' => 
  array (
    0 => 'index',
    1 => 'index',
    2 => 'register',
  ),
  'convert' => false,
)
[ info ] [ HEADER ] array (
  'cookie' => 'Webstorm-8eca410e=04526ef6-adf0-4d93-bb13-46e3905d1068; pgv_pvi=7221936128; PHPSESSID=tha7ikelo0cluklmq176ec7sa2',
  'accept-language' => 'zh-CN,zh;q=0.9',
  'accept-encoding' => 'gzip, deflate, br',
  'referer' => 'http://localhost/tpblog/public/index/register.html',
  'sec-fetch-mode' => 'cors',
  'sec-fetch-site' => 'same-origin',
  'content-type' => 'application/x-www-form-urlencoded; charset=UTF-8',
  'user-agent' => 'Mozilla/5.0 (Windows NT 10.0; WOW64) AppleWebKit/537.36 (KHTML, like Gecko) Chrome/78.0.3904.87 Safari/537.36',
  'x-requested-with' => 'XMLHttpRequest',
  'origin' => 'http://localhost',
  'accept' => 'application/json, text/javascript, */*; q=0.01',
  'content-length' => '89',
  'connection' => 'close',
  'host' => 'localhost',
)
[ info ] [ PARAM ] array (
  'keyword' => '',
  'username' => '1',
  'password' => '1',
  'conpass' => '1',
  'nickname' => '1',
  'email' => '2352282123@qq.com',
  'verify' => '6458',
)
[ info ] [ DB ] INIT mysql
[ info ] [ RUN ] app\index\controller\Index->register[ D:\phpStudy\WWW\tpblog\application\index\controller\Index.php ]
[ info ] [ LOG ] INIT File
---------------------------------------------------------------
[ 2020-04-14T11:01:09+08:00 ] 0.0.0.0 POST localhost/tpblog/public/index/register.html
[运行时间：0.033508s] [吞吐率：29.84req/s] [内存消耗：1,184.30kb] [文件加载：36]
[ info ] [ LANG ] D:\phpStudy\WWW\tpblog\thinkphp\lang\zh-cn.php
[ info ] [ ROUTE ] array (
  'type' => 'module',
  'module' => 
  array (
    0 => 'index',
    1 => 'index',
    2 => 'register',
  ),
  'convert' => false,
)
[ info ] [ HEADER ] array (
  'cookie' => 'Webstorm-8eca410e=04526ef6-adf0-4d93-bb13-46e3905d1068; pgv_pvi=7221936128; PHPSESSID=tha7ikelo0cluklmq176ec7sa2',
  'accept-language' => 'zh-CN,zh;q=0.9',
  'accept-encoding' => 'gzip, deflate, br',
  'referer' => 'http://localhost/tpblog/public/index/register.html',
  'sec-fetch-mode' => 'cors',
  'sec-fetch-site' => 'same-origin',
  'content-type' => 'application/x-www-form-urlencoded; charset=UTF-8',
  'user-agent' => 'Mozilla/5.0 (Windows NT 10.0; WOW64) AppleWebKit/537.36 (KHTML, like Gecko) Chrome/78.0.3904.87 Safari/537.36',
  'x-requested-with' => 'XMLHttpRequest',
  'origin' => 'http://localhost',
  'accept' => 'application/json, text/javascript, */*; q=0.01',
  'content-length' => '89',
  'connection' => 'close',
  'host' => 'localhost',
)
[ info ] [ PARAM ] array (
  'keyword' => '',
  'username' => '1',
  'password' => '1',
  'conpass' => '1',
  'nickname' => '1',
  'email' => '2352282123@qq.com',
  'verify' => '6458',
)
[ info ] [ LOG ] INIT File
[ error ] [0]语法解析错误: syntax error, unexpected ';', expecting ',' or ')'[D:\phpStudy\WWW\tpblog\application\index\controller\Index.php:58]
---------------------------------------------------------------
[ 2020-04-14T11:01:21+08:00 ] 0.0.0.0 POST localhost/tpblog/public/index/register.html
[运行时间：0.018876s] [吞吐率：52.98req/s] [内存消耗：1,184.30kb] [文件加载：36]
[ info ] [ LANG ] D:\phpStudy\WWW\tpblog\thinkphp\lang\zh-cn.php
[ info ] [ ROUTE ] array (
  'type' => 'module',
  'module' => 
  array (
    0 => 'index',
    1 => 'index',
    2 => 'register',
  ),
  'convert' => false,
)
[ info ] [ HEADER ] array (
  'cookie' => 'Webstorm-8eca410e=04526ef6-adf0-4d93-bb13-46e3905d1068; pgv_pvi=7221936128; PHPSESSID=tha7ikelo0cluklmq176ec7sa2',
  'accept-language' => 'zh-CN,zh;q=0.9',
  'accept-encoding' => 'gzip, deflate, br',
  'referer' => 'http://localhost/tpblog/public/index/register.html',
  'sec-fetch-mode' => 'cors',
  'sec-fetch-site' => 'same-origin',
  'content-type' => 'application/x-www-form-urlencoded; charset=UTF-8',
  'user-agent' => 'Mozilla/5.0 (Windows NT 10.0; WOW64) AppleWebKit/537.36 (KHTML, like Gecko) Chrome/78.0.3904.87 Safari/537.36',
  'x-requested-with' => 'XMLHttpRequest',
  'origin' => 'http://localhost',
  'accept' => 'application/json, text/javascript, */*; q=0.01',
  'content-length' => '89',
  'connection' => 'close',
  'host' => 'localhost',
)
[ info ] [ PARAM ] array (
  'keyword' => '',
  'username' => '1',
  'password' => '1',
  'conpass' => '1',
  'nickname' => '1',
  'email' => '2352282123@qq.com',
  'verify' => '6458',
)
[ info ] [ LOG ] INIT File
[ error ] [0]语法解析错误: syntax error, unexpected ';', expecting ',' or ')'[D:\phpStudy\WWW\tpblog\application\index\controller\Index.php:58]
---------------------------------------------------------------
[ 2020-04-14T11:01:48+08:00 ] 0.0.0.0 POST localhost/tpblog/public/index/register.html
[运行时间：0.052070s] [吞吐率：19.20req/s] [内存消耗：2,271.59kb] [文件加载：51]
[ info ] [ LANG ] D:\phpStudy\WWW\tpblog\thinkphp\lang\zh-cn.php
[ info ] [ ROUTE ] array (
  'type' => 'module',
  'module' => 
  array (
    0 => 'index',
    1 => 'index',
    2 => 'register',
  ),
  'convert' => false,
)
[ info ] [ HEADER ] array (
  'cookie' => 'Webstorm-8eca410e=04526ef6-adf0-4d93-bb13-46e3905d1068; pgv_pvi=7221936128; PHPSESSID=tha7ikelo0cluklmq176ec7sa2',
  'accept-language' => 'zh-CN,zh;q=0.9',
  'accept-encoding' => 'gzip, deflate, br',
  'referer' => 'http://localhost/tpblog/public/index/register.html',
  'sec-fetch-mode' => 'cors',
  'sec-fetch-site' => 'same-origin',
  'content-type' => 'application/x-www-form-urlencoded; charset=UTF-8',
  'user-agent' => 'Mozilla/5.0 (Windows NT 10.0; WOW64) AppleWebKit/537.36 (KHTML, like Gecko) Chrome/78.0.3904.87 Safari/537.36',
  'x-requested-with' => 'XMLHttpRequest',
  'origin' => 'http://localhost',
  'accept' => 'application/json, text/javascript, */*; q=0.01',
  'content-length' => '89',
  'connection' => 'close',
  'host' => 'localhost',
)
[ info ] [ PARAM ] array (
  'keyword' => '',
  'username' => '1',
  'password' => '1',
  'conpass' => '1',
  'nickname' => '1',
  'email' => '2352282123@qq.com',
  'verify' => '6458',
)
[ info ] [ DB ] INIT mysql
[ info ] [ RUN ] app\index\controller\Index->register[ D:\phpStudy\WWW\tpblog\application\index\controller\Index.php ]
[ info ] [ LOG ] INIT File
---------------------------------------------------------------
[ 2020-04-14T11:02:12+08:00 ] 0.0.0.0 POST localhost/tpblog/public/index/register.html
[运行时间：0.045947s] [吞吐率：21.76req/s] [内存消耗：2,366.95kb] [文件加载：57]
[ info ] [ LANG ] D:\phpStudy\WWW\tpblog\thinkphp\lang\zh-cn.php
[ info ] [ ROUTE ] array (
  'type' => 'module',
  'module' => 
  array (
    0 => 'index',
    1 => 'index',
    2 => 'register',
  ),
  'convert' => false,
)
[ info ] [ HEADER ] array (
  'cookie' => 'Webstorm-8eca410e=04526ef6-adf0-4d93-bb13-46e3905d1068; pgv_pvi=7221936128; PHPSESSID=tha7ikelo0cluklmq176ec7sa2',
  'accept-language' => 'zh-CN,zh;q=0.9',
  'accept-encoding' => 'gzip, deflate, br',
  'referer' => 'http://localhost/tpblog/public/index/register.html',
  'sec-fetch-mode' => 'cors',
  'sec-fetch-site' => 'same-origin',
  'content-type' => 'application/x-www-form-urlencoded; charset=UTF-8',
  'user-agent' => 'Mozilla/5.0 (Windows NT 10.0; WOW64) AppleWebKit/537.36 (KHTML, like Gecko) Chrome/78.0.3904.87 Safari/537.36',
  'x-requested-with' => 'XMLHttpRequest',
  'origin' => 'http://localhost',
  'accept' => 'application/json, text/javascript, */*; q=0.01',
  'content-length' => '89',
  'connection' => 'close',
  'host' => 'localhost',
)
[ info ] [ PARAM ] array (
  'keyword' => '',
  'username' => '1',
  'password' => '1',
  'conpass' => '1',
  'nickname' => '1',
  'email' => '2352282123@qq.com',
  'verify' => '6458',
)
[ info ] [ DB ] INIT mysql
[ info ] [ RUN ] app\index\controller\Index->register[ D:\phpStudy\WWW\tpblog\application\index\controller\Index.php ]
[ info ] [ LOG ] INIT File
[ error ] [8]Array to string conversion[D:\phpStudy\WWW\tpblog\application\index\controller\Index.php:58]
---------------------------------------------------------------
[ 2020-04-14T11:02:24+08:00 ] 0.0.0.0 POST localhost/tpblog/public/index/register.html
[运行时间：0.057723s] [吞吐率：17.32req/s] [内存消耗：2,271.59kb] [文件加载：51]
[ info ] [ LANG ] D:\phpStudy\WWW\tpblog\thinkphp\lang\zh-cn.php
[ info ] [ ROUTE ] array (
  'type' => 'module',
  'module' => 
  array (
    0 => 'index',
    1 => 'index',
    2 => 'register',
  ),
  'convert' => false,
)
[ info ] [ HEADER ] array (
  'cookie' => 'Webstorm-8eca410e=04526ef6-adf0-4d93-bb13-46e3905d1068; pgv_pvi=7221936128; PHPSESSID=tha7ikelo0cluklmq176ec7sa2',
  'accept-language' => 'zh-CN,zh;q=0.9',
  'accept-encoding' => 'gzip, deflate, br',
  'referer' => 'http://localhost/tpblog/public/index/register.html',
  'sec-fetch-mode' => 'cors',
  'sec-fetch-site' => 'same-origin',
  'content-type' => 'application/x-www-form-urlencoded; charset=UTF-8',
  'user-agent' => 'Mozilla/5.0 (Windows NT 10.0; WOW64) AppleWebKit/537.36 (KHTML, like Gecko) Chrome/78.0.3904.87 Safari/537.36',
  'x-requested-with' => 'XMLHttpRequest',
  'origin' => 'http://localhost',
  'accept' => 'application/json, text/javascript, */*; q=0.01',
  'content-length' => '89',
  'connection' => 'close',
  'host' => 'localhost',
)
[ info ] [ PARAM ] array (
  'keyword' => '',
  'username' => '1',
  'password' => '1',
  'conpass' => '1',
  'nickname' => '1',
  'email' => '2352282123@qq.com',
  'verify' => '6458',
)
[ info ] [ DB ] INIT mysql
[ info ] [ RUN ] app\index\controller\Index->register[ D:\phpStudy\WWW\tpblog\application\index\controller\Index.php ]
[ info ] [ LOG ] INIT File
---------------------------------------------------------------
[ 2020-04-14T11:02:31+08:00 ] 0.0.0.0 POST localhost/tpblog/public/index/register.html
[运行时间：0.045335s] [吞吐率：22.06req/s] [内存消耗：2,271.59kb] [文件加载：51]
[ info ] [ LANG ] D:\phpStudy\WWW\tpblog\thinkphp\lang\zh-cn.php
[ info ] [ ROUTE ] array (
  'type' => 'module',
  'module' => 
  array (
    0 => 'index',
    1 => 'index',
    2 => 'register',
  ),
  'convert' => false,
)
[ info ] [ HEADER ] array (
  'cookie' => 'Webstorm-8eca410e=04526ef6-adf0-4d93-bb13-46e3905d1068; pgv_pvi=7221936128; PHPSESSID=tha7ikelo0cluklmq176ec7sa2',
  'accept-language' => 'zh-CN,zh;q=0.9',
  'accept-encoding' => 'gzip, deflate, br',
  'referer' => 'http://localhost/tpblog/public/index/register.html',
  'sec-fetch-mode' => 'cors',
  'sec-fetch-site' => 'same-origin',
  'content-type' => 'application/x-www-form-urlencoded; charset=UTF-8',
  'user-agent' => 'Mozilla/5.0 (Windows NT 10.0; WOW64) AppleWebKit/537.36 (KHTML, like Gecko) Chrome/78.0.3904.87 Safari/537.36',
  'x-requested-with' => 'XMLHttpRequest',
  'origin' => 'http://localhost',
  'accept' => 'application/json, text/javascript, */*; q=0.01',
  'content-length' => '89',
  'connection' => 'close',
  'host' => 'localhost',
)
[ info ] [ PARAM ] array (
  'keyword' => '',
  'username' => '1',
  'password' => '1',
  'conpass' => '1',
  'nickname' => '1',
  'email' => '2352282123@qq.com',
  'verify' => '6458',
)
[ info ] [ DB ] INIT mysql
[ info ] [ RUN ] app\index\controller\Index->register[ D:\phpStudy\WWW\tpblog\application\index\controller\Index.php ]
[ info ] [ LOG ] INIT File
---------------------------------------------------------------
[ 2020-04-14T11:02:45+08:00 ] 0.0.0.0 POST localhost/tpblog/public/index/register.html
[运行时间：0.051518s] [吞吐率：19.41req/s] [内存消耗：2,271.59kb] [文件加载：51]
[ info ] [ LANG ] D:\phpStudy\WWW\tpblog\thinkphp\lang\zh-cn.php
[ info ] [ ROUTE ] array (
  'type' => 'module',
  'module' => 
  array (
    0 => 'index',
    1 => 'index',
    2 => 'register',
  ),
  'convert' => false,
)
[ info ] [ HEADER ] array (
  'cookie' => 'Webstorm-8eca410e=04526ef6-adf0-4d93-bb13-46e3905d1068; pgv_pvi=7221936128; PHPSESSID=tha7ikelo0cluklmq176ec7sa2',
  'accept-language' => 'zh-CN,zh;q=0.9',
  'accept-encoding' => 'gzip, deflate, br',
  'referer' => 'http://localhost/tpblog/public/index/register.html',
  'sec-fetch-mode' => 'cors',
  'sec-fetch-site' => 'same-origin',
  'content-type' => 'application/x-www-form-urlencoded; charset=UTF-8',
  'user-agent' => 'Mozilla/5.0 (Windows NT 10.0; WOW64) AppleWebKit/537.36 (KHTML, like Gecko) Chrome/78.0.3904.87 Safari/537.36',
  'x-requested-with' => 'XMLHttpRequest',
  'origin' => 'http://localhost',
  'accept' => 'application/json, text/javascript, */*; q=0.01',
  'content-length' => '89',
  'connection' => 'close',
  'host' => 'localhost',
)
[ info ] [ PARAM ] array (
  'keyword' => '',
  'username' => '1',
  'password' => '1',
  'conpass' => '1',
  'nickname' => '1',
  'email' => '2352282123@qq.com',
  'verify' => '6458',
)
[ info ] [ DB ] INIT mysql
[ info ] [ RUN ] app\index\controller\Index->register[ D:\phpStudy\WWW\tpblog\application\index\controller\Index.php ]
[ info ] [ LOG ] INIT File
---------------------------------------------------------------
[ 2020-04-14T11:02:49+08:00 ] 0.0.0.0 POST localhost/tpblog/public/index/register.html
[运行时间：0.045550s] [吞吐率：21.95req/s] [内存消耗：2,271.59kb] [文件加载：51]
[ info ] [ LANG ] D:\phpStudy\WWW\tpblog\thinkphp\lang\zh-cn.php
[ info ] [ ROUTE ] array (
  'type' => 'module',
  'module' => 
  array (
    0 => 'index',
    1 => 'index',
    2 => 'register',
  ),
  'convert' => false,
)
[ info ] [ HEADER ] array (
  'cookie' => 'Webstorm-8eca410e=04526ef6-adf0-4d93-bb13-46e3905d1068; pgv_pvi=7221936128; PHPSESSID=tha7ikelo0cluklmq176ec7sa2',
  'accept-language' => 'zh-CN,zh;q=0.9',
  'accept-encoding' => 'gzip, deflate, br',
  'referer' => 'http://localhost/tpblog/public/index/register.html',
  'sec-fetch-mode' => 'cors',
  'sec-fetch-site' => 'same-origin',
  'content-type' => 'application/x-www-form-urlencoded; charset=UTF-8',
  'user-agent' => 'Mozilla/5.0 (Windows NT 10.0; WOW64) AppleWebKit/537.36 (KHTML, like Gecko) Chrome/78.0.3904.87 Safari/537.36',
  'x-requested-with' => 'XMLHttpRequest',
  'origin' => 'http://localhost',
  'accept' => 'application/json, text/javascript, */*; q=0.01',
  'content-length' => '89',
  'connection' => 'close',
  'host' => 'localhost',
)
[ info ] [ PARAM ] array (
  'keyword' => '',
  'username' => '1',
  'password' => '1',
  'conpass' => '1',
  'nickname' => '1',
  'email' => '2352282123@qq.com',
  'verify' => '6458',
)
[ info ] [ DB ] INIT mysql
[ info ] [ RUN ] app\index\controller\Index->register[ D:\phpStudy\WWW\tpblog\application\index\controller\Index.php ]
[ info ] [ LOG ] INIT File
---------------------------------------------------------------
[ 2020-04-14T11:03:48+08:00 ] 0.0.0.0 POST localhost/tpblog/public/index/register.html
[运行时间：0.050338s] [吞吐率：19.87req/s] [内存消耗：2,271.59kb] [文件加载：51]
[ info ] [ LANG ] D:\phpStudy\WWW\tpblog\thinkphp\lang\zh-cn.php
[ info ] [ ROUTE ] array (
  'type' => 'module',
  'module' => 
  array (
    0 => 'index',
    1 => 'index',
    2 => 'register',
  ),
  'convert' => false,
)
[ info ] [ HEADER ] array (
  'cookie' => 'Webstorm-8eca410e=04526ef6-adf0-4d93-bb13-46e3905d1068; pgv_pvi=7221936128; PHPSESSID=tha7ikelo0cluklmq176ec7sa2',
  'accept-language' => 'zh-CN,zh;q=0.9',
  'accept-encoding' => 'gzip, deflate, br',
  'referer' => 'http://localhost/tpblog/public/index/register.html',
  'sec-fetch-mode' => 'cors',
  'sec-fetch-site' => 'same-origin',
  'content-type' => 'application/x-www-form-urlencoded; charset=UTF-8',
  'user-agent' => 'Mozilla/5.0 (Windows NT 10.0; WOW64) AppleWebKit/537.36 (KHTML, like Gecko) Chrome/78.0.3904.87 Safari/537.36',
  'x-requested-with' => 'XMLHttpRequest',
  'origin' => 'http://localhost',
  'accept' => 'application/json, text/javascript, */*; q=0.01',
  'content-length' => '89',
  'connection' => 'close',
  'host' => 'localhost',
)
[ info ] [ PARAM ] array (
  'keyword' => '',
  'username' => '1',
  'password' => '1',
  'conpass' => '1',
  'nickname' => '1',
  'email' => '2352282123@qq.com',
  'verify' => '6458',
)
[ info ] [ DB ] INIT mysql
[ info ] [ RUN ] app\index\controller\Index->register[ D:\phpStudy\WWW\tpblog\application\index\controller\Index.php ]
[ info ] [ LOG ] INIT File
---------------------------------------------------------------
[ 2020-04-14T11:03:55+08:00 ] 0.0.0.0 POST localhost/tpblog/public/index/register.html
[运行时间：0.041875s] [吞吐率：23.88req/s] [内存消耗：2,271.59kb] [文件加载：51]
[ info ] [ LANG ] D:\phpStudy\WWW\tpblog\thinkphp\lang\zh-cn.php
[ info ] [ ROUTE ] array (
  'type' => 'module',
  'module' => 
  array (
    0 => 'index',
    1 => 'index',
    2 => 'register',
  ),
  'convert' => false,
)
[ info ] [ HEADER ] array (
  'cookie' => 'Webstorm-8eca410e=04526ef6-adf0-4d93-bb13-46e3905d1068; pgv_pvi=7221936128; PHPSESSID=tha7ikelo0cluklmq176ec7sa2',
  'accept-language' => 'zh-CN,zh;q=0.9',
  'accept-encoding' => 'gzip, deflate, br',
  'referer' => 'http://localhost/tpblog/public/index/register.html',
  'sec-fetch-mode' => 'cors',
  'sec-fetch-site' => 'same-origin',
  'content-type' => 'application/x-www-form-urlencoded; charset=UTF-8',
  'user-agent' => 'Mozilla/5.0 (Windows NT 10.0; WOW64) AppleWebKit/537.36 (KHTML, like Gecko) Chrome/78.0.3904.87 Safari/537.36',
  'x-requested-with' => 'XMLHttpRequest',
  'origin' => 'http://localhost',
  'accept' => 'application/json, text/javascript, */*; q=0.01',
  'content-length' => '89',
  'connection' => 'close',
  'host' => 'localhost',
)
[ info ] [ PARAM ] array (
  'keyword' => '',
  'username' => '1',
  'password' => '1',
  'conpass' => '1',
  'nickname' => '1',
  'email' => '2352282123@qq.com',
  'verify' => '6458',
)
[ info ] [ DB ] INIT mysql
[ info ] [ RUN ] app\index\controller\Index->register[ D:\phpStudy\WWW\tpblog\application\index\controller\Index.php ]
[ info ] [ LOG ] INIT File
---------------------------------------------------------------
[ 2020-04-14T11:08:07+08:00 ] 0.0.0.0 POST localhost/tpblog/public/index/register.html
[运行时间：0.048231s] [吞吐率：20.73req/s] [内存消耗：2,271.59kb] [文件加载：51]
[ info ] [ LANG ] D:\phpStudy\WWW\tpblog\thinkphp\lang\zh-cn.php
[ info ] [ ROUTE ] array (
  'type' => 'module',
  'module' => 
  array (
    0 => 'index',
    1 => 'index',
    2 => 'register',
  ),
  'convert' => false,
)
[ info ] [ HEADER ] array (
  'cookie' => 'Webstorm-8eca410e=04526ef6-adf0-4d93-bb13-46e3905d1068; pgv_pvi=7221936128; PHPSESSID=tha7ikelo0cluklmq176ec7sa2',
  'accept-language' => 'zh-CN,zh;q=0.9',
  'accept-encoding' => 'gzip, deflate, br',
  'referer' => 'http://localhost/tpblog/public/index/register.html',
  'sec-fetch-mode' => 'cors',
  'sec-fetch-site' => 'same-origin',
  'content-type' => 'application/x-www-form-urlencoded; charset=UTF-8',
  'user-agent' => 'Mozilla/5.0 (Windows NT 10.0; WOW64) AppleWebKit/537.36 (KHTML, like Gecko) Chrome/78.0.3904.87 Safari/537.36',
  'x-requested-with' => 'XMLHttpRequest',
  'origin' => 'http://localhost',
  'accept' => 'application/json, text/javascript, */*; q=0.01',
  'content-length' => '89',
  'connection' => 'close',
  'host' => 'localhost',
)
[ info ] [ PARAM ] array (
  'keyword' => '',
  'username' => '1',
  'password' => '1',
  'conpass' => '1',
  'nickname' => '1',
  'email' => '2352282123@qq.com',
  'verify' => '6458',
)
[ info ] [ DB ] INIT mysql
[ info ] [ RUN ] app\index\controller\Index->register[ D:\phpStudy\WWW\tpblog\application\index\controller\Index.php ]
[ info ] [ LOG ] INIT File
---------------------------------------------------------------
[ 2020-04-14T11:10:32+08:00 ] 0.0.0.0 POST localhost/tpblog/public/index/register.html
[运行时间：0.324268s] [吞吐率：3.08req/s] [内存消耗：2,345.30kb] [文件加载：56]
[ info ] [ LANG ] D:\phpStudy\WWW\tpblog\thinkphp\lang\zh-cn.php
[ info ] [ ROUTE ] array (
  'type' => 'module',
  'module' => 
  array (
    0 => 'index',
    1 => 'index',
    2 => 'register',
  ),
  'convert' => false,
)
[ info ] [ HEADER ] array (
  'cookie' => 'Webstorm-8eca410e=04526ef6-adf0-4d93-bb13-46e3905d1068; pgv_pvi=7221936128; PHPSESSID=tha7ikelo0cluklmq176ec7sa2',
  'accept-language' => 'zh-CN,zh;q=0.9',
  'accept-encoding' => 'gzip, deflate, br',
  'referer' => 'http://localhost/tpblog/public/index/register.html',
  'sec-fetch-mode' => 'cors',
  'sec-fetch-site' => 'same-origin',
  'content-type' => 'application/x-www-form-urlencoded; charset=UTF-8',
  'user-agent' => 'Mozilla/5.0 (Windows NT 10.0; WOW64) AppleWebKit/537.36 (KHTML, like Gecko) Chrome/78.0.3904.87 Safari/537.36',
  'x-requested-with' => 'XMLHttpRequest',
  'origin' => 'http://localhost',
  'accept' => 'application/json, text/javascript, */*; q=0.01',
  'content-length' => '89',
  'connection' => 'close',
  'host' => 'localhost',
)
[ info ] [ PARAM ] array (
  'keyword' => '',
  'username' => '1',
  'password' => '1',
  'conpass' => '1',
  'nickname' => '1',
  'email' => '2352282123@qq.com',
  'verify' => '6458',
)
[ info ] [ DB ] INIT mysql
[ info ] [ RUN ] app\index\controller\Index->register[ D:\phpStudy\WWW\tpblog\application\index\controller\Index.php ]
[ info ] [ LOG ] INIT File
[ error ] [2]file_get_contents(http://...@qq.com|1586833832): failed to open stream: HTTP request failed! HTTP/1.1 404 Not Found
[D:\phpStudy\WWW\tpblog\application\index\controller\Index.php:55]
---------------------------------------------------------------
[ 2020-04-14T11:18:03+08:00 ] 0.0.0.0 GET localhost/tpblog/public/index/login.html
[运行时间：0.050395s] [吞吐率：19.84req/s] [内存消耗：2,366.55kb] [文件加载：55]
[ info ] [ LANG ] D:\phpStudy\WWW\tpblog\thinkphp\lang\zh-cn.php
[ info ] [ ROUTE ] array (
  'type' => 'module',
  'module' => 
  array (
    0 => 'index',
    1 => 'index',
    2 => 'login',
  ),
  'convert' => false,
)
[ info ] [ HEADER ] array (
  'cookie' => 'Webstorm-8eca410e=04526ef6-adf0-4d93-bb13-46e3905d1068; pgv_pvi=7221936128; PHPSESSID=tha7ikelo0cluklmq176ec7sa2',
  'accept-language' => 'zh-CN,zh;q=0.9',
  'accept-encoding' => 'gzip, deflate, br',
  'referer' => 'http://localhost/tpblog/public/index/register.html',
  'sec-fetch-mode' => 'navigate',
  'sec-fetch-site' => 'same-origin',
  'accept' => 'text/html,application/xhtml+xml,application/xml;q=0.9,image/webp,image/apng,*/*;q=0.8,application/signed-exchange;v=b3',
  'sec-fetch-user' => '?1',
  'user-agent' => 'Mozilla/5.0 (Windows NT 10.0; WOW64) AppleWebKit/537.36 (KHTML, like Gecko) Chrome/78.0.3904.87 Safari/537.36',
  'upgrade-insecure-requests' => '1',
  'connection' => 'close',
  'host' => 'localhost',
)
[ info ] [ PARAM ] array (
)
[ info ] [ DB ] INIT mysql
[ info ] [ RUN ] app\index\controller\Index->login[ D:\phpStudy\WWW\tpblog\application\index\controller\Index.php ]
[ info ] [ VIEW ] D:\phpStudy\WWW\tpblog\public/../application/index\view\index\login.html [ array (
  0 => 'cates',
  1 => 'webInfo',
  2 => 'topArticles',
) ]
[ info ] [ SESSION ] INIT array (
  'id' => '',
  'var_session_id' => '',
  'prefix' => 'think',
  'type' => '',
  'auto_start' => true,
)
[ info ] [ LOG ] INIT File
---------------------------------------------------------------
[ 2020-04-14T11:18:03+08:00 ] 0.0.0.0 GET localhost/tpblog/public/index/index/verify.html
[运行时间：0.068073s] [吞吐率：14.69req/s] [内存消耗：2,352.46kb] [文件加载：53]
[ info ] [ LANG ] D:\phpStudy\WWW\tpblog\thinkphp\lang\zh-cn.php
[ info ] [ ROUTE ] array (
  'type' => 'module',
  'module' => 
  array (
    0 => 'index',
    1 => 'index',
    2 => 'verify',
  ),
)
[ info ] [ HEADER ] array (
  'cookie' => 'Webstorm-8eca410e=04526ef6-adf0-4d93-bb13-46e3905d1068; pgv_pvi=7221936128; PHPSESSID=tha7ikelo0cluklmq176ec7sa2',
  'accept-language' => 'zh-CN,zh;q=0.9',
  'accept-encoding' => 'gzip, deflate, br',
  'referer' => 'http://localhost/tpblog/public/index/login.html',
  'sec-fetch-mode' => 'no-cors',
  'sec-fetch-site' => 'same-origin',
  'accept' => 'image/webp,image/apng,image/*,*/*;q=0.8',
  'user-agent' => 'Mozilla/5.0 (Windows NT 10.0; WOW64) AppleWebKit/537.36 (KHTML, like Gecko) Chrome/78.0.3904.87 Safari/537.36',
  'connection' => 'close',
  'host' => 'localhost',
)
[ info ] [ PARAM ] array (
)
[ info ] [ DB ] INIT mysql
[ info ] [ RUN ] app\index\controller\Index->verify[ D:\phpStudy\WWW\tpblog\application\index\controller\Index.php ]
[ info ] [ SESSION ] INIT array (
  'id' => '',
  'var_session_id' => '',
  'prefix' => 'think',
  'type' => '',
  'auto_start' => true,
)
[ info ] [ LOG ] INIT File
---------------------------------------------------------------
[ 2020-04-14T11:18:30+08:00 ] 0.0.0.0 GET localhost/tpblog/public/index/register.html
[运行时间：0.045837s] [吞吐率：21.82req/s] [内存消耗：2,367.48kb] [文件加载：55]
[ info ] [ LANG ] D:\phpStudy\WWW\tpblog\thinkphp\lang\zh-cn.php
[ info ] [ ROUTE ] array (
  'type' => 'module',
  'module' => 
  array (
    0 => 'index',
    1 => 'index',
    2 => 'register',
  ),
  'convert' => false,
)
[ info ] [ HEADER ] array (
  'cookie' => 'Webstorm-8eca410e=04526ef6-adf0-4d93-bb13-46e3905d1068; pgv_pvi=7221936128; PHPSESSID=tha7ikelo0cluklmq176ec7sa2',
  'accept-language' => 'zh-CN,zh;q=0.9',
  'accept-encoding' => 'gzip, deflate, br',
  'referer' => 'http://localhost/tpblog/public/index/login.html',
  'sec-fetch-mode' => 'navigate',
  'sec-fetch-site' => 'same-origin',
  'accept' => 'text/html,application/xhtml+xml,application/xml;q=0.9,image/webp,image/apng,*/*;q=0.8,application/signed-exchange;v=b3',
  'sec-fetch-user' => '?1',
  'user-agent' => 'Mozilla/5.0 (Windows NT 10.0; WOW64) AppleWebKit/537.36 (KHTML, like Gecko) Chrome/78.0.3904.87 Safari/537.36',
  'upgrade-insecure-requests' => '1',
  'connection' => 'close',
  'host' => 'localhost',
)
[ info ] [ PARAM ] array (
)
[ info ] [ DB ] INIT mysql
[ info ] [ RUN ] app\index\controller\Index->register[ D:\phpStudy\WWW\tpblog\application\index\controller\Index.php ]
[ info ] [ VIEW ] D:\phpStudy\WWW\tpblog\public/../application/index\view\index\register.html [ array (
  0 => 'cates',
  1 => 'webInfo',
  2 => 'topArticles',
) ]
[ info ] [ SESSION ] INIT array (
  'id' => '',
  'var_session_id' => '',
  'prefix' => 'think',
  'type' => '',
  'auto_start' => true,
)
[ info ] [ LOG ] INIT File
---------------------------------------------------------------
[ 2020-04-14T11:18:30+08:00 ] 0.0.0.0 GET localhost/tpblog/public/index/index/verify.html
[运行时间：0.178981s] [吞吐率：5.59req/s] [内存消耗：2,352.49kb] [文件加载：53]
[ info ] [ LANG ] D:\phpStudy\WWW\tpblog\thinkphp\lang\zh-cn.php
[ info ] [ ROUTE ] array (
  'type' => 'module',
  'module' => 
  array (
    0 => 'index',
    1 => 'index',
    2 => 'verify',
  ),
)
[ info ] [ HEADER ] array (
  'cookie' => 'Webstorm-8eca410e=04526ef6-adf0-4d93-bb13-46e3905d1068; pgv_pvi=7221936128; PHPSESSID=tha7ikelo0cluklmq176ec7sa2',
  'accept-language' => 'zh-CN,zh;q=0.9',
  'accept-encoding' => 'gzip, deflate, br',
  'referer' => 'http://localhost/tpblog/public/index/register.html',
  'sec-fetch-mode' => 'no-cors',
  'sec-fetch-site' => 'same-origin',
  'accept' => 'image/webp,image/apng,image/*,*/*;q=0.8',
  'user-agent' => 'Mozilla/5.0 (Windows NT 10.0; WOW64) AppleWebKit/537.36 (KHTML, like Gecko) Chrome/78.0.3904.87 Safari/537.36',
  'connection' => 'close',
  'host' => 'localhost',
)
[ info ] [ PARAM ] array (
)
[ info ] [ DB ] INIT mysql
[ info ] [ RUN ] app\index\controller\Index->verify[ D:\phpStudy\WWW\tpblog\application\index\controller\Index.php ]
[ info ] [ SESSION ] INIT array (
  'id' => '',
  'var_session_id' => '',
  'prefix' => 'think',
  'type' => '',
  'auto_start' => true,
)
[ info ] [ LOG ] INIT File
---------------------------------------------------------------
[ 2020-04-14T11:18:50+08:00 ] 0.0.0.0 POST localhost/tpblog/public/index/register.html
[运行时间：7.262917s] [吞吐率：0.14req/s] [内存消耗：2,721.48kb] [文件加载：60]
[ info ] [ LANG ] D:\phpStudy\WWW\tpblog\thinkphp\lang\zh-cn.php
[ info ] [ ROUTE ] array (
  'type' => 'module',
  'module' => 
  array (
    0 => 'index',
    1 => 'index',
    2 => 'register',
  ),
  'convert' => false,
)
[ info ] [ HEADER ] array (
  'cookie' => 'Webstorm-8eca410e=04526ef6-adf0-4d93-bb13-46e3905d1068; pgv_pvi=7221936128; PHPSESSID=tha7ikelo0cluklmq176ec7sa2',
  'accept-language' => 'zh-CN,zh;q=0.9',
  'accept-encoding' => 'gzip, deflate, br',
  'referer' => 'http://localhost/tpblog/public/index/register.html',
  'sec-fetch-mode' => 'cors',
  'sec-fetch-site' => 'same-origin',
  'content-type' => 'application/x-www-form-urlencoded; charset=UTF-8',
  'user-agent' => 'Mozilla/5.0 (Windows NT 10.0; WOW64) AppleWebKit/537.36 (KHTML, like Gecko) Chrome/78.0.3904.87 Safari/537.36',
  'x-requested-with' => 'XMLHttpRequest',
  'origin' => 'http://localhost',
  'accept' => 'application/json, text/javascript, */*; q=0.01',
  'content-length' => '102',
  'connection' => 'close',
  'host' => 'localhost',
)
[ info ] [ PARAM ] array (
  'keyword' => '',
  'username' => 'changchun',
  'password' => '123',
  'conpass' => '123',
  'nickname' => '12',
  'email' => '2352282123@qq.com',
  'verify' => '0978',
)
[ info ] [ DB ] INIT mysql
[ info ] [ RUN ] app\index\controller\Index->register[ D:\phpStudy\WWW\tpblog\application\index\controller\Index.php ]
[ info ] [ SESSION ] INIT array (
  'id' => '',
  'var_session_id' => '',
  'prefix' => 'think',
  'type' => '',
  'auto_start' => true,
)
[ info ] [ LOG ] INIT File
---------------------------------------------------------------
[ 2020-04-14T11:18:53+08:00 ] 0.0.0.0 GET localhost/tpblog/public/index/login.html
[运行时间：0.050957s] [吞吐率：19.62req/s] [内存消耗：2,365.66kb] [文件加载：55]
[ info ] [ LANG ] D:\phpStudy\WWW\tpblog\thinkphp\lang\zh-cn.php
[ info ] [ ROUTE ] array (
  'type' => 'module',
  'module' => 
  array (
    0 => 'index',
    1 => 'index',
    2 => 'login',
  ),
  'convert' => false,
)
[ info ] [ HEADER ] array (
  'cookie' => 'Webstorm-8eca410e=04526ef6-adf0-4d93-bb13-46e3905d1068; pgv_pvi=7221936128; PHPSESSID=tha7ikelo0cluklmq176ec7sa2',
  'accept-language' => 'zh-CN,zh;q=0.9',
  'accept-encoding' => 'gzip, deflate, br',
  'referer' => 'http://localhost/tpblog/public/index/register.html',
  'sec-fetch-mode' => 'navigate',
  'sec-fetch-site' => 'same-origin',
  'accept' => 'text/html,application/xhtml+xml,application/xml;q=0.9,image/webp,image/apng,*/*;q=0.8,application/signed-exchange;v=b3',
  'user-agent' => 'Mozilla/5.0 (Windows NT 10.0; WOW64) AppleWebKit/537.36 (KHTML, like Gecko) Chrome/78.0.3904.87 Safari/537.36',
  'upgrade-insecure-requests' => '1',
  'connection' => 'close',
  'host' => 'localhost',
)
[ info ] [ PARAM ] array (
)
[ info ] [ DB ] INIT mysql
[ info ] [ RUN ] app\index\controller\Index->login[ D:\phpStudy\WWW\tpblog\application\index\controller\Index.php ]
[ info ] [ VIEW ] D:\phpStudy\WWW\tpblog\public/../application/index\view\index\login.html [ array (
  0 => 'cates',
  1 => 'webInfo',
  2 => 'topArticles',
) ]
[ info ] [ SESSION ] INIT array (
  'id' => '',
  'var_session_id' => '',
  'prefix' => 'think',
  'type' => '',
  'auto_start' => true,
)
[ info ] [ LOG ] INIT File
---------------------------------------------------------------
[ 2020-04-14T11:18:53+08:00 ] 0.0.0.0 GET localhost/tpblog/public/index/index/verify.html
[运行时间：0.062442s] [吞吐率：16.01req/s] [内存消耗：2,352.32kb] [文件加载：53]
[ info ] [ LANG ] D:\phpStudy\WWW\tpblog\thinkphp\lang\zh-cn.php
[ info ] [ ROUTE ] array (
  'type' => 'module',
  'module' => 
  array (
    0 => 'index',
    1 => 'index',
    2 => 'verify',
  ),
)
[ info ] [ HEADER ] array (
  'cookie' => 'Webstorm-8eca410e=04526ef6-adf0-4d93-bb13-46e3905d1068; pgv_pvi=7221936128; PHPSESSID=tha7ikelo0cluklmq176ec7sa2',
  'accept-language' => 'zh-CN,zh;q=0.9',
  'accept-encoding' => 'gzip, deflate, br',
  'referer' => 'http://localhost/tpblog/public/index/login.html',
  'sec-fetch-mode' => 'no-cors',
  'sec-fetch-site' => 'same-origin',
  'accept' => 'image/webp,image/apng,image/*,*/*;q=0.8',
  'user-agent' => 'Mozilla/5.0 (Windows NT 10.0; WOW64) AppleWebKit/537.36 (KHTML, like Gecko) Chrome/78.0.3904.87 Safari/537.36',
  'connection' => 'close',
  'host' => 'localhost',
)
[ info ] [ PARAM ] array (
)
[ info ] [ DB ] INIT mysql
[ info ] [ RUN ] app\index\controller\Index->verify[ D:\phpStudy\WWW\tpblog\application\index\controller\Index.php ]
[ info ] [ SESSION ] INIT array (
  'id' => '',
  'var_session_id' => '',
  'prefix' => 'think',
  'type' => '',
  'auto_start' => true,
)
[ info ] [ LOG ] INIT File
